#
# There is insufficient memory for the Java Runtime Environment to continue.
# Native memory allocation (malloc) failed to allocate 88080384 bytes for committing reserved memory.
# Possible reasons:
#   The system is out of physical RAM or swap space
#   In 32 bit mode, the process size limit was hit
# Possible solutions:
#   Reduce memory load on the system
#   Increase physical memory or swap space
#   Check if swap backing store is full
#   Use 64 bit Java on a 64 bit OS
#   Decrease Java heap size (-Xmx/-Xms)
#   Decrease number of Java threads
#   Decrease Java thread stack sizes (-Xss)
#   Set larger code cache with -XX:ReservedCodeCacheSize=
# This output file may be truncated or incomplete.
#
#  Out of Memory Error (os_linux.cpp:2798), pid=15362, tid=139869180139264
#
# JRE version: OpenJDK Runtime Environment (7.0_75-b13) (build 1.7.0_75-b13)
# Java VM: OpenJDK 64-Bit Server VM (24.75-b04 mixed mode linux-amd64 compressed oops)
# Derivative: IcedTea 2.5.4
# Distribution: Ubuntu 14.10, package 7u75-2.5.4-1~utopic1
# Failed to write core dump. Core dumps have been disabled. To enable core dumping, try "ulimit -c unlimited" before starting Java again
#

---------------  T H R E A D  ---------------

Current thread (0x00007f35e013e000):  VMThread [stack: 0x00007f35d4bc1000,0x00007f35d4cc2000] [id=15372]

Stack: [0x00007f35d4bc1000,0x00007f35d4cc2000],  sp=0x00007f35d4cc04a0,  free space=1021k
Native frames: (J=compiled Java code, j=interpreted, Vv=VM code, C=native code)
V  [libjvm.so+0x982856]  VMError::report_and_die()+0x186
V  [libjvm.so+0x48fc22]  report_vm_out_of_memory(char const*, int, unsigned long, char const*)+0x92
V  [libjvm.so+0x7f483b]  os::pd_commit_memory(char*, unsigned long, unsigned long, bool)+0xeb
V  [libjvm.so+0x7eef4e]  os::commit_memory(char*, unsigned long, unsigned long, bool)+0x2e
V  [libjvm.so+0x861d6b]  PSVirtualSpace::expand_by(unsigned long)+0x5b
V  [libjvm.so+0x862c23]  PSYoungGen::resize_generation(unsigned long, unsigned long)+0xd3
V  [libjvm.so+0x86333b]  PSYoungGen::resize(unsigned long, unsigned long)+0x1b
V  [libjvm.so+0x85ed39]  PSScavenge::invoke_no_policy()+0xdc9
V  [libjvm.so+0x85f518]  PSScavenge::invoke()+0x38
V  [libjvm.so+0x816e73]  ParallelScavengeHeap::failed_mem_allocate(unsigned long)+0x63
V  [libjvm.so+0x984122]  VM_ParallelGCFailedAllocation::doit()+0x92
V  [libjvm.so+0x9889a7]  VM_Operation::evaluate()+0x47
V  [libjvm.so+0x986f9b]  VMThread::evaluate_operation(VM_Operation*)+0xab
V  [libjvm.so+0x987646]  VMThread::loop()+0x1e6
V  [libjvm.so+0x987b11]  VMThread::run()+0x81
V  [libjvm.so+0x7f1522]  java_start(Thread*)+0xf2

VM_Operation (0x00007f35e759fcc0): ParallelGCFailedAllocation, mode: safepoint, requested by thread 0x00007f35e000b800


---------------  P R O C E S S  ---------------

Java Threads: ( => current thread )
  0x00007f35e01d4800 JavaThread "Service Thread" daemon [_thread_blocked, id=15378, stack(0x00007f35cf299000,0x00007f35cf39a000)]
  0x00007f35e01cb000 JavaThread "C2 CompilerThread1" daemon [_thread_blocked, id=15377, stack(0x00007f35cf39a000,0x00007f35cf49b000)]
  0x00007f35e01c9000 JavaThread "C2 CompilerThread0" daemon [_thread_blocked, id=15376, stack(0x00007f35d40db000,0x00007f35d41dc000)]
  0x00007f35e0172000 JavaThread "Signal Dispatcher" daemon [_thread_blocked, id=15375, stack(0x00007f35d41dc000,0x00007f35d42dd000)]
  0x00007f35e0144800 JavaThread "Finalizer" daemon [_thread_blocked, id=15374, stack(0x00007f35d49bf000,0x00007f35d4ac0000)]
  0x00007f35e0142800 JavaThread "Reference Handler" daemon [_thread_blocked, id=15373, stack(0x00007f35d4ac0000,0x00007f35d4bc1000)]
  0x00007f35e000b800 JavaThread "main" [_thread_blocked, id=15364, stack(0x00007f35e74a1000,0x00007f35e75a2000)]

Other Threads:
=>0x00007f35e013e000 VMThread [stack: 0x00007f35d4bc1000,0x00007f35d4cc2000] [id=15372]
  0x00007f35e01df000 WatcherThread [stack: 0x00007f35cf198000,0x00007f35cf299000] [id=15379]

VM state:at safepoint (normal execution)

VM Mutex/Monitor currently owned by a thread:  ([mutex/lock_event])
[0x00007f35e0007b80] Threads_lock - owner thread: 0x00007f35e013e000
[0x00007f35e0008080] Heap_lock - owner thread: 0x00007f35e000b800

Heap
 PSYoungGen      total 65536K, used 2034K [0x00000000eaa80000, 0x00000000eec80000, 0x0000000100000000)
  eden space 63488K, 0% used [0x00000000eaa80000,0x00000000eaa80000,0x00000000ee880000)
  from space 2048K, 99% used [0x00000000ee880000,0x00000000eea7c8f0,0x00000000eea80000)
  to   space 2048K, 0% used [0x00000000eea80000,0x00000000eea80000,0x00000000eec80000)
 ParOldGen       total 39424K, used 26038K [0x00000000c0000000, 0x00000000c2680000, 0x00000000eaa80000)
  object space 39424K, 66% used [0x00000000c0000000,0x00000000c196db60,0x00000000c2680000)
 PSPermGen       total 21504K, used 5943K [0x00000000b5a00000, 0x00000000b6f00000, 0x00000000c0000000)
  object space 21504K, 27% used [0x00000000b5a00000,0x00000000b5fcdca0,0x00000000b6f00000)

Card table byte_map: [0x00007f35dcba3000,0x00007f35dcdf7000] byte_map_base: 0x00007f35dc5f6000

Polling page: 0x00007f35e75c9000

Code Cache  [0x00007f35dcdf7000, 0x00007f35dd067000, 0x00007f35dfdf7000)
 total_blobs=797 nmethods=567 adapters=183 free_code_cache=46822Kb largest_free_block=47891392

Compilation events (10 events):
Event: 14,257 Thread 0x00007f35e01c9000 nmethod 573 0x00007f35dd02b210 code [0x00007f35dd02b3c0, 0x00007f35dd02b868]
Event: 14,257 Thread 0x00007f35e01c9000  577             com.android.dx.dex.code.RopTranslator$TranslationVisitor::visitThrowingCstInsn (225 bytes)
Event: 14,350 Thread 0x00007f35e01c9000 nmethod 577 0x00007f35dcf08750 code [0x00007f35dcf08960, 0x00007f35dcf090c0]
Event: 14,350 Thread 0x00007f35e01c9000  578             com.android.dx.ssa.back.FirstFitLocalCombiningAllocator$1::processInsn (169 bytes)
Event: 14,354 Thread 0x00007f35e01cb000 nmethod 576 0x00007f35dd046350 code [0x00007f35dd0465c0, 0x00007f35dd0470f0]
Event: 14,354 Thread 0x00007f35e01cb000  579             com.android.dx.rop.type.Prototype::getParameterTypes (5 bytes)
Event: 14,355 Thread 0x00007f35e01cb000 nmethod 579 0x00007f35dcf08550 code [0x00007f35dcf08680, 0x00007f35dcf086d8]
Event: 14,355 Thread 0x00007f35e01cb000  580 %           com.android.dx.dex.cf.CfTranslator::translate0 @ 141 (259 bytes)
Event: 14,520 Thread 0x00007f35e01c9000 nmethod 578 0x00007f35dd048490 code [0x00007f35dd048760, 0x00007f35dd049640]
Event: 14,520 Thread 0x00007f35e01c9000  581   !         com.android.dx.cf.code.Ropper::processBlock (1101 bytes)

GC Heap History (9 events):
Event: 3,016 GC heap before
{Heap before GC invocations=1 (full 0):
 PSYoungGen      total 17920K, used 15872K [0x00000000eaa80000, 0x00000000ebe00000, 0x0000000100000000)
  eden space 15872K, 100% used [0x00000000eaa80000,0x00000000eba00000,0x00000000eba00000)
  from space 2048K, 0% used [0x00000000ebc00000,0x00000000ebc00000,0x00000000ebe00000)
  to   space 2048K, 0% used [0x00000000eba00000,0x00000000eba00000,0x00000000ebc00000)
 ParOldGen       total 39424K, used 0K [0x00000000c0000000, 0x00000000c2680000, 0x00000000eaa80000)
  object space 39424K, 0% used [0x00000000c0000000,0x00000000c0000000,0x00000000c2680000)
 PSPermGen       total 21504K, used 5595K [0x00000000b5a00000, 0x00000000b6f00000, 0x00000000c0000000)
  object space 21504K, 26% used [0x00000000b5a00000,0x00000000b5f76f10,0x00000000b6f00000)
Event: 3,103 GC heap after
Heap after GC invocations=1 (full 0):
 PSYoungGen      total 17920K, used 2023K [0x00000000eaa80000, 0x00000000ecd80000, 0x0000000100000000)
  eden space 15872K, 0% used [0x00000000eaa80000,0x00000000eaa80000,0x00000000eba00000)
  from space 2048K, 98% used [0x00000000eba00000,0x00000000ebbf9c68,0x00000000ebc00000)
  to   space 2048K, 0% used [0x00000000ecb80000,0x00000000ecb80000,0x00000000ecd80000)
 ParOldGen       total 39424K, used 1786K [0x00000000c0000000, 0x00000000c2680000, 0x00000000eaa80000)
  object space 39424K, 4% used [0x00000000c0000000,0x00000000c01bead0,0x00000000c2680000)
 PSPermGen       total 21504K, used 5595K [0x00000000b5a00000, 0x00000000b6f00000, 0x00000000c0000000)
  object space 21504K, 26% used [0x00000000b5a00000,0x00000000b5f76f10,0x00000000b6f00000)
}
Event: 5,333 GC heap before
{Heap before GC invocations=2 (full 0):
 PSYoungGen      total 17920K, used 17895K [0x00000000eaa80000, 0x00000000ecd80000, 0x0000000100000000)
  eden space 15872K, 100% used [0x00000000eaa80000,0x00000000eba00000,0x00000000eba00000)
  from space 2048K, 98% used [0x00000000eba00000,0x00000000ebbf9c68,0x00000000ebc00000)
  to   space 2048K, 0% used [0x00000000ecb80000,0x00000000ecb80000,0x00000000ecd80000)
 ParOldGen       total 39424K, used 1786K [0x00000000c0000000, 0x00000000c2680000, 0x00000000eaa80000)
  object space 39424K, 4% used [0x00000000c0000000,0x00000000c01bead0,0x00000000c2680000)
 PSPermGen       total 21504K, used 5797K [0x00000000b5a00000, 0x00000000b6f00000, 0x00000000c0000000)
  object space 21504K, 26% used [0x00000000b5a00000,0x00000000b5fa9608,0x00000000b6f00000)
Event: 5,370 GC heap after
Heap after GC invocations=2 (full 0):
 PSYoungGen      total 33792K, used 2039K [0x00000000eaa80000, 0x00000000ecd80000, 0x0000000100000000)
  eden space 31744K, 0% used [0x00000000eaa80000,0x00000000eaa80000,0x00000000ec980000)
  from space 2048K, 99% used [0x00000000ecb80000,0x00000000ecd7dc88,0x00000000ecd80000)
  to   space 2048K, 0% used [0x00000000ec980000,0x00000000ec980000,0x00000000ecb80000)
 ParOldGen       total 39424K, used 4476K [0x00000000c0000000, 0x00000000c2680000, 0x00000000eaa80000)
  object space 39424K, 11% used [0x00000000c0000000,0x00000000c045f168,0x00000000c2680000)
 PSPermGen       total 21504K, used 5797K [0x00000000b5a00000, 0x00000000b6f00000, 0x00000000c0000000)
  object space 21504K, 26% used [0x00000000b5a00000,0x00000000b5fa9608,0x00000000b6f00000)
}
Event: 8,186 GC heap before
{Heap before GC invocations=3 (full 0):
 PSYoungGen      total 33792K, used 33783K [0x00000000eaa80000, 0x00000000ecd80000, 0x0000000100000000)
  eden space 31744K, 100% used [0x00000000eaa80000,0x00000000ec980000,0x00000000ec980000)
  from space 2048K, 99% used [0x00000000ecb80000,0x00000000ecd7dc88,0x00000000ecd80000)
  to   space 2048K, 0% used [0x00000000ec980000,0x00000000ec980000,0x00000000ecb80000)
 ParOldGen       total 39424K, used 4476K [0x00000000c0000000, 0x00000000c2680000, 0x00000000eaa80000)
  object space 39424K, 11% used [0x00000000c0000000,0x00000000c045f168,0x00000000c2680000)
 PSPermGen       total 21504K, used 5864K [0x00000000b5a00000, 0x00000000b6f00000, 0x00000000c0000000)
  object space 21504K, 27% used [0x00000000b5a00000,0x00000000b5fba130,0x00000000b6f00000)
Event: 8,222 GC heap after
Heap after GC invocations=3 (full 0):
 PSYoungGen      total 33792K, used 2016K [0x00000000eaa80000, 0x00000000eec80000, 0x0000000100000000)
  eden space 31744K, 0% used [0x00000000eaa80000,0x00000000eaa80000,0x00000000ec980000)
  from space 2048K, 98% used [0x00000000ec980000,0x00000000ecb78020,0x00000000ecb80000)
  to   space 2048K, 0% used [0x00000000eea80000,0x00000000eea80000,0x00000000eec80000)
 ParOldGen       total 39424K, used 9432K [0x00000000c0000000, 0x00000000c2680000, 0x00000000eaa80000)
  object space 39424K, 23% used [0x00000000c0000000,0x00000000c09362f0,0x00000000c2680000)
 PSPermGen       total 21504K, used 5864K [0x00000000b5a00000, 0x00000000b6f00000, 0x00000000c0000000)
  object space 21504K, 27% used [0x00000000b5a00000,0x00000000b5fba130,0x00000000b6f00000)
}
Event: 10,185 GC heap before
{Heap before GC invocations=4 (full 0):
 PSYoungGen      total 33792K, used 33760K [0x00000000eaa80000, 0x00000000eec80000, 0x0000000100000000)
  eden space 31744K, 100% used [0x00000000eaa80000,0x00000000ec980000,0x00000000ec980000)
  from space 2048K, 98% used [0x00000000ec980000,0x00000000ecb78020,0x00000000ecb80000)
  to   space 2048K, 0% used [0x00000000eea80000,0x00000000eea80000,0x00000000eec80000)
 ParOldGen       total 39424K, used 9432K [0x00000000c0000000, 0x00000000c2680000, 0x00000000eaa80000)
  object space 39424K, 23% used [0x00000000c0000000,0x00000000c09362f0,0x00000000c2680000)
 PSPermGen       total 21504K, used 5885K [0x00000000b5a00000, 0x00000000b6f00000, 0x00000000c0000000)
  object space 21504K, 27% used [0x00000000b5a00000,0x00000000b5fbf7f0,0x00000000b6f00000)
Event: 10,269 GC heap after
Heap after GC invocations=4 (full 0):
 PSYoungGen      total 65536K, used 2032K [0x00000000eaa80000, 0x00000000eec80000, 0x0000000100000000)
  eden space 63488K, 0% used [0x00000000eaa80000,0x00000000eaa80000,0x00000000ee880000)
  from space 2048K, 99% used [0x00000000eea80000,0x00000000eec7c030,0x00000000eec80000)
  to   space 2048K, 0% used [0x00000000ee880000,0x00000000ee880000,0x00000000eea80000)
 ParOldGen       total 39424K, used 15221K [0x00000000c0000000, 0x00000000c2680000, 0x00000000eaa80000)
  object space 39424K, 38% used [0x00000000c0000000,0x00000000c0edd700,0x00000000c2680000)
 PSPermGen       total 21504K, used 5885K [0x00000000b5a00000, 0x00000000b6f00000, 0x00000000c0000000)
  object space 21504K, 27% used [0x00000000b5a00000,0x00000000b5fbf7f0,0x00000000b6f00000)
}
Event: 14,549 GC heap before
{Heap before GC invocations=5 (full 0):
 PSYoungGen      total 65536K, used 65520K [0x00000000eaa80000, 0x00000000eec80000, 0x0000000100000000)
  eden space 63488K, 100% used [0x00000000eaa80000,0x00000000ee880000,0x00000000ee880000)
  from space 2048K, 99% used [0x00000000eea80000,0x00000000eec7c030,0x00000000eec80000)
  to   space 2048K, 0% used [0x00000000ee880000,0x00000000ee880000,0x00000000eea80000)
 ParOldGen       total 39424K, used 15221K [0x00000000c0000000, 0x00000000c2680000, 0x00000000eaa80000)
  object space 39424K, 38% used [0x00000000c0000000,0x00000000c0edd700,0x00000000c2680000)
 PSPermGen       total 21504K, used 5943K [0x00000000b5a00000, 0x00000000b6f00000, 0x00000000c0000000)
  object space 21504K, 27% used [0x00000000b5a00000,0x00000000b5fcdca0,0x00000000b6f00000)

Deoptimization events (10 events):
Event: 11,407 Thread 0x00007f35e000b800 Uncommon trap: reason=unreached action=reinterpret pc=0x00007f35dceaa618 method=com.android.dx.ssa.SsaConverter.placePhiFunctions(Lcom/android/dx/ssa/SsaMethod;Lcom/android/dx/ssa/LocalVariableInfo;I)V @ 327
Event: 11,407 Thread 0x00007f35e000b800 Uncommon trap: reason=unloaded action=reinterpret pc=0x00007f35dce91c14 method=com.android.dx.ssa.SsaRenamer$BlockRenamer.visitMoveInsn(Lcom/android/dx/ssa/NormalSsaInsn;)V @ 208
Event: 11,408 Thread 0x00007f35e000b800 Uncommon trap: reason=unreached action=reinterpret pc=0x00007f35dcea28e4 method=com.android.dx.ssa.SsaRenamer$BlockRenamer.process()V @ 59
Event: 11,422 Thread 0x00007f35e000b800 Uncommon trap: reason=unreached action=reinterpret pc=0x00007f35dcf44394 method=com.android.dx.ssa.back.FirstFitLocalCombiningAllocator$1.processInsn(Lcom/android/dx/ssa/SsaInsn;)V @ 34
Event: 12,404 Thread 0x00007f35e000b800 Uncommon trap: reason=null_check action=make_not_entrant pc=0x00007f35dcff4cc4 method=com.android.dx.dex.cf.AttributeTranslator.getSignature(Lcom/android/dx/cf/iface/AttributeList;)Lcom/android/dx/rop/annotation/Annotation; @ 8
Event: 12,585 Thread 0x00007f35e000b800 Uncommon trap: reason=unloaded action=reinterpret pc=0x00007f35dce958a8 method=com.android.dx.ssa.SsaRenamer$BlockRenamer.visitMoveInsn(Lcom/android/dx/ssa/NormalSsaInsn;)V @ 208
Event: 13,950 Thread 0x00007f35e000b800 Uncommon trap: reason=unreached action=reinterpret pc=0x00007f35dcf8b828 method=com.android.dx.cf.code.Merger.mergeLocals(Lcom/android/dx/cf/code/OneLocalsArray;Lcom/android/dx/cf/code/OneLocalsArray;)Lcom/android/dx/cf/code/OneLocalsArray; @ 2
Event: 14,103 Thread 0x00007f35e000b800 Uncommon trap: reason=bimorphic action=maybe_recompile pc=0x00007f35dcf46548 method=com.android.dx.ssa.LiteralOpUpgrader.tryReplacingWithConstant(Lcom/android/dx/ssa/NormalSsaInsn;)Z @ 62
Event: 14,110 Thread 0x00007f35e000b800 Uncommon trap: reason=null_check action=make_not_entrant pc=0x00007f35dd034ee4 method=com.android.dx.dex.file.FieldIdsSection.intern(Lcom/android/dx/rop/cst/CstFieldRef;)Lcom/android/dx/dex/file/FieldIdItem; @ 26
Event: 14,225 Thread 0x00007f35e000b800 Uncommon trap: reason=null_check action=make_not_entrant pc=0x00007f35dd00c2a0 method=com.android.dx.cf.code.Ropper$CatchInfo.getSetup(Lcom/android/dx/rop/type/Type;)Lcom/android/dx/cf/code/Ropper$ExceptionHandlerSetup; @ 10

Internal exceptions (10 events):
Event: 4,614 Thread 0x00007f35e000b800 Implicit null exception at 0x00007f35dceb9705 to 0x00007f35dceba425
Event: 4,979 Thread 0x00007f35e000b800 Threw 0x00000000eb74ec90 at /build/buildd/openjdk-7-7u75-2.5.4/build/openjdk/hotspot/src/share/vm/prims/jvm.cpp:1284
Event: 5,108 Thread 0x00007f35e000b800 Threw 0x00000000eb85eea8 at /build/buildd/openjdk-7-7u75-2.5.4/build/openjdk/hotspot/src/share/vm/prims/jvm.cpp:1284
Event: 5,778 Thread 0x00007f35e000b800 Implicit null exception at 0x00007f35dcee7ac3 to 0x00007f35dcee81f5
Event: 8,177 Thread 0x00007f35e000b800 Implicit null exception at 0x00007f35dce89bd2 to 0x00007f35dce89cc3
Event: 8,800 Thread 0x00007f35e000b800 Implicit null exception at 0x00007f35dcf48d2a to 0x00007f35dcf48ee1
Event: 11,408 Thread 0x00007f35e000b800 Threw 0x00000000ebc98930 at /build/buildd/openjdk-7-7u75-2.5.4/build/openjdk/hotspot/src/share/vm/prims/jvm.cpp:1284
Event: 12,404 Thread 0x00007f35e000b800 Implicit null exception at 0x00007f35dcff2160 to 0x00007f35dcff4cb9
Event: 14,110 Thread 0x00007f35e000b800 Implicit null exception at 0x00007f35dd0331a4 to 0x00007f35dd034ed9
Event: 14,225 Thread 0x00007f35e000b800 Implicit null exception at 0x00007f35dd0082bd to 0x00007f35dd00c259

Events (10 events):
Event: 14,103 Thread 0x00007f35e000b800 Uncommon trap: trap_request=0xffffffc6 fr.pc=0x00007f35dcf46548
Event: 14,103 Thread 0x00007f35e000b800 DEOPT PACKING pc=0x00007f35dcf46548 sp=0x00007f35e759fd90
Event: 14,103 Thread 0x00007f35e000b800 DEOPT UNPACKING pc=0x00007f35dce30445 sp=0x00007f35e759fc68 mode 2
Event: 14,110 Thread 0x00007f35e000b800 Uncommon trap: trap_request=0xfffffff4 fr.pc=0x00007f35dd034ee4
Event: 14,110 Thread 0x00007f35e000b800 DEOPT PACKING pc=0x00007f35dd034ee4 sp=0x00007f35e75a0270
Event: 14,110 Thread 0x00007f35e000b800 DEOPT UNPACKING pc=0x00007f35dce30445 sp=0x00007f35e75a01d8 mode 2
Event: 14,225 Thread 0x00007f35e000b800 Uncommon trap: trap_request=0xfffffff4 fr.pc=0x00007f35dd00c2a0
Event: 14,225 Thread 0x00007f35e000b800 DEOPT PACKING pc=0x00007f35dd00c2a0 sp=0x00007f35e759ff90
Event: 14,225 Thread 0x00007f35e000b800 DEOPT UNPACKING pc=0x00007f35dce30445 sp=0x00007f35e759fec8 mode 2
Event: 14,548 Executing VM operation: ParallelGCFailedAllocation


Dynamic libraries:
00400000-00401000 r-xp 00000000 08:01 929518                             /usr/lib/jvm/java-7-openjdk-amd64/jre/bin/java
00600000-00601000 r--p 00000000 08:01 929518                             /usr/lib/jvm/java-7-openjdk-amd64/jre/bin/java
00601000-00602000 rw-p 00001000 08:01 929518                             /usr/lib/jvm/java-7-openjdk-amd64/jre/bin/java
01cac000-01ccd000 rw-p 00000000 00:00 0                                  [heap]
b5a00000-b6f00000 rw-p 00000000 00:00 0 
b6f00000-c0000000 rw-p 00000000 00:00 0 
c0000000-c2680000 rw-p 00000000 00:00 0 
c2680000-eaa80000 rw-p 00000000 00:00 0 
eaa80000-eec80000 rw-p 00000000 00:00 0 
f4080000-100000000 rw-p 00000000 00:00 0 
7f35a0000000-7f35a0021000 rw-p 00000000 00:00 0 
7f35a0021000-7f35a4000000 ---p 00000000 00:00 0 
7f35a4000000-7f35a4021000 rw-p 00000000 00:00 0 
7f35a4021000-7f35a8000000 ---p 00000000 00:00 0 
7f35a8000000-7f35a8fef000 rw-p 00000000 00:00 0 
7f35a8fef000-7f35ac000000 ---p 00000000 00:00 0 
7f35ac000000-7f35acde7000 rw-p 00000000 00:00 0 
7f35acde7000-7f35b0000000 ---p 00000000 00:00 0 
7f35b0000000-7f35b0021000 rw-p 00000000 00:00 0 
7f35b0021000-7f35b4000000 ---p 00000000 00:00 0 
7f35b4000000-7f35b4021000 rw-p 00000000 00:00 0 
7f35b4021000-7f35b8000000 ---p 00000000 00:00 0 
7f35b8000000-7f35b80e2000 rw-p 00000000 00:00 0 
7f35b80e2000-7f35bc000000 ---p 00000000 00:00 0 
7f35bc000000-7f35bc021000 rw-p 00000000 00:00 0 
7f35bc021000-7f35c0000000 ---p 00000000 00:00 0 
7f35c0000000-7f35c0021000 rw-p 00000000 00:00 0 
7f35c0021000-7f35c4000000 ---p 00000000 00:00 0 
7f35c8000000-7f35c8021000 rw-p 00000000 00:00 0 
7f35c8021000-7f35cc000000 ---p 00000000 00:00 0 
7f35cd87c000-7f35cd9dc000 rw-p 00000000 00:00 0 
7f35cd9dc000-7f35cda48000 r-xp 00000000 08:01 1839359                    /lib/x86_64-linux-gnu/libpcre.so.3.13.1
7f35cda48000-7f35cdc47000 ---p 0006c000 08:01 1839359                    /lib/x86_64-linux-gnu/libpcre.so.3.13.1
7f35cdc47000-7f35cdc48000 r--p 0006b000 08:01 1839359                    /lib/x86_64-linux-gnu/libpcre.so.3.13.1
7f35cdc48000-7f35cdc49000 rw-p 0006c000 08:01 1839359                    /lib/x86_64-linux-gnu/libpcre.so.3.13.1
7f35cdc49000-7f35cdc50000 r-xp 00000000 08:01 140464                     /usr/lib/x86_64-linux-gnu/libffi.so.6.0.2
7f35cdc50000-7f35cde4f000 ---p 00007000 08:01 140464                     /usr/lib/x86_64-linux-gnu/libffi.so.6.0.2
7f35cde4f000-7f35cde50000 r--p 00006000 08:01 140464                     /usr/lib/x86_64-linux-gnu/libffi.so.6.0.2
7f35cde50000-7f35cde51000 rw-p 00007000 08:01 140464                     /usr/lib/x86_64-linux-gnu/libffi.so.6.0.2
7f35cde51000-7f35cde68000 r-xp 00000000 08:01 1841556                    /lib/x86_64-linux-gnu/libresolv-2.19.so
7f35cde68000-7f35ce068000 ---p 00017000 08:01 1841556                    /lib/x86_64-linux-gnu/libresolv-2.19.so
7f35ce068000-7f35ce069000 r--p 00017000 08:01 1841556                    /lib/x86_64-linux-gnu/libresolv-2.19.so
7f35ce069000-7f35ce06a000 rw-p 00018000 08:01 1841556                    /lib/x86_64-linux-gnu/libresolv-2.19.so
7f35ce06a000-7f35ce06c000 rw-p 00000000 00:00 0 
7f35ce06c000-7f35ce08d000 r-xp 00000000 08:01 1839386                    /lib/x86_64-linux-gnu/libselinux.so.1
7f35ce08d000-7f35ce28c000 ---p 00021000 08:01 1839386                    /lib/x86_64-linux-gnu/libselinux.so.1
7f35ce28c000-7f35ce28d000 r--p 00020000 08:01 1839386                    /lib/x86_64-linux-gnu/libselinux.so.1
7f35ce28d000-7f35ce28e000 rw-p 00021000 08:01 1839386                    /lib/x86_64-linux-gnu/libselinux.so.1
7f35ce28e000-7f35ce290000 rw-p 00000000 00:00 0 
7f35ce290000-7f35ce293000 r-xp 00000000 08:01 133891                     /usr/lib/x86_64-linux-gnu/libgmodule-2.0.so.0.4200.1
7f35ce293000-7f35ce492000 ---p 00003000 08:01 133891                     /usr/lib/x86_64-linux-gnu/libgmodule-2.0.so.0.4200.1
7f35ce492000-7f35ce493000 r--p 00002000 08:01 133891                     /usr/lib/x86_64-linux-gnu/libgmodule-2.0.so.0.4200.1
7f35ce493000-7f35ce494000 rw-p 00003000 08:01 133891                     /usr/lib/x86_64-linux-gnu/libgmodule-2.0.so.0.4200.1
7f35ce494000-7f35ce5a0000 r-xp 00000000 08:01 1839155                    /lib/x86_64-linux-gnu/libglib-2.0.so.0.4200.1
7f35ce5a0000-7f35ce7a0000 ---p 0010c000 08:01 1839155                    /lib/x86_64-linux-gnu/libglib-2.0.so.0.4200.1
7f35ce7a0000-7f35ce7a1000 r--p 0010c000 08:01 1839155                    /lib/x86_64-linux-gnu/libglib-2.0.so.0.4200.1
7f35ce7a1000-7f35ce7a2000 rw-p 0010d000 08:01 1839155                    /lib/x86_64-linux-gnu/libglib-2.0.so.0.4200.1
7f35ce7a2000-7f35ce7a3000 rw-p 00000000 00:00 0 
7f35ce7a3000-7f35ce7f3000 r-xp 00000000 08:01 133889                     /usr/lib/x86_64-linux-gnu/libgobject-2.0.so.0.4200.1
7f35ce7f3000-7f35ce9f3000 ---p 00050000 08:01 133889                     /usr/lib/x86_64-linux-gnu/libgobject-2.0.so.0.4200.1
7f35ce9f3000-7f35ce9f4000 r--p 00050000 08:01 133889                     /usr/lib/x86_64-linux-gnu/libgobject-2.0.so.0.4200.1
7f35ce9f4000-7f35ce9f5000 rw-p 00051000 08:01 133889                     /usr/lib/x86_64-linux-gnu/libgobject-2.0.so.0.4200.1
7f35ce9f5000-7f35ceb66000 r-xp 00000000 08:01 133890                     /usr/lib/x86_64-linux-gnu/libgio-2.0.so.0.4200.1
7f35ceb66000-7f35ced66000 ---p 00171000 08:01 133890                     /usr/lib/x86_64-linux-gnu/libgio-2.0.so.0.4200.1
7f35ced66000-7f35ced6a000 r--p 00171000 08:01 133890                     /usr/lib/x86_64-linux-gnu/libgio-2.0.so.0.4200.1
7f35ced6a000-7f35ced6c000 rw-p 00175000 08:01 133890                     /usr/lib/x86_64-linux-gnu/libgio-2.0.so.0.4200.1
7f35ced6c000-7f35ced6e000 rw-p 00000000 00:00 0 
7f35ced6e000-7f35ced85000 r-xp 00000000 08:01 929463                     /usr/lib/jvm/java-7-openjdk-amd64/jre/lib/amd64/libnet.so
7f35ced85000-7f35cef84000 ---p 00017000 08:01 929463                     /usr/lib/jvm/java-7-openjdk-amd64/jre/lib/amd64/libnet.so
7f35cef84000-7f35cef85000 r--p 00016000 08:01 929463                     /usr/lib/jvm/java-7-openjdk-amd64/jre/lib/amd64/libnet.so
7f35cef85000-7f35cef86000 rw-p 00017000 08:01 929463                     /usr/lib/jvm/java-7-openjdk-amd64/jre/lib/amd64/libnet.so
7f35cef86000-7f35cef97000 r-xp 00000000 08:01 929457                     /usr/lib/jvm/java-7-openjdk-amd64/jre/lib/amd64/libnio.so
7f35cef97000-7f35cf196000 ---p 00011000 08:01 929457                     /usr/lib/jvm/java-7-openjdk-amd64/jre/lib/amd64/libnio.so
7f35cf196000-7f35cf197000 r--p 00010000 08:01 929457                     /usr/lib/jvm/java-7-openjdk-amd64/jre/lib/amd64/libnio.so
7f35cf197000-7f35cf198000 rw-p 00011000 08:01 929457                     /usr/lib/jvm/java-7-openjdk-amd64/jre/lib/amd64/libnio.so
7f35cf198000-7f35cf199000 ---p 00000000 00:00 0 
7f35cf199000-7f35cf299000 rw-p 00000000 00:00 0                          [stack:15379]
7f35cf299000-7f35cf29c000 ---p 00000000 00:00 0 
7f35cf29c000-7f35cf39a000 rw-p 00000000 00:00 0                          [stack:15378]
7f35cf39a000-7f35cf39d000 ---p 00000000 00:00 0 
7f35cf39d000-7f35cf49b000 rw-p 00000000 00:00 0                          [stack:15377]
7f35cf49b000-7f35cf4a0000 r-xp 00000000 08:01 140175                     /usr/lib/x86_64-linux-gnu/libXdmcp.so.6.0.0
7f35cf4a0000-7f35cf69f000 ---p 00005000 08:01 140175                     /usr/lib/x86_64-linux-gnu/libXdmcp.so.6.0.0
7f35cf69f000-7f35cf6a0000 r--p 00004000 08:01 140175                     /usr/lib/x86_64-linux-gnu/libXdmcp.so.6.0.0
7f35cf6a0000-7f35cf6a1000 rw-p 00005000 08:01 140175                     /usr/lib/x86_64-linux-gnu/libXdmcp.so.6.0.0
7f35cf6a1000-7f35cf6a3000 r-xp 00000000 08:01 140164                     /usr/lib/x86_64-linux-gnu/libXau.so.6.0.0
7f35cf6a3000-7f35cf8a3000 ---p 00002000 08:01 140164                     /usr/lib/x86_64-linux-gnu/libXau.so.6.0.0
7f35cf8a3000-7f35cf8a4000 r--p 00002000 08:01 140164                     /usr/lib/x86_64-linux-gnu/libXau.so.6.0.0
7f35cf8a4000-7f35cf8a5000 rw-p 00003000 08:01 140164                     /usr/lib/x86_64-linux-gnu/libXau.so.6.0.0
7f35cf8a5000-7f35cf8c2000 r-xp 00000000 08:01 141284                     /usr/lib/x86_64-linux-gnu/libxcb.so.1.1.0
7f35cf8c2000-7f35cfac2000 ---p 0001d000 08:01 141284                     /usr/lib/x86_64-linux-gnu/libxcb.so.1.1.0
7f35cfac2000-7f35cfac3000 r--p 0001d000 08:01 141284                     /usr/lib/x86_64-linux-gnu/libxcb.so.1.1.0
7f35cfac3000-7f35cfac4000 rw-p 0001e000 08:01 141284                     /usr/lib/x86_64-linux-gnu/libxcb.so.1.1.0
7f35cfac4000-7f35cfbf7000 r-xp 00000000 08:01 140160                     /usr/lib/x86_64-linux-gnu/libX11.so.6.3.0
7f35cfbf7000-7f35cfdf7000 ---p 00133000 08:01 140160                     /usr/lib/x86_64-linux-gnu/libX11.so.6.3.0
7f35cfdf7000-7f35cfdf8000 r--p 00133000 08:01 140160                     /usr/lib/x86_64-linux-gnu/libX11.so.6.3.0
7f35cfdf8000-7f35cfdfc000 rw-p 00134000 08:01 140160                     /usr/lib/x86_64-linux-gnu/libX11.so.6.3.0
7f35cfdfc000-7f35cfdfd000 rw-p 00000000 00:00 0 
7f35cfdfd000-7f35cfdff000 r-xp 00000000 08:01 929712                     /usr/lib/jayatana/libjayatanaag.so
7f35cfdff000-7f35cfffe000 ---p 00002000 08:01 929712                     /usr/lib/jayatana/libjayatanaag.so
7f35cfffe000-7f35cffff000 r--p 00001000 08:01 929712                     /usr/lib/jayatana/libjayatanaag.so
7f35cffff000-7f35d0000000 rw-p 00002000 08:01 929712                     /usr/lib/jayatana/libjayatanaag.so
7f35d0000000-7f35d0021000 rw-p 00000000 00:00 0 
7f35d0021000-7f35d4000000 ---p 00000000 00:00 0 
7f35d40db000-7f35d40de000 ---p 00000000 00:00 0 
7f35d40de000-7f35d41dc000 rw-p 00000000 00:00 0                          [stack:15376]
7f35d41dc000-7f35d41df000 ---p 00000000 00:00 0 
7f35d41df000-7f35d42dd000 rw-p 00000000 00:00 0                          [stack:15375]
7f35d42dd000-7f35d49bf000 r--p 00000000 08:01 139091                     /usr/lib/locale/locale-archive
7f35d49bf000-7f35d49c2000 ---p 00000000 00:00 0 
7f35d49c2000-7f35d4ac0000 rw-p 00000000 00:00 0                          [stack:15374]
7f35d4ac0000-7f35d4ac3000 ---p 00000000 00:00 0 
7f35d4ac3000-7f35d4bc1000 rw-p 00000000 00:00 0                          [stack:15373]
7f35d4bc1000-7f35d4bc2000 ---p 00000000 00:00 0 
7f35d4bc2000-7f35d8000000 rw-p 00000000 00:00 0                          [stack:15372]
7f35d8000000-7f35d8021000 rw-p 00000000 00:00 0 
7f35d8021000-7f35dc000000 ---p 00000000 00:00 0 
7f35dc02b000-7f35dc032000 r--s 00000000 08:01 400720                     /usr/lib/x86_64-linux-gnu/gconv/gconv-modules.cache
7f35dc032000-7f35dc058000 r--p 00000000 08:01 662344                     /usr/share/locale-langpack/es/LC_MESSAGES/libc.mo
7f35dc058000-7f35dc063000 r--s 00057000 08:01 1705653                    /home/germaaan/AndroidStudioProjects/Camino/app/build/intermediates/exploded-aar/com.google.android.gms/play-services-drive/7.0.0/classes.jar
7f35dc063000-7f35dc072000 r--s 000dd000 08:01 2369125                    /home/germaaan/Android/Sdk/build-tools/21.1.2/lib/dx.jar
7f35dc072000-7f35dc173000 rw-p 00000000 00:00 0 
7f35dc173000-7f35dc325000 r--s 01d23000 08:01 929504                     /usr/lib/jvm/java-7-openjdk-amd64/jre/lib/rt.jar
7f35dc325000-7f35dc649000 rw-p 00000000 00:00 0 
7f35dc649000-7f35dc64a000 ---p 00000000 00:00 0 
7f35dc64a000-7f35dc74a000 rw-p 00000000 00:00 0                          [stack:15371]
7f35dc74a000-7f35dc74b000 ---p 00000000 00:00 0 
7f35dc74b000-7f35dc84b000 rw-p 00000000 00:00 0                          [stack:15370]
7f35dc84b000-7f35dc84c000 ---p 00000000 00:00 0 
7f35dc84c000-7f35dc94c000 rw-p 00000000 00:00 0                          [stack:15369]
7f35dc94c000-7f35dc94d000 ---p 00000000 00:00 0 
7f35dc94d000-7f35dca61000 rw-p 00000000 00:00 0                          [stack:15367]
7f35dca61000-7f35dcba3000 rw-p 00000000 00:00 0 
7f35dcba3000-7f35dcbae000 rw-p 00000000 00:00 0 
7f35dcbae000-7f35dcbf6000 rw-p 00000000 00:00 0 
7f35dcbf6000-7f35dcc0a000 rw-p 00000000 00:00 0 
7f35dcc0a000-7f35dcd4b000 rw-p 00000000 00:00 0 
7f35dcd4b000-7f35dcd6d000 rw-p 00000000 00:00 0 
7f35dcd6d000-7f35dcdf6000 rw-p 00000000 00:00 0 
7f35dcdf6000-7f35dcdf7000 rw-p 00000000 00:00 0 
7f35dcdf7000-7f35dd067000 rwxp 00000000 00:00 0 
7f35dd067000-7f35dfdf7000 rw-p 00000000 00:00 0 
7f35dfdf7000-7f35dfdff000 r-xp 00000000 08:01 929450                     /usr/lib/jvm/java-7-openjdk-amd64/jre/lib/amd64/libzip.so
7f35dfdff000-7f35dfffe000 ---p 00008000 08:01 929450                     /usr/lib/jvm/java-7-openjdk-amd64/jre/lib/amd64/libzip.so
7f35dfffe000-7f35dffff000 r--p 00007000 08:01 929450                     /usr/lib/jvm/java-7-openjdk-amd64/jre/lib/amd64/libzip.so
7f35dffff000-7f35e0000000 rw-p 00008000 08:01 929450                     /usr/lib/jvm/java-7-openjdk-amd64/jre/lib/amd64/libzip.so
7f35e0000000-7f35e031f000 rw-p 00000000 00:00 0 
7f35e031f000-7f35e4000000 ---p 00000000 00:00 0 
7f35e4005000-7f35e4059000 rw-p 00000000 00:00 0 
7f35e4059000-7f35e40a1000 rw-p 00000000 00:00 0 
7f35e40a1000-7f35e40ac000 r-xp 00000000 08:01 1841561                    /lib/x86_64-linux-gnu/libnss_files-2.19.so
7f35e40ac000-7f35e42ab000 ---p 0000b000 08:01 1841561                    /lib/x86_64-linux-gnu/libnss_files-2.19.so
7f35e42ab000-7f35e42ac000 r--p 0000a000 08:01 1841561                    /lib/x86_64-linux-gnu/libnss_files-2.19.so
7f35e42ac000-7f35e42ad000 rw-p 0000b000 08:01 1841561                    /lib/x86_64-linux-gnu/libnss_files-2.19.so
7f35e42ad000-7f35e42b8000 r-xp 00000000 08:01 1841563                    /lib/x86_64-linux-gnu/libnss_nis-2.19.so
7f35e42b8000-7f35e44b7000 ---p 0000b000 08:01 1841563                    /lib/x86_64-linux-gnu/libnss_nis-2.19.so
7f35e44b7000-7f35e44b8000 r--p 0000a000 08:01 1841563                    /lib/x86_64-linux-gnu/libnss_nis-2.19.so
7f35e44b8000-7f35e44b9000 rw-p 0000b000 08:01 1841563                    /lib/x86_64-linux-gnu/libnss_nis-2.19.so
7f35e44b9000-7f35e44d0000 r-xp 00000000 08:01 1841547                    /lib/x86_64-linux-gnu/libnsl-2.19.so
7f35e44d0000-7f35e46cf000 ---p 00017000 08:01 1841547                    /lib/x86_64-linux-gnu/libnsl-2.19.so
7f35e46cf000-7f35e46d0000 r--p 00016000 08:01 1841547                    /lib/x86_64-linux-gnu/libnsl-2.19.so
7f35e46d0000-7f35e46d1000 rw-p 00017000 08:01 1841547                    /lib/x86_64-linux-gnu/libnsl-2.19.so
7f35e46d1000-7f35e46d3000 rw-p 00000000 00:00 0 
7f35e46d3000-7f35e46dc000 r-xp 00000000 08:01 1841548                    /lib/x86_64-linux-gnu/libnss_compat-2.19.so
7f35e46dc000-7f35e48db000 ---p 00009000 08:01 1841548                    /lib/x86_64-linux-gnu/libnss_compat-2.19.so
7f35e48db000-7f35e48dc000 r--p 00008000 08:01 1841548                    /lib/x86_64-linux-gnu/libnss_compat-2.19.so
7f35e48dc000-7f35e48dd000 rw-p 00009000 08:01 1841548                    /lib/x86_64-linux-gnu/libnss_compat-2.19.so
7f35e48dd000-7f35e48e7000 r-xp 00000000 08:01 929465                     /usr/lib/jvm/java-7-openjdk-amd64/jre/lib/amd64/libinstrument.so
7f35e48e7000-7f35e4ae6000 ---p 0000a000 08:01 929465                     /usr/lib/jvm/java-7-openjdk-amd64/jre/lib/amd64/libinstrument.so
7f35e4ae6000-7f35e4ae7000 r--p 00009000 08:01 929465                     /usr/lib/jvm/java-7-openjdk-amd64/jre/lib/amd64/libinstrument.so
7f35e4ae7000-7f35e4ae8000 rw-p 0000a000 08:01 929465                     /usr/lib/jvm/java-7-openjdk-amd64/jre/lib/amd64/libinstrument.so
7f35e4ae8000-7f35e4b15000 r-xp 00000000 08:01 929448                     /usr/lib/jvm/java-7-openjdk-amd64/jre/lib/amd64/libjava.so
7f35e4b15000-7f35e4d14000 ---p 0002d000 08:01 929448                     /usr/lib/jvm/java-7-openjdk-amd64/jre/lib/amd64/libjava.so
7f35e4d14000-7f35e4d15000 r--p 0002c000 08:01 929448                     /usr/lib/jvm/java-7-openjdk-amd64/jre/lib/amd64/libjava.so
7f35e4d15000-7f35e4d17000 rw-p 0002d000 08:01 929448                     /usr/lib/jvm/java-7-openjdk-amd64/jre/lib/amd64/libjava.so
7f35e4d17000-7f35e4d28000 r-xp 00000000 08:01 929467                     /usr/lib/jvm/java-7-openjdk-amd64/jre/lib/amd64/libverify.so
7f35e4d28000-7f35e4f27000 ---p 00011000 08:01 929467                     /usr/lib/jvm/java-7-openjdk-amd64/jre/lib/amd64/libverify.so
7f35e4f27000-7f35e4f29000 r--p 00010000 08:01 929467                     /usr/lib/jvm/java-7-openjdk-amd64/jre/lib/amd64/libverify.so
7f35e4f29000-7f35e4f2a000 rw-p 00012000 08:01 929467                     /usr/lib/jvm/java-7-openjdk-amd64/jre/lib/amd64/libverify.so
7f35e4f2a000-7f35e4f31000 r-xp 00000000 08:01 1841564                    /lib/x86_64-linux-gnu/librt-2.19.so
7f35e4f31000-7f35e5130000 ---p 00007000 08:01 1841564                    /lib/x86_64-linux-gnu/librt-2.19.so
7f35e5130000-7f35e5131000 r--p 00006000 08:01 1841564                    /lib/x86_64-linux-gnu/librt-2.19.so
7f35e5131000-7f35e5132000 rw-p 00007000 08:01 1841564                    /lib/x86_64-linux-gnu/librt-2.19.so
7f35e5132000-7f35e5148000 r-xp 00000000 08:01 1839277                    /lib/x86_64-linux-gnu/libgcc_s.so.1
7f35e5148000-7f35e5347000 ---p 00016000 08:01 1839277                    /lib/x86_64-linux-gnu/libgcc_s.so.1
7f35e5347000-7f35e5348000 r--p 00015000 08:01 1839277                    /lib/x86_64-linux-gnu/libgcc_s.so.1
7f35e5348000-7f35e5349000 rw-p 00016000 08:01 1839277                    /lib/x86_64-linux-gnu/libgcc_s.so.1
7f35e5349000-7f35e544e000 r-xp 00000000 08:01 1841543                    /lib/x86_64-linux-gnu/libm-2.19.so
7f35e544e000-7f35e564d000 ---p 00105000 08:01 1841543                    /lib/x86_64-linux-gnu/libm-2.19.so
7f35e564d000-7f35e564e000 r--p 00104000 08:01 1841543                    /lib/x86_64-linux-gnu/libm-2.19.so
7f35e564e000-7f35e564f000 rw-p 00105000 08:01 1841543                    /lib/x86_64-linux-gnu/libm-2.19.so
7f35e564f000-7f35e573f000 r-xp 00000000 08:01 141116                     /usr/lib/x86_64-linux-gnu/libstdc++.so.6.0.20
7f35e573f000-7f35e593f000 ---p 000f0000 08:01 141116                     /usr/lib/x86_64-linux-gnu/libstdc++.so.6.0.20
7f35e593f000-7f35e5947000 r--p 000f0000 08:01 141116                     /usr/lib/x86_64-linux-gnu/libstdc++.so.6.0.20
7f35e5947000-7f35e5949000 rw-p 000f8000 08:01 141116                     /usr/lib/x86_64-linux-gnu/libstdc++.so.6.0.20
7f35e5949000-7f35e595e000 rw-p 00000000 00:00 0 
7f35e595e000-7f35e64ad000 r-xp 00000000 08:01 929476                     /usr/lib/jvm/java-7-openjdk-amd64/jre/lib/amd64/server/libjvm.so
7f35e64ad000-7f35e66ad000 ---p 00b4f000 08:01 929476                     /usr/lib/jvm/java-7-openjdk-amd64/jre/lib/amd64/server/libjvm.so
7f35e66ad000-7f35e674d000 r--p 00b4f000 08:01 929476                     /usr/lib/jvm/java-7-openjdk-amd64/jre/lib/amd64/server/libjvm.so
7f35e674d000-7f35e6770000 rw-p 00bef000 08:01 929476                     /usr/lib/jvm/java-7-openjdk-amd64/jre/lib/amd64/server/libjvm.so
7f35e6770000-7f35e679d000 rw-p 00000000 00:00 0 
7f35e679d000-7f35e67b5000 r-xp 00000000 08:01 1839421                    /lib/x86_64-linux-gnu/libz.so.1.2.8
7f35e67b5000-7f35e69b4000 ---p 00018000 08:01 1839421                    /lib/x86_64-linux-gnu/libz.so.1.2.8
7f35e69b4000-7f35e69b5000 r--p 00017000 08:01 1839421                    /lib/x86_64-linux-gnu/libz.so.1.2.8
7f35e69b5000-7f35e69b6000 rw-p 00018000 08:01 1839421                    /lib/x86_64-linux-gnu/libz.so.1.2.8
7f35e69b6000-7f35e69cf000 r-xp 00000000 08:01 1841551                    /lib/x86_64-linux-gnu/libpthread-2.19.so
7f35e69cf000-7f35e6bce000 ---p 00019000 08:01 1841551                    /lib/x86_64-linux-gnu/libpthread-2.19.so
7f35e6bce000-7f35e6bcf000 r--p 00018000 08:01 1841551                    /lib/x86_64-linux-gnu/libpthread-2.19.so
7f35e6bcf000-7f35e6bd0000 rw-p 00019000 08:01 1841551                    /lib/x86_64-linux-gnu/libpthread-2.19.so
7f35e6bd0000-7f35e6bd4000 rw-p 00000000 00:00 0 
7f35e6bd4000-7f35e6bd7000 r-xp 00000000 08:01 1841550                    /lib/x86_64-linux-gnu/libdl-2.19.so
7f35e6bd7000-7f35e6dd6000 ---p 00003000 08:01 1841550                    /lib/x86_64-linux-gnu/libdl-2.19.so
7f35e6dd6000-7f35e6dd7000 r--p 00002000 08:01 1841550                    /lib/x86_64-linux-gnu/libdl-2.19.so
7f35e6dd7000-7f35e6dd8000 rw-p 00003000 08:01 1841550                    /lib/x86_64-linux-gnu/libdl-2.19.so
7f35e6dd8000-7f35e6f92000 r-xp 00000000 08:01 1841562                    /lib/x86_64-linux-gnu/libc-2.19.so
7f35e6f92000-7f35e7191000 ---p 001ba000 08:01 1841562                    /lib/x86_64-linux-gnu/libc-2.19.so
7f35e7191000-7f35e7195000 r--p 001b9000 08:01 1841562                    /lib/x86_64-linux-gnu/libc-2.19.so
7f35e7195000-7f35e7197000 rw-p 001bd000 08:01 1841562                    /lib/x86_64-linux-gnu/libc-2.19.so
7f35e7197000-7f35e719c000 rw-p 00000000 00:00 0 
7f35e719c000-7f35e71a9000 r-xp 00000000 08:01 929478                     /usr/lib/jvm/java-7-openjdk-amd64/jre/lib/amd64/jli/libjli.so
7f35e71a9000-7f35e73a8000 ---p 0000d000 08:01 929478                     /usr/lib/jvm/java-7-openjdk-amd64/jre/lib/amd64/jli/libjli.so
7f35e73a8000-7f35e73a9000 r--p 0000c000 08:01 929478                     /usr/lib/jvm/java-7-openjdk-amd64/jre/lib/amd64/jli/libjli.so
7f35e73a9000-7f35e73aa000 rw-p 0000d000 08:01 929478                     /usr/lib/jvm/java-7-openjdk-amd64/jre/lib/amd64/jli/libjli.so
7f35e73aa000-7f35e73cd000 r-xp 00000000 08:01 1841557                    /lib/x86_64-linux-gnu/ld-2.19.so
7f35e73cd000-7f35e73ce000 rw-p 00000000 00:00 0 
7f35e73ce000-7f35e73cf000 r--s 00000000 08:01 543209                     /usr/share/java/jayatanaag.jar
7f35e73cf000-7f35e73d2000 r--s 0000f000 08:01 929507                     /usr/lib/jvm/java-7-openjdk-amd64/jre/lib/ext/icedtea-sound.jar
7f35e73d2000-7f35e73d4000 r--s 00006000 08:01 543208                     /usr/share/java/java-atk-wrapper.jar
7f35e73d4000-7f35e73d6000 r--s 00012000 08:01 929509                     /usr/lib/jvm/java-7-openjdk-amd64/jre/lib/ext/zipfs.jar
7f35e73d6000-7f35e73da000 r--s 00034000 08:01 929510                     /usr/lib/jvm/java-7-openjdk-amd64/jre/lib/ext/sunjce_provider.jar
7f35e73da000-7f35e73de000 r--s 0003c000 08:01 929511                     /usr/lib/jvm/java-7-openjdk-amd64/jre/lib/ext/sunpkcs11.jar
7f35e73de000-7f35e73e1000 r--s 00086000 08:01 929508                     /usr/lib/jvm/java-7-openjdk-amd64/jre/lib/ext/localedata.jar
7f35e73e1000-7f35e73eb000 rw-p 00000000 00:00 0 
7f35e73eb000-7f35e74a1000 rw-p 00000000 00:00 0 
7f35e74a1000-7f35e74a4000 ---p 00000000 00:00 0 
7f35e74a4000-7f35e75a7000 rw-p 00000000 00:00 0                          [stack:15364]
7f35e75a7000-7f35e75a8000 r--s 00002000 08:01 929506                     /usr/lib/jvm/java-7-openjdk-amd64/jre/lib/ext/dnsns.jar
7f35e75a8000-7f35e75c0000 rw-p 00000000 00:00 0 
7f35e75c0000-7f35e75c8000 rw-s 00000000 08:01 3801406                    /tmp/hsperfdata_germaaan/15362
7f35e75c8000-7f35e75c9000 rw-p 00000000 00:00 0 
7f35e75c9000-7f35e75ca000 ---p 00000000 00:00 0 
7f35e75ca000-7f35e75cc000 rw-p 00000000 00:00 0 
7f35e75cc000-7f35e75cd000 r--p 00022000 08:01 1841557                    /lib/x86_64-linux-gnu/ld-2.19.so
7f35e75cd000-7f35e75ce000 rw-p 00023000 08:01 1841557                    /lib/x86_64-linux-gnu/ld-2.19.so
7f35e75ce000-7f35e75cf000 rw-p 00000000 00:00 0 
7ffca964d000-7ffca966e000 rw-p 00000000 00:00 0                          [stack]
7ffca9685000-7ffca9687000 r-xp 00000000 00:00 0                          [vdso]
7ffca9687000-7ffca9689000 r--p 00000000 00:00 0                          [vvar]
ffffffffff600000-ffffffffff601000 r-xp 00000000 00:00 0                  [vsyscall]

VM Arguments:
jvm_args: -javaagent:/usr/share/java/jayatanaag.jar -Xmx1024M -Dfile.encoding=UTF-8 -Duser.country=ES -Duser.language=es -Duser.variant 
java_command: com.android.dx.command.Main --dex --output /home/germaaan/AndroidStudioProjects/Camino/app/build/intermediates/pre-dexed/debug/classes-b04544adfe65f3768be8997cffe05c39368a7130.jar /home/germaaan/AndroidStudioProjects/Camino/app/build/intermediates/exploded-aar/com.google.android.gms/play-services-drive/7.0.0/classes.jar
Launcher Type: SUN_STANDARD

Environment Variables:
JAVA_TOOL_OPTIONS=-javaagent:/usr/share/java/jayatanaag.jar 
CLASSPATH=/home/germaaan/tools/android/android-studio/bin/../lib/bootstrap.jar:/home/germaaan/tools/android/android-studio/bin/../lib/extensions.jar:/home/germaaan/tools/android/android-studio/bin/../lib/util.jar:/home/germaaan/tools/android/android-studio/bin/../lib/jdom.jar:/home/germaaan/tools/android/android-studio/bin/../lib/log4j.jar:/home/germaaan/tools/android/android-studio/bin/../lib/trove4j.jar:/home/germaaan/tools/android/android-studio/bin/../lib/jna.jar:/usr/lib/jvm/java-7-oracle/lib/tools.jar
PATH=/home/germaaan/.rvm/gems/ruby-2.2.1/bin:/home/germaaan/.rvm/gems/ruby-2.2.1@global/bin:/usr/share/rvm/rubies/ruby-2.2.1/bin:/usr/local/sbin:/usr/local/bin:/usr/sbin:/usr/bin:/sbin:/bin:/usr/games:/usr/local/games:/usr/share/rvm/bin
LD_LIBRARY_PATH=/home/germaaan/tools/android/android-studio/bin:
SHELL=/bin/bash
DISPLAY=:0

Signal Handlers:
SIGSEGV: [libjvm.so+0x983340], sa_mask[0]=0x7ffbfeff, sa_flags=0x10000004
SIGBUS: [libjvm.so+0x983340], sa_mask[0]=0x7ffbfeff, sa_flags=0x10000004
SIGFPE: [libjvm.so+0x7efd90], sa_mask[0]=0x7ffbfeff, sa_flags=0x10000004
SIGPIPE: [libjvm.so+0x7efd90], sa_mask[0]=0x7ffbfeff, sa_flags=0x10000004
SIGXFSZ: [libjvm.so+0x7efd90], sa_mask[0]=0x7ffbfeff, sa_flags=0x10000004
SIGILL: [libjvm.so+0x7efd90], sa_mask[0]=0x7ffbfeff, sa_flags=0x10000004
SIGUSR1: SIG_DFL, sa_mask[0]=0x00000000, sa_flags=0x00000000
SIGUSR2: [libjvm.so+0x7efc10], sa_mask[0]=0x00000004, sa_flags=0x10000004
SIGHUP: [libjvm.so+0x7efe10], sa_mask[0]=0x7ffbfeff, sa_flags=0x10000004
SIGINT: [libjvm.so+0x7efe10], sa_mask[0]=0x7ffbfeff, sa_flags=0x10000004
SIGTERM: [libjvm.so+0x7efe10], sa_mask[0]=0x7ffbfeff, sa_flags=0x10000004
SIGQUIT: [libjvm.so+0x7efe10], sa_mask[0]=0x7ffbfeff, sa_flags=0x10000004
SIGTRAP: SIG_DFL, sa_mask[0]=0x00000000, sa_flags=0x00000000


---------------  S Y S T E M  ---------------

OS:Ubuntu 14.10 (utopic)
uname:Linux 3.16.0-34-generic #47-Ubuntu SMP Fri Apr 10 18:02:58 UTC 2015 x86_64
libc:glibc 2.19 NPTL 2.19 
rlimit: STACK 8192k, CORE 0k, NPROC 14834, NOFILE 4096, AS infinity
load average:5,09 1,76 1,00

/proc/meminfo:
MemTotal:        3819936 kB
MemFree:          121528 kB
MemAvailable:      65092 kB
Buffers:             280 kB
Cached:           212264 kB
SwapCached:         1992 kB
Active:          2496640 kB
Inactive:         974700 kB
Active(anon):    2487988 kB
Inactive(anon):   966692 kB
Active(file):       8652 kB
Inactive(file):     8008 kB
Unevictable:         156 kB
Mlocked:             156 kB
SwapTotal:       1998844 kB
SwapFree:              0 kB
Dirty:                88 kB
Writeback:             0 kB
AnonPages:       3257544 kB
Mapped:            74288 kB
Shmem:            195272 kB
Slab:              81572 kB
SReclaimable:      39392 kB
SUnreclaim:        42180 kB
KernelStack:       15840 kB
PageTables:        69472 kB
NFS_Unstable:          0 kB
Bounce:                0 kB
WritebackTmp:          0 kB
CommitLimit:     3908812 kB
Committed_AS:   13001380 kB
VmallocTotal:   34359738367 kB
VmallocUsed:      349208 kB
VmallocChunk:   34359380444 kB
HardwareCorrupted:     0 kB
AnonHugePages:    524288 kB
HugePages_Total:       0
HugePages_Free:        0
HugePages_Rsvd:        0
HugePages_Surp:        0
Hugepagesize:       2048 kB
DirectMap4k:       71196 kB
DirectMap2M:     3895296 kB


CPU:total 4 (2 cores per cpu, 2 threads per core) family 6 model 42 stepping 7, cmov, cx8, fxsr, mmx, sse, sse2, sse3, ssse3, sse4.1, sse4.2, popcnt, avx, aes, ht, tsc, tscinvbit

/proc/cpuinfo:
processor	: 0
vendor_id	: GenuineIntel
cpu family	: 6
model		: 42
model name	: Intel(R) Core(TM) i5-2450M CPU @ 2.50GHz
stepping	: 7
microcode	: 0x23
cpu MHz		: 2600.000
cache size	: 3072 KB
physical id	: 0
siblings	: 4
core id		: 0
cpu cores	: 2
apicid		: 0
initial apicid	: 0
fpu		: yes
fpu_exception	: yes
cpuid level	: 13
wp		: yes
flags		: fpu vme de pse tsc msr pae mce cx8 apic sep mtrr pge mca cmov pat pse36 clflush dts acpi mmx fxsr sse sse2 ss ht tm pbe syscall nx rdtscp lm constant_tsc arch_perfmon pebs bts rep_good nopl xtopology nonstop_tsc aperfmperf eagerfpu pni pclmulqdq dtes64 monitor ds_cpl vmx est tm2 ssse3 cx16 xtpr pdcm pcid sse4_1 sse4_2 x2apic popcnt tsc_deadline_timer aes xsave avx lahf_lm ida arat epb xsaveopt pln pts dtherm tpr_shadow vnmi flexpriority ept vpid
bogomips	: 4989.08
clflush size	: 64
cache_alignment	: 64
address sizes	: 36 bits physical, 48 bits virtual
power management:

processor	: 1
vendor_id	: GenuineIntel
cpu family	: 6
model		: 42
model name	: Intel(R) Core(TM) i5-2450M CPU @ 2.50GHz
stepping	: 7
microcode	: 0x23
cpu MHz		: 2600.000
cache size	: 3072 KB
physical id	: 0
siblings	: 4
core id		: 1
cpu cores	: 2
apicid		: 2
initial apicid	: 2
fpu		: yes
fpu_exception	: yes
cpuid level	: 13
wp		: yes
flags		: fpu vme de pse tsc msr pae mce cx8 apic sep mtrr pge mca cmov pat pse36 clflush dts acpi mmx fxsr sse sse2 ss ht tm pbe syscall nx rdtscp lm constant_tsc arch_perfmon pebs bts rep_good nopl xtopology nonstop_tsc aperfmperf eagerfpu pni pclmulqdq dtes64 monitor ds_cpl vmx est tm2 ssse3 cx16 xtpr pdcm pcid sse4_1 sse4_2 x2apic popcnt tsc_deadline_timer aes xsave avx lahf_lm ida arat epb xsaveopt pln pts dtherm tpr_shadow vnmi flexpriority ept vpid
bogomips	: 4989.08
clflush size	: 64
cache_alignment	: 64
address sizes	: 36 bits physical, 48 bits virtual
power management:

processor	: 2
vendor_id	: GenuineIntel
cpu family	: 6
model		: 42
model name	: Intel(R) Core(TM) i5-2450M CPU @ 2.50GHz
stepping	: 7
microcode	: 0x23
cpu MHz		: 2600.000
cache size	: 3072 KB
physical id	: 0
siblings	: 4
core id		: 0
cpu cores	: 2
apicid		: 1
initial apicid	: 1
fpu		: yes
fpu_exception	: yes
cpuid level	: 13
wp		: yes
flags		: fpu vme de pse tsc msr pae mce cx8 apic sep mtrr pge mca cmov pat pse36 clflush dts acpi mmx fxsr sse sse2 ss ht tm pbe syscall nx rdtscp lm constant_tsc arch_perfmon pebs bts rep_good nopl xtopology nonstop_tsc aperfmperf eagerfpu pni pclmulqdq dtes64 monitor ds_cpl vmx est tm2 ssse3 cx16 xtpr pdcm pcid sse4_1 sse4_2 x2apic popcnt tsc_deadline_timer aes xsave avx lahf_lm ida arat epb xsaveopt pln pts dtherm tpr_shadow vnmi flexpriority ept vpid
bogomips	: 4989.08
clflush size	: 64
cache_alignment	: 64
address sizes	: 36 bits physical, 48 bits virtual
power management:

processor	: 3
vendor_id	: GenuineIntel
cpu family	: 6
model		: 42
model name	: Intel(R) Core(TM) i5-2450M CPU @ 2.50GHz
stepping	: 7
microcode	: 0x23
cpu MHz		: 2600.000
cache size	: 3072 KB
physical id	: 0
siblings	: 4
core id		: 1
cpu cores	: 2
apicid		: 3
initial apicid	: 3
fpu		: yes
fpu_exception	: yes
cpuid level	: 13
wp		: yes
flags		: fpu vme de pse tsc msr pae mce cx8 apic sep mtrr pge mca cmov pat pse36 clflush dts acpi mmx fxsr sse sse2 ss ht tm pbe syscall nx rdtscp lm constant_tsc arch_perfmon pebs bts rep_good nopl xtopology nonstop_tsc aperfmperf eagerfpu pni pclmulqdq dtes64 monitor ds_cpl vmx est tm2 ssse3 cx16 xtpr pdcm pcid sse4_1 sse4_2 x2apic popcnt tsc_deadline_timer aes xsave avx lahf_lm ida arat epb xsaveopt pln pts dtherm tpr_shadow vnmi flexpriority ept vpid
bogomips	: 4989.08
clflush size	: 64
cache_alignment	: 64
address sizes	: 36 bits physical, 48 bits virtual
power management:



Memory: 4k page, physical 3819936k(121132k free), swap 1998844k(0k free)

vm_info: OpenJDK 64-Bit Server VM (24.75-b04) for linux-amd64 JRE (1.7.0_75-b13), built on Jan 27 2015 00:46:28 by "buildd" with gcc 4.9.1

time: Tue Apr 21 00:07:34 2015
elapsed time: 14 seconds

