#
# There is insufficient memory for the Java Runtime Environment to continue.
# Native memory allocation (malloc) failed to allocate 65011712 bytes for committing reserved memory.
# Possible reasons:
#   The system is out of physical RAM or swap space
#   In 32 bit mode, the process size limit was hit
# Possible solutions:
#   Reduce memory load on the system
#   Increase physical memory or swap space
#   Check if swap backing store is full
#   Use 64 bit Java on a 64 bit OS
#   Decrease Java heap size (-Xmx/-Xms)
#   Decrease number of Java threads
#   Decrease Java thread stack sizes (-Xss)
#   Set larger code cache with -XX:ReservedCodeCacheSize=
# This output file may be truncated or incomplete.
#
#  Out of Memory Error (os_linux.cpp:2756), pid=25684, tid=140005301708544
#
# JRE version: Java(TM) SE Runtime Environment (7.0_80-b15) (build 1.7.0_80-b15)
# Java VM: Java HotSpot(TM) 64-Bit Server VM (24.80-b11 mixed mode linux-amd64 compressed oops)
# Failed to write core dump. Core dumps have been disabled. To enable core dumping, try "ulimit -c unlimited" before starting Java again
#

---------------  T H R E A D  ---------------

Current thread (0x00007f558c132800):  VMThread [stack: 0x00007f5586366000,0x00007f5586467000] [id=25711]

Stack: [0x00007f5586366000,0x00007f5586467000],  sp=0x00007f5586465380,  free space=1020k
Native frames: (J=compiled Java code, j=interpreted, Vv=VM code, C=native code)
V  [libjvm.so+0x9a320a]  VMError::report_and_die()+0x2ea
V  [libjvm.so+0x498d3b]  report_vm_out_of_memory(char const*, int, unsigned long, char const*)+0x9b
V  [libjvm.so+0x82191e]  os::Linux::commit_memory_impl(char*, unsigned long, bool)+0xfe
V  [libjvm.so+0x821e69]  os::pd_commit_memory(char*, unsigned long, unsigned long, bool)+0x29
V  [libjvm.so+0x81bb6a]  os::commit_memory(char*, unsigned long, unsigned long, bool)+0x2a
V  [libjvm.so+0x88d623]  PSVirtualSpace::expand_by(unsigned long)+0x53
V  [libjvm.so+0x88e9f8]  PSYoungGen::resize_generation(unsigned long, unsigned long)+0xf8
V  [libjvm.so+0x88db62]  PSYoungGen::resize(unsigned long, unsigned long)+0x22
V  [libjvm.so+0x88af1d]  PSScavenge::invoke_no_policy()+0xf3d
V  [libjvm.so+0x88b761]  PSScavenge::invoke()+0x41
V  [libjvm.so+0x843f40]  ParallelScavengeHeap::failed_mem_allocate(unsigned long)+0x70
V  [libjvm.so+0x9a4a97]  VM_ParallelGCFailedAllocation::doit()+0x97
V  [libjvm.so+0x9abf35]  VM_Operation::evaluate()+0x55
V  [libjvm.so+0x9aa2fa]  VMThread::evaluate_operation(VM_Operation*)+0xba
V  [libjvm.so+0x9aa67e]  VMThread::loop()+0x1ce
V  [libjvm.so+0x9aaaf0]  VMThread::run()+0x70
V  [libjvm.so+0x8238c8]  java_start(Thread*)+0x108

VM_Operation (0x00007f55942ffdc0): ParallelGCFailedAllocation, mode: safepoint, requested by thread 0x00007f558c00b000


---------------  P R O C E S S  ---------------

Java Threads: ( => current thread )
  0x00007f558c19a000 JavaThread "Service Thread" daemon [_thread_blocked, id=25746, stack(0x00007f5584b19000,0x00007f5584c1a000)]
  0x00007f558c197000 JavaThread "C2 CompilerThread1" daemon [_thread_blocked, id=25744, stack(0x00007f5584c1a000,0x00007f5584d1b000)]
  0x00007f558c195000 JavaThread "C2 CompilerThread0" daemon [_thread_blocked, id=25742, stack(0x00007f5584d1b000,0x00007f5584e1c000)]
  0x00007f558c15a000 JavaThread "Signal Dispatcher" daemon [_thread_blocked, id=25737, stack(0x00007f5585981000,0x00007f5585a82000)]
  0x00007f558c138800 JavaThread "Finalizer" daemon [_thread_blocked, id=25722, stack(0x00007f5586164000,0x00007f5586265000)]
  0x00007f558c136800 JavaThread "Reference Handler" daemon [_thread_blocked, id=25717, stack(0x00007f5586265000,0x00007f5586366000)]
  0x00007f558c00b000 JavaThread "main" [_thread_blocked, id=25689, stack(0x00007f5594201000,0x00007f5594302000)]

Other Threads:
=>0x00007f558c132800 VMThread [stack: 0x00007f5586366000,0x00007f5586467000] [id=25711]
  0x00007f558c1a4800 WatcherThread [stack: 0x00007f5584a18000,0x00007f5584b19000] [id=25747]

VM state:at safepoint (normal execution)

VM Mutex/Monitor currently owned by a thread:  ([mutex/lock_event])
[0x00007f558c007770] Threads_lock - owner thread: 0x00007f558c132800
[0x00007f558c007c70] Heap_lock - owner thread: 0x00007f558c00b000

Heap
 PSYoungGen      total 144896K, used 41976K [0x00000000eaa80000, 0x00000000f6100000, 0x0000000100000000)
  eden space 102912K, 0% used [0x00000000eaa80000,0x00000000eaa80000,0x00000000f0f00000)
  from space 41984K, 99% used [0x00000000f0f00000,0x00000000f37fe350,0x00000000f3800000)
  to   space 35840K, 0% used [0x00000000f3e00000,0x00000000f3e00000,0x00000000f6100000)
 ParOldGen       total 107520K, used 68760K [0x00000000c0000000, 0x00000000c6900000, 0x00000000eaa80000)
  object space 107520K, 63% used [0x00000000c0000000,0x00000000c43263f0,0x00000000c6900000)
 PSPermGen       total 21504K, used 5567K [0x00000000bae00000, 0x00000000bc300000, 0x00000000c0000000)
  object space 21504K, 25% used [0x00000000bae00000,0x00000000bb36ffe8,0x00000000bc300000)

Card table byte_map: [0x00007f55910bc000,0x00007f55912e6000] byte_map_base: 0x00007f5590ae5000

Polling page: 0x00007f5594328000

Code Cache  [0x00007f5589000000, 0x00007f5589270000, 0x00007f558c000000)
 total_blobs=779 nmethods=550 adapters=182 free_code_cache=46855Kb largest_free_block=47929728

Compilation events (10 events):
Event: 47,982 Thread 0x00007f558c197000  697 %           com.android.dx.ssa.SsaConverter::edgeSplitSuccessors @ 45 (98 bytes)
Event: 48,177 Thread 0x00007f558c197000 nmethod 697% 0x00007f5589245350 code [0x00007f5589245580, 0x00007f55892461b8]
Event: 48,178 Thread 0x00007f558c195000  698 %           com.android.dx.ssa.SsaConverter::edgeSplitSuccessors @ 12 (98 bytes)
Event: 48,201 Thread 0x00007f558c197000  699             com.android.dx.ssa.SsaConverter::needsNewSuccessor (53 bytes)
Event: 48,207 Thread 0x00007f558c197000 nmethod 699 0x00007f5589236c10 code [0x00007f5589236d80, 0x00007f5589237018]
Event: 48,208 Thread 0x00007f558c197000  700   !         java.util.BitSet::clone (48 bytes)
Event: 48,249 Thread 0x00007f558c197000 nmethod 700 0x00007f55892366d0 code [0x00007f5589236840, 0x00007f5589236a48]
Event: 48,513 Thread 0x00007f558c195000 nmethod 698% 0x00007f5589246f10 code [0x00007f5589247120, 0x00007f5589247cb8]
Event: 48,900 Thread 0x00007f558c197000  701             com.android.dx.ssa.LiteralOpUpgrader$1::visitNonMoveInsn (203 bytes)
Event: 48,970 Thread 0x00007f558c197000 nmethod 701 0x00007f5589248890 code [0x00007f5589248b60, 0x00007f55892496e0]

GC Heap History (10 events):
Event: 32,319 GC heap after
Heap after GC invocations=9 (full 2):
 PSYoungGen      total 64512K, used 0K [0x00000000eaa80000, 0x00000000f3000000, 0x0000000100000000)
  eden space 47616K, 0% used [0x00000000eaa80000,0x00000000eaa80000,0x00000000ed900000)
  from space 16896K, 0% used [0x00000000ed900000,0x00000000ed900000,0x00000000ee980000)
  to   space 29696K, 0% used [0x00000000f1300000,0x00000000f1300000,0x00000000f3000000)
 ParOldGen       total 80896K, used 33809K [0x00000000c0000000, 0x00000000c4f00000, 0x00000000eaa80000)
  object space 80896K, 41% used [0x00000000c0000000,0x00000000c21044e0,0x00000000c4f00000)
 PSPermGen       total 21504K, used 5532K [0x00000000bae00000, 0x00000000bc300000, 0x00000000c0000000)
  object space 21504K, 25% used [0x00000000bae00000,0x00000000bb367000,0x00000000bc300000)
}
Event: 33,352 GC heap before
{Heap before GC invocations=10 (full 2):
 PSYoungGen      total 64512K, used 47616K [0x00000000eaa80000, 0x00000000f3000000, 0x0000000100000000)
  eden space 47616K, 100% used [0x00000000eaa80000,0x00000000ed900000,0x00000000ed900000)
  from space 16896K, 0% used [0x00000000ed900000,0x00000000ed900000,0x00000000ee980000)
  to   space 29696K, 0% used [0x00000000f1300000,0x00000000f1300000,0x00000000f3000000)
 ParOldGen       total 80896K, used 33809K [0x00000000c0000000, 0x00000000c4f00000, 0x00000000eaa80000)
  object space 80896K, 41% used [0x00000000c0000000,0x00000000c21044e0,0x00000000c4f00000)
 PSPermGen       total 21504K, used 5533K [0x00000000bae00000, 0x00000000bc300000, 0x00000000c0000000)
  object space 21504K, 25% used [0x00000000bae00000,0x00000000bb367448,0x00000000bc300000)
Event: 33,448 GC heap after
Heap after GC invocations=10 (full 2):
 PSYoungGen      total 107520K, used 17142K [0x00000000eaa80000, 0x00000000f3000000, 0x0000000100000000)
  eden space 77824K, 0% used [0x00000000eaa80000,0x00000000eaa80000,0x00000000ef680000)
  from space 29696K, 57% used [0x00000000f1300000,0x00000000f23bd800,0x00000000f3000000)
  to   space 29184K, 0% used [0x00000000ef680000,0x00000000ef680000,0x00000000f1300000)
 ParOldGen       total 80896K, used 33809K [0x00000000c0000000, 0x00000000c4f00000, 0x00000000eaa80000)
  object space 80896K, 41% used [0x00000000c0000000,0x00000000c21044e0,0x00000000c4f00000)
 PSPermGen       total 21504K, used 5533K [0x00000000bae00000, 0x00000000bc300000, 0x00000000c0000000)
  object space 21504K, 25% used [0x00000000bae00000,0x00000000bb367448,0x00000000bc300000)
}
Event: 40,615 GC heap before
{Heap before GC invocations=11 (full 2):
 PSYoungGen      total 107520K, used 94966K [0x00000000eaa80000, 0x00000000f3000000, 0x0000000100000000)
  eden space 77824K, 100% used [0x00000000eaa80000,0x00000000ef680000,0x00000000ef680000)
  from space 29696K, 57% used [0x00000000f1300000,0x00000000f23bd800,0x00000000f3000000)
  to   space 29184K, 0% used [0x00000000ef680000,0x00000000ef680000,0x00000000f1300000)
 ParOldGen       total 80896K, used 33809K [0x00000000c0000000, 0x00000000c4f00000, 0x00000000eaa80000)
  object space 80896K, 41% used [0x00000000c0000000,0x00000000c21044e0,0x00000000c4f00000)
 PSPermGen       total 21504K, used 5546K [0x00000000bae00000, 0x00000000bc300000, 0x00000000c0000000)
  object space 21504K, 25% used [0x00000000bae00000,0x00000000bb36aa20,0x00000000bc300000)
Event: 40,876 GC heap after
Heap after GC invocations=11 (full 2):
 PSYoungGen      total 107008K, used 29176K [0x00000000eaa80000, 0x00000000f6900000, 0x0000000100000000)
  eden space 77824K, 0% used [0x00000000eaa80000,0x00000000eaa80000,0x00000000ef680000)
  from space 29184K, 99% used [0x00000000ef680000,0x00000000f12fe110,0x00000000f1300000)
  to   space 44032K, 0% used [0x00000000f3e00000,0x00000000f3e00000,0x00000000f6900000)
 ParOldGen       total 80896K, used 59734K [0x00000000c0000000, 0x00000000c4f00000, 0x00000000eaa80000)
  object space 80896K, 73% used [0x00000000c0000000,0x00000000c3a55800,0x00000000c4f00000)
 PSPermGen       total 21504K, used 5546K [0x00000000bae00000, 0x00000000bc300000, 0x00000000c0000000)
  object space 21504K, 25% used [0x00000000bae00000,0x00000000bb36aa20,0x00000000bc300000)
}
Event: 40,877 GC heap before
{Heap before GC invocations=12 (full 3):
 PSYoungGen      total 107008K, used 29176K [0x00000000eaa80000, 0x00000000f6900000, 0x0000000100000000)
  eden space 77824K, 0% used [0x00000000eaa80000,0x00000000eaa80000,0x00000000ef680000)
  from space 29184K, 99% used [0x00000000ef680000,0x00000000f12fe110,0x00000000f1300000)
  to   space 44032K, 0% used [0x00000000f3e00000,0x00000000f3e00000,0x00000000f6900000)
 ParOldGen       total 80896K, used 59734K [0x00000000c0000000, 0x00000000c4f00000, 0x00000000eaa80000)
  object space 80896K, 73% used [0x00000000c0000000,0x00000000c3a55800,0x00000000c4f00000)
 PSPermGen       total 21504K, used 5546K [0x00000000bae00000, 0x00000000bc300000, 0x00000000c0000000)
  object space 21504K, 25% used [0x00000000bae00000,0x00000000bb36aa20,0x00000000bc300000)
Event: 41,626 GC heap after
Heap after GC invocations=12 (full 3):
 PSYoungGen      total 107008K, used 0K [0x00000000eaa80000, 0x00000000f6900000, 0x0000000100000000)
  eden space 77824K, 0% used [0x00000000eaa80000,0x00000000eaa80000,0x00000000ef680000)
  from space 29184K, 0% used [0x00000000ef680000,0x00000000ef680000,0x00000000f1300000)
  to   space 44032K, 0% used [0x00000000f3e00000,0x00000000f3e00000,0x00000000f6900000)
 ParOldGen       total 107520K, used 46800K [0x00000000c0000000, 0x00000000c6900000, 0x00000000eaa80000)
  object space 107520K, 43% used [0x00000000c0000000,0x00000000c2db42b8,0x00000000c6900000)
 PSPermGen       total 21504K, used 5545K [0x00000000bae00000, 0x00000000bc300000, 0x00000000c0000000)
  object space 21504K, 25% used [0x00000000bae00000,0x00000000bb36a760,0x00000000bc300000)
}
Event: 44,115 GC heap before
{Heap before GC invocations=13 (full 3):
 PSYoungGen      total 107008K, used 77824K [0x00000000eaa80000, 0x00000000f6900000, 0x0000000100000000)
  eden space 77824K, 100% used [0x00000000eaa80000,0x00000000ef680000,0x00000000ef680000)
  from space 29184K, 0% used [0x00000000ef680000,0x00000000ef680000,0x00000000f1300000)
  to   space 44032K, 0% used [0x00000000f3e00000,0x00000000f3e00000,0x00000000f6900000)
 ParOldGen       total 107520K, used 46800K [0x00000000c0000000, 0x00000000c6900000, 0x00000000eaa80000)
  object space 107520K, 43% used [0x00000000c0000000,0x00000000c2db42b8,0x00000000c6900000)
 PSPermGen       total 21504K, used 5561K [0x00000000bae00000, 0x00000000bc300000, 0x00000000c0000000)
  object space 21504K, 25% used [0x00000000bae00000,0x00000000bb36e518,0x00000000bc300000)
Event: 44,320 GC heap after
Heap after GC invocations=13 (full 3):
 PSYoungGen      total 138752K, used 20119K [0x00000000eaa80000, 0x00000000f6100000, 0x0000000100000000)
  eden space 102912K, 0% used [0x00000000eaa80000,0x00000000eaa80000,0x00000000f0f00000)
  from space 35840K, 56% used [0x00000000f3e00000,0x00000000f51a5f18,0x00000000f6100000)
  to   space 41984K, 0% used [0x00000000f0f00000,0x00000000f0f00000,0x00000000f3800000)
 ParOldGen       total 107520K, used 46800K [0x00000000c0000000, 0x00000000c6900000, 0x00000000eaa80000)
  object space 107520K, 43% used [0x00000000c0000000,0x00000000c2db42b8,0x00000000c6900000)
 PSPermGen       total 21504K, used 5561K [0x00000000bae00000, 0x00000000bc300000, 0x00000000c0000000)
  object space 21504K, 25% used [0x00000000bae00000,0x00000000bb36e518,0x00000000bc300000)
}
Event: 49,472 GC heap before
{Heap before GC invocations=14 (full 3):
 PSYoungGen      total 138752K, used 123031K [0x00000000eaa80000, 0x00000000f6100000, 0x0000000100000000)
  eden space 102912K, 100% used [0x00000000eaa80000,0x00000000f0f00000,0x00000000f0f00000)
  from space 35840K, 56% used [0x00000000f3e00000,0x00000000f51a5f18,0x00000000f6100000)
  to   space 41984K, 0% used [0x00000000f0f00000,0x00000000f0f00000,0x00000000f3800000)
 ParOldGen       total 107520K, used 46800K [0x00000000c0000000, 0x00000000c6900000, 0x00000000eaa80000)
  object space 107520K, 43% used [0x00000000c0000000,0x00000000c2db42b8,0x00000000c6900000)
 PSPermGen       total 21504K, used 5567K [0x00000000bae00000, 0x00000000bc300000, 0x00000000c0000000)
  object space 21504K, 25% used [0x00000000bae00000,0x00000000bb36ffe8,0x00000000bc300000)

Deoptimization events (10 events):
Event: 43,714 Thread 0x00007f558c00b000 Uncommon trap: reason=null_check action=make_not_entrant pc=0x00007f5589082c3c method=com.android.dx.rop.code.LocalItem.equals(Ljava/lang/Object;)Z @ 1
Event: 43,714 Thread 0x00007f558c00b000 Uncommon trap: reason=null_check action=make_not_entrant pc=0x00007f55890b4514 method=com.android.dx.rop.code.LocalItem.equals(Ljava/lang/Object;)Z @ 1
Event: 43,726 Thread 0x00007f558c00b000 Uncommon trap: reason=unloaded action=reinterpret pc=0x00007f55891dc768 method=com.android.dx.ssa.LiteralOpUpgrader$1.visitNonMoveInsn(Lcom/android/dx/ssa/NormalSsaInsn;)V @ 72
Event: 43,762 Thread 0x00007f558c00b000 Uncommon trap: reason=bimorphic action=maybe_recompile pc=0x00007f5589092e48 method=com.android.dx.rop.code.Rops.opMoveResultPseudo(Lcom/android/dx/rop/type/TypeBearer;)Lcom/android/dx/rop/code/Rop; @ 7
Event: 43,762 Thread 0x00007f558c00b000 Uncommon trap: reason=class_check action=maybe_recompile pc=0x00007f5589092da8 method=com.android.dx.cf.code.RopperMachine.run(Lcom/android/dx/cf/code/Frame;II)V @ 310
Event: 43,773 Thread 0x00007f558c00b000 Uncommon trap: reason=bimorphic action=maybe_recompile pc=0x00007f55891c1e2c method=com.android.dx.ssa.LiteralOpUpgrader.tryReplacingWithConstant(Lcom/android/dx/ssa/NormalSsaInsn;)Z @ 62
Event: 43,847 Thread 0x00007f558c00b000 Uncommon trap: reason=bimorphic action=maybe_recompile pc=0x00007f5589145e44 method=com.android.dx.ssa.SCCP.setLatticeValueTo(IILcom/android/dx/rop/cst/Constant;)Z @ 43
Event: 44,000 Thread 0x00007f558c00b000 Uncommon trap: reason=unstable_if action=reinterpret pc=0x00007f558911e038 method=java.util.BitSet.clone()Ljava/lang/Object; @ 4
Event: 44,000 Thread 0x00007f558c00b000 Uncommon trap: reason=unstable_if action=reinterpret pc=0x00007f55890b624c method=java.util.BitSet.clone()Ljava/lang/Object; @ 4
Event: 44,039 Thread 0x00007f558c00b000 Uncommon trap: reason=unstable_if action=reinterpret pc=0x00007f5589071950 method=com.android.dx.ssa.SsaMethod.getDefinitionForRegister(I)Lcom/android/dx/ssa/SsaInsn; @ 21

Internal exceptions (10 events):
Event: 20,174 Thread 0x00007f558c00b000 Threw 0x00000000eb09c780 at /HUDSON/workspace/7u-2-build-linux-amd64/jdk7u80/2329/hotspot/src/share/vm/prims/jvm.cpp:1319
Event: 20,178 Thread 0x00007f558c00b000 Threw 0x00000000eb09ebe8 at /HUDSON/workspace/7u-2-build-linux-amd64/jdk7u80/2329/hotspot/src/share/vm/prims/jvm.cpp:1319
Event: 20,196 Thread 0x00007f558c00b000 Threw 0x00000000eb0a2038 at /HUDSON/workspace/7u-2-build-linux-amd64/jdk7u80/2329/hotspot/src/share/vm/prims/jvm.cpp:1319
Event: 20,202 Thread 0x00007f558c00b000 Implicit null exception at 0x00007f55890e9f09 to 0x00007f55890e9f55
Event: 20,341 Thread 0x00007f558c00b000 Threw 0x00000000eb0de7e8 at /HUDSON/workspace/7u-2-build-linux-amd64/jdk7u80/2329/hotspot/src/share/vm/prims/jvm.cpp:1319
Event: 20,427 Thread 0x00007f558c00b000 Implicit null exception at 0x00007f55890e8600 to 0x00007f55890e8635
Event: 21,739 Thread 0x00007f558c00b000 Threw 0x00000000eb3ce7b8 at /HUDSON/workspace/7u-2-build-linux-amd64/jdk7u80/2329/hotspot/src/share/vm/prims/jvm.cpp:1319
Event: 33,262 Thread 0x00007f558c00b000 Threw 0x00000000ed7d4668 at /HUDSON/workspace/7u-2-build-linux-amd64/jdk7u80/2329/hotspot/src/share/vm/prims/jvm.cpp:1319
Event: 43,727 Thread 0x00007f558c00b000 Threw 0x00000000ef34ebc0 at /HUDSON/workspace/7u-2-build-linux-amd64/jdk7u80/2329/hotspot/src/share/vm/prims/jvm.cpp:1319
Event: 44,039 Thread 0x00007f558c00b000 Implicit null exception at 0x00007f55890718ce to 0x00007f558907193d

Events (10 events):
Event: 44,335 Executing VM operation: RevokeBias done
Event: 44,335 Executing VM operation: RevokeBias
Event: 44,335 Executing VM operation: RevokeBias done
Event: 44,335 Executing VM operation: RevokeBias
Event: 44,335 Executing VM operation: RevokeBias done
Event: 44,335 Executing VM operation: RevokeBias
Event: 44,335 Executing VM operation: RevokeBias done
Event: 44,335 Executing VM operation: RevokeBias
Event: 44,335 Executing VM operation: RevokeBias done
Event: 49,470 Executing VM operation: ParallelGCFailedAllocation


Dynamic libraries:
00400000-00401000 r-xp 00000000 08:01 2110566                            /usr/lib/jvm/java-7-oracle/bin/java
00600000-00601000 rw-p 00000000 08:01 2110566                            /usr/lib/jvm/java-7-oracle/bin/java
0226e000-0228f000 rw-p 00000000 00:00 0                                  [heap]
bae00000-bc300000 rw-p 00000000 00:00 0 
bc300000-c0000000 rw-p 00000000 00:00 0 
c0000000-c6900000 rw-p 00000000 00:00 0 
c6900000-eaa80000 rw-p 00000000 00:00 0 
eaa80000-f6100000 rw-p 00000000 00:00 0 
f9f00000-100000000 rw-p 00000000 00:00 0 
7f5550000000-7f5550021000 rw-p 00000000 00:00 0 
7f5550021000-7f5554000000 ---p 00000000 00:00 0 
7f5558000000-7f5558dc7000 rw-p 00000000 00:00 0 
7f5558dc7000-7f555c000000 ---p 00000000 00:00 0 
7f555c000000-7f555c021000 rw-p 00000000 00:00 0 
7f555c021000-7f5560000000 ---p 00000000 00:00 0 
7f5560000000-7f5560021000 rw-p 00000000 00:00 0 
7f5560021000-7f5564000000 ---p 00000000 00:00 0 
7f5564000000-7f5564cc7000 rw-p 00000000 00:00 0 
7f5564cc7000-7f5568000000 ---p 00000000 00:00 0 
7f5568000000-7f5568021000 rw-p 00000000 00:00 0 
7f5568021000-7f556c000000 ---p 00000000 00:00 0 
7f556c000000-7f556c021000 rw-p 00000000 00:00 0 
7f556c021000-7f5570000000 ---p 00000000 00:00 0 
7f5570000000-7f5570021000 rw-p 00000000 00:00 0 
7f5570021000-7f5574000000 ---p 00000000 00:00 0 
7f5574000000-7f55740e5000 rw-p 00000000 00:00 0 
7f55740e5000-7f5578000000 ---p 00000000 00:00 0 
7f5578000000-7f5578021000 rw-p 00000000 00:00 0 
7f5578021000-7f557c000000 ---p 00000000 00:00 0 
7f557c000000-7f557c021000 rw-p 00000000 00:00 0 
7f557c021000-7f5580000000 ---p 00000000 00:00 0 
7f5580000000-7f5580021000 rw-p 00000000 00:00 0 
7f5580021000-7f5584000000 ---p 00000000 00:00 0 
7f558415c000-7f55842c9000 rw-p 00000000 00:00 0 
7f55842c9000-7f55842ef000 r--p 00000000 08:01 2756829                    /usr/share/locale-langpack/es/LC_MESSAGES/libc.mo
7f55842ef000-7f55845f0000 rw-p 00000000 00:00 0 
7f55845f0000-7f5584607000 r-xp 00000000 08:01 2108540                    /usr/lib/jvm/java-7-oracle/jre/lib/amd64/libnet.so
7f5584607000-7f5584806000 ---p 00017000 08:01 2108540                    /usr/lib/jvm/java-7-oracle/jre/lib/amd64/libnet.so
7f5584806000-7f5584807000 rw-p 00016000 08:01 2108540                    /usr/lib/jvm/java-7-oracle/jre/lib/amd64/libnet.so
7f5584807000-7f5584817000 r-xp 00000000 08:01 2108506                    /usr/lib/jvm/java-7-oracle/jre/lib/amd64/libnio.so
7f5584817000-7f5584a17000 ---p 00010000 08:01 2108506                    /usr/lib/jvm/java-7-oracle/jre/lib/amd64/libnio.so
7f5584a17000-7f5584a18000 rw-p 00010000 08:01 2108506                    /usr/lib/jvm/java-7-oracle/jre/lib/amd64/libnio.so
7f5584a18000-7f5584a19000 ---p 00000000 00:00 0 
7f5584a19000-7f5584b19000 rw-p 00000000 00:00 0                          [stack:25747]
7f5584b19000-7f5584b1c000 ---p 00000000 00:00 0 
7f5584b1c000-7f5584c1a000 rw-p 00000000 00:00 0                          [stack:25746]
7f5584c1a000-7f5584c1d000 ---p 00000000 00:00 0 
7f5584c1d000-7f5584d1b000 rw-p 00000000 00:00 0                          [stack:25744]
7f5584d1b000-7f5584d1e000 ---p 00000000 00:00 0 
7f5584d1e000-7f5584e1c000 rw-p 00000000 00:00 0                          [stack:25742]
7f5584e1c000-7f5584e21000 r-xp 00000000 08:01 2106549                    /usr/lib/x86_64-linux-gnu/libXdmcp.so.6.0.0
7f5584e21000-7f5585020000 ---p 00005000 08:01 2106549                    /usr/lib/x86_64-linux-gnu/libXdmcp.so.6.0.0
7f5585020000-7f5585021000 r--p 00004000 08:01 2106549                    /usr/lib/x86_64-linux-gnu/libXdmcp.so.6.0.0
7f5585021000-7f5585022000 rw-p 00005000 08:01 2106549                    /usr/lib/x86_64-linux-gnu/libXdmcp.so.6.0.0
7f5585022000-7f5585024000 r-xp 00000000 08:01 2106538                    /usr/lib/x86_64-linux-gnu/libXau.so.6.0.0
7f5585024000-7f5585224000 ---p 00002000 08:01 2106538                    /usr/lib/x86_64-linux-gnu/libXau.so.6.0.0
7f5585224000-7f5585225000 r--p 00002000 08:01 2106538                    /usr/lib/x86_64-linux-gnu/libXau.so.6.0.0
7f5585225000-7f5585226000 rw-p 00003000 08:01 2106538                    /usr/lib/x86_64-linux-gnu/libXau.so.6.0.0
7f5585226000-7f5585243000 r-xp 00000000 08:01 2107736                    /usr/lib/x86_64-linux-gnu/libxcb.so.1.1.0
7f5585243000-7f5585443000 ---p 0001d000 08:01 2107736                    /usr/lib/x86_64-linux-gnu/libxcb.so.1.1.0
7f5585443000-7f5585444000 r--p 0001d000 08:01 2107736                    /usr/lib/x86_64-linux-gnu/libxcb.so.1.1.0
7f5585444000-7f5585445000 rw-p 0001e000 08:01 2107736                    /usr/lib/x86_64-linux-gnu/libxcb.so.1.1.0
7f5585445000-7f5585578000 r-xp 00000000 08:01 2106534                    /usr/lib/x86_64-linux-gnu/libX11.so.6.3.0
7f5585578000-7f5585778000 ---p 00133000 08:01 2106534                    /usr/lib/x86_64-linux-gnu/libX11.so.6.3.0
7f5585778000-7f5585779000 r--p 00133000 08:01 2106534                    /usr/lib/x86_64-linux-gnu/libX11.so.6.3.0
7f5585779000-7f558577d000 rw-p 00134000 08:01 2106534                    /usr/lib/x86_64-linux-gnu/libX11.so.6.3.0
7f558577d000-7f558577e000 rw-p 00000000 00:00 0 
7f558577e000-7f558577f000 r-xp 00000000 08:01 2119627                    /usr/lib/jayatana/libjayatanaag.so
7f558577f000-7f558597f000 ---p 00001000 08:01 2119627                    /usr/lib/jayatana/libjayatanaag.so
7f558597f000-7f5585980000 r--p 00001000 08:01 2119627                    /usr/lib/jayatana/libjayatanaag.so
7f5585980000-7f5585981000 rw-p 00002000 08:01 2119627                    /usr/lib/jayatana/libjayatanaag.so
7f5585981000-7f5585984000 ---p 00000000 00:00 0 
7f5585984000-7f5585a82000 rw-p 00000000 00:00 0                          [stack:25737]
7f5585a82000-7f5586164000 r--p 00000000 08:01 2105314                    /usr/lib/locale/locale-archive
7f5586164000-7f5586167000 ---p 00000000 00:00 0 
7f5586167000-7f5586265000 rw-p 00000000 00:00 0                          [stack:25722]
7f5586265000-7f5586268000 ---p 00000000 00:00 0 
7f5586268000-7f5586366000 rw-p 00000000 00:00 0                          [stack:25717]
7f5586366000-7f5586367000 ---p 00000000 00:00 0 
7f5586367000-7f5589000000 rw-p 00000000 00:00 0                          [stack:25711]
7f5589000000-7f5589270000 rwxp 00000000 00:00 0 
7f5589270000-7f558c260000 rw-p 00000000 00:00 0 
7f558c260000-7f5590000000 ---p 00000000 00:00 0 
7f559001c000-7f5590023000 r--s 00000000 08:01 2361894                    /usr/lib/x86_64-linux-gnu/gconv/gconv-modules.cache
7f5590023000-7f559002e000 r--s 0006d000 08:01 1187922                    /home/germaaan/AndroidStudioProjects/Camino/app/build/intermediates/exploded-aar/com.google.android.gms/play-services-analytics/7.0.0/classes.jar
7f559002e000-7f559067f000 rw-p 00000000 00:00 0 
7f559067f000-7f559083f000 r--s 039fb000 08:01 2108620                    /usr/lib/jvm/java-7-oracle/jre/lib/rt.jar
7f559083f000-7f5590b39000 rw-p 00000000 00:00 0 
7f5590b39000-7f5590b3a000 ---p 00000000 00:00 0 
7f5590b3a000-7f5590c3a000 rw-p 00000000 00:00 0                          [stack:25702]
7f5590c3a000-7f5590c3b000 ---p 00000000 00:00 0 
7f5590c3b000-7f5590d3b000 rw-p 00000000 00:00 0                          [stack:25700]
7f5590d3b000-7f5590d3c000 ---p 00000000 00:00 0 
7f5590d3c000-7f5590e3c000 rw-p 00000000 00:00 0                          [stack:25693]
7f5590e3c000-7f5590e3d000 ---p 00000000 00:00 0 
7f5590e3d000-7f5590f48000 rw-p 00000000 00:00 0                          [stack:25691]
7f5590f48000-7f5590f66000 rw-p 00000000 00:00 0 
7f5590f66000-7f5590f9b000 rw-p 00000000 00:00 0 
7f5590f9b000-7f55910bc000 rw-p 00000000 00:00 0 
7f55910bc000-7f55910c7000 rw-p 00000000 00:00 0 
7f55910c7000-7f55910e5000 rw-p 00000000 00:00 0 
7f55910e5000-7f559111a000 rw-p 00000000 00:00 0 
7f559111a000-7f559123a000 rw-p 00000000 00:00 0 
7f559123a000-7f5591296000 rw-p 00000000 00:00 0 
7f5591296000-7f559129a000 ---p 00000000 00:00 0 
7f559129a000-7f55912e5000 rw-p 00000000 00:00 0 
7f55912e5000-7f55912e6000 rw-p 00000000 00:00 0 
7f55912e6000-7f55912fd000 r-xp 00000000 08:01 2108535                    /usr/lib/jvm/java-7-oracle/jre/lib/amd64/libzip.so
7f55912fd000-7f55914fd000 ---p 00017000 08:01 2108535                    /usr/lib/jvm/java-7-oracle/jre/lib/amd64/libzip.so
7f55914fd000-7f55914fe000 rw-p 00017000 08:01 2108535                    /usr/lib/jvm/java-7-oracle/jre/lib/amd64/libzip.so
7f55914fe000-7f559150a000 r-xp 00000000 08:01 1315145                    /lib/x86_64-linux-gnu/libnss_files-2.21.so
7f559150a000-7f5591709000 ---p 0000c000 08:01 1315145                    /lib/x86_64-linux-gnu/libnss_files-2.21.so
7f5591709000-7f559170a000 r--p 0000b000 08:01 1315145                    /lib/x86_64-linux-gnu/libnss_files-2.21.so
7f559170a000-7f559170b000 rw-p 0000c000 08:01 1315145                    /lib/x86_64-linux-gnu/libnss_files-2.21.so
7f559170b000-7f5591716000 r-xp 00000000 08:01 1315155                    /lib/x86_64-linux-gnu/libnss_nis-2.21.so
7f5591716000-7f5591915000 ---p 0000b000 08:01 1315155                    /lib/x86_64-linux-gnu/libnss_nis-2.21.so
7f5591915000-7f5591916000 r--p 0000a000 08:01 1315155                    /lib/x86_64-linux-gnu/libnss_nis-2.21.so
7f5591916000-7f5591917000 rw-p 0000b000 08:01 1315155                    /lib/x86_64-linux-gnu/libnss_nis-2.21.so
7f5591917000-7f559192e000 r-xp 00000000 08:01 1315139                    /lib/x86_64-linux-gnu/libnsl-2.21.so
7f559192e000-7f5591b2d000 ---p 00017000 08:01 1315139                    /lib/x86_64-linux-gnu/libnsl-2.21.so
7f5591b2d000-7f5591b2e000 r--p 00016000 08:01 1315139                    /lib/x86_64-linux-gnu/libnsl-2.21.so
7f5591b2e000-7f5591b2f000 rw-p 00017000 08:01 1315139                    /lib/x86_64-linux-gnu/libnsl-2.21.so
7f5591b2f000-7f5591b31000 rw-p 00000000 00:00 0 
7f5591b31000-7f5591b39000 r-xp 00000000 08:01 1315141                    /lib/x86_64-linux-gnu/libnss_compat-2.21.so
7f5591b39000-7f5591d38000 ---p 00008000 08:01 1315141                    /lib/x86_64-linux-gnu/libnss_compat-2.21.so
7f5591d38000-7f5591d39000 r--p 00007000 08:01 1315141                    /lib/x86_64-linux-gnu/libnss_compat-2.21.so
7f5591d39000-7f5591d3a000 rw-p 00008000 08:01 1315141                    /lib/x86_64-linux-gnu/libnss_compat-2.21.so
7f5591d3a000-7f5591d44000 r-xp 00000000 08:01 2108548                    /usr/lib/jvm/java-7-oracle/jre/lib/amd64/libinstrument.so
7f5591d44000-7f5591f43000 ---p 0000a000 08:01 2108548                    /usr/lib/jvm/java-7-oracle/jre/lib/amd64/libinstrument.so
7f5591f43000-7f5591f44000 rw-p 00009000 08:01 2108548                    /usr/lib/jvm/java-7-oracle/jre/lib/amd64/libinstrument.so
7f5591f44000-7f5591f6d000 r-xp 00000000 08:01 2108501                    /usr/lib/jvm/java-7-oracle/jre/lib/amd64/libjava.so
7f5591f6d000-7f559216d000 ---p 00029000 08:01 2108501                    /usr/lib/jvm/java-7-oracle/jre/lib/amd64/libjava.so
7f559216d000-7f559216f000 rw-p 00029000 08:01 2108501                    /usr/lib/jvm/java-7-oracle/jre/lib/amd64/libjava.so
7f559216f000-7f559217c000 r-xp 00000000 08:01 2108528                    /usr/lib/jvm/java-7-oracle/jre/lib/amd64/libverify.so
7f559217c000-7f559237b000 ---p 0000d000 08:01 2108528                    /usr/lib/jvm/java-7-oracle/jre/lib/amd64/libverify.so
7f559237b000-7f559237d000 rw-p 0000c000 08:01 2108528                    /usr/lib/jvm/java-7-oracle/jre/lib/amd64/libverify.so
7f559237d000-7f5592384000 r-xp 00000000 08:01 1315200                    /lib/x86_64-linux-gnu/librt-2.21.so
7f5592384000-7f5592583000 ---p 00007000 08:01 1315200                    /lib/x86_64-linux-gnu/librt-2.21.so
7f5592583000-7f5592584000 r--p 00006000 08:01 1315200                    /lib/x86_64-linux-gnu/librt-2.21.so
7f5592584000-7f5592585000 rw-p 00007000 08:01 1315200                    /lib/x86_64-linux-gnu/librt-2.21.so
7f5592585000-7f559268c000 r-xp 00000000 08:01 1315118                    /lib/x86_64-linux-gnu/libm-2.21.so
7f559268c000-7f559288b000 ---p 00107000 08:01 1315118                    /lib/x86_64-linux-gnu/libm-2.21.so
7f559288b000-7f559288c000 r--p 00106000 08:01 1315118                    /lib/x86_64-linux-gnu/libm-2.21.so
7f559288c000-7f559288d000 rw-p 00107000 08:01 1315118                    /lib/x86_64-linux-gnu/libm-2.21.so
7f559288d000-7f5593403000 r-xp 00000000 08:01 2108555                    /usr/lib/jvm/java-7-oracle/jre/lib/amd64/server/libjvm.so
7f5593403000-7f5593602000 ---p 00b76000 08:01 2108555                    /usr/lib/jvm/java-7-oracle/jre/lib/amd64/server/libjvm.so
7f5593602000-7f55936c6000 rw-p 00b75000 08:01 2108555                    /usr/lib/jvm/java-7-oracle/jre/lib/amd64/server/libjvm.so
7f55936c6000-7f5593707000 rw-p 00000000 00:00 0 
7f5593707000-7f55938c7000 r-xp 00000000 08:01 1315059                    /lib/x86_64-linux-gnu/libc-2.21.so
7f55938c7000-7f5593ac7000 ---p 001c0000 08:01 1315059                    /lib/x86_64-linux-gnu/libc-2.21.so
7f5593ac7000-7f5593acb000 r--p 001c0000 08:01 1315059                    /lib/x86_64-linux-gnu/libc-2.21.so
7f5593acb000-7f5593acd000 rw-p 001c4000 08:01 1315059                    /lib/x86_64-linux-gnu/libc-2.21.so
7f5593acd000-7f5593ad1000 rw-p 00000000 00:00 0 
7f5593ad1000-7f5593ad4000 r-xp 00000000 08:01 1315076                    /lib/x86_64-linux-gnu/libdl-2.21.so
7f5593ad4000-7f5593cd3000 ---p 00003000 08:01 1315076                    /lib/x86_64-linux-gnu/libdl-2.21.so
7f5593cd3000-7f5593cd4000 r--p 00002000 08:01 1315076                    /lib/x86_64-linux-gnu/libdl-2.21.so
7f5593cd4000-7f5593cd5000 rw-p 00003000 08:01 1315076                    /lib/x86_64-linux-gnu/libdl-2.21.so
7f5593cd5000-7f5593cea000 r-xp 00000000 08:01 2109287                    /usr/lib/jvm/java-7-oracle/lib/amd64/jli/libjli.so
7f5593cea000-7f5593ee9000 ---p 00015000 08:01 2109287                    /usr/lib/jvm/java-7-oracle/lib/amd64/jli/libjli.so
7f5593ee9000-7f5593eea000 rw-p 00014000 08:01 2109287                    /usr/lib/jvm/java-7-oracle/lib/amd64/jli/libjli.so
7f5593eea000-7f5593f02000 r-xp 00000000 08:01 1315192                    /lib/x86_64-linux-gnu/libpthread-2.21.so
7f5593f02000-7f5594102000 ---p 00018000 08:01 1315192                    /lib/x86_64-linux-gnu/libpthread-2.21.so
7f5594102000-7f5594103000 r--p 00018000 08:01 1315192                    /lib/x86_64-linux-gnu/libpthread-2.21.so
7f5594103000-7f5594104000 rw-p 00019000 08:01 1315192                    /lib/x86_64-linux-gnu/libpthread-2.21.so
7f5594104000-7f5594108000 rw-p 00000000 00:00 0 
7f5594108000-7f559412c000 r-xp 00000000 08:01 1315031                    /lib/x86_64-linux-gnu/ld-2.21.so
7f5594132000-7f5594141000 r--s 000dd000 08:01 1971520                    /home/germaaan/Android/Sdk/build-tools/21.1.2/lib/dx.jar
7f5594141000-7f559414b000 rw-p 00000000 00:00 0 
7f559414b000-7f5594201000 rw-p 00000000 00:00 0 
7f5594201000-7f5594204000 ---p 00000000 00:00 0 
7f5594204000-7f5594306000 rw-p 00000000 00:00 0                          [stack:25689]
7f5594307000-7f5594308000 rw-p 00000000 00:00 0 
7f5594308000-7f5594309000 r--s 00000000 08:01 2491414                    /usr/share/java/jayatanaag.jar
7f5594309000-7f559431f000 rw-p 00000000 00:00 0 
7f559431f000-7f5594327000 rw-s 00000000 08:01 1187310                    /tmp/hsperfdata_germaaan/25684
7f5594327000-7f5594328000 rw-p 00000000 00:00 0 
7f5594328000-7f5594329000 ---p 00000000 00:00 0 
7f5594329000-7f559432b000 rw-p 00000000 00:00 0 
7f559432b000-7f559432c000 r--p 00023000 08:01 1315031                    /lib/x86_64-linux-gnu/ld-2.21.so
7f559432c000-7f559432d000 rw-p 00024000 08:01 1315031                    /lib/x86_64-linux-gnu/ld-2.21.so
7f559432d000-7f559432e000 rw-p 00000000 00:00 0 
7ffcd224a000-7ffcd226b000 rw-p 00000000 00:00 0                          [stack]
7ffcd2272000-7ffcd2274000 r--p 00000000 00:00 0                          [vvar]
7ffcd2274000-7ffcd2276000 r-xp 00000000 00:00 0                          [vdso]
ffffffffff600000-ffffffffff601000 r-xp 00000000 00:00 0                  [vsyscall]

VM Arguments:
jvm_args: -javaagent:/usr/share/java/jayatanaag.jar -Xmx1024M -Dfile.encoding=UTF-8 -Duser.country=ES -Duser.language=es -Duser.variant 
java_command: com.android.dx.command.Main --dex --output /home/germaaan/AndroidStudioProjects/Camino/app/build/intermediates/pre-dexed/debug/classes-af218732f173991c4419b1dcf8b9c691ee7fb392.jar /home/germaaan/AndroidStudioProjects/Camino/app/build/intermediates/exploded-aar/com.google.android.gms/play-services-analytics/7.0.0/classes.jar
Launcher Type: SUN_STANDARD

Environment Variables:
JAVA_HOME=/usr/lib/jvm/java-7-oracle
JAVA_TOOL_OPTIONS=-javaagent:/usr/share/java/jayatanaag.jar 
CLASSPATH=/home/germaaan/tools/android/android-studio/bin/../lib/bootstrap.jar:/home/germaaan/tools/android/android-studio/bin/../lib/extensions.jar:/home/germaaan/tools/android/android-studio/bin/../lib/util.jar:/home/germaaan/tools/android/android-studio/bin/../lib/jdom.jar:/home/germaaan/tools/android/android-studio/bin/../lib/log4j.jar:/home/germaaan/tools/android/android-studio/bin/../lib/trove4j.jar:/home/germaaan/tools/android/android-studio/bin/../lib/jna.jar:/usr/lib/jvm/java-7-oracle/lib/tools.jar
PATH=/usr/local/sbin:/usr/local/bin:/usr/sbin:/usr/bin:/sbin:/bin:/usr/games:/usr/local/games:/usr/lib/jvm/java-7-oracle/bin:/usr/lib/jvm/java-7-oracle/db/bin:/usr/lib/jvm/java-7-oracle/jre/bin
LD_LIBRARY_PATH=/home/germaaan/tools/android/android-studio/bin:
SHELL=/bin/bash
DISPLAY=:0

Signal Handlers:
SIGSEGV: [libjvm.so+0x9a3b20], sa_mask[0]=0x7ffbfeff, sa_flags=0x10000004
SIGBUS: [libjvm.so+0x9a3b20], sa_mask[0]=0x7ffbfeff, sa_flags=0x10000004
SIGFPE: [libjvm.so+0x81e740], sa_mask[0]=0x7ffbfeff, sa_flags=0x10000004
SIGPIPE: [libjvm.so+0x81e740], sa_mask[0]=0x7ffbfeff, sa_flags=0x10000004
SIGXFSZ: [libjvm.so+0x81e740], sa_mask[0]=0x7ffbfeff, sa_flags=0x10000004
SIGILL: [libjvm.so+0x81e740], sa_mask[0]=0x7ffbfeff, sa_flags=0x10000004
SIGUSR1: SIG_DFL, sa_mask[0]=0x00000000, sa_flags=0x00000000
SIGUSR2: [libjvm.so+0x81ffb0], sa_mask[0]=0x00000004, sa_flags=0x10000004
SIGHUP: [libjvm.so+0x8210d0], sa_mask[0]=0x7ffbfeff, sa_flags=0x10000004
SIGINT: [libjvm.so+0x8210d0], sa_mask[0]=0x7ffbfeff, sa_flags=0x10000004
SIGTERM: [libjvm.so+0x8210d0], sa_mask[0]=0x7ffbfeff, sa_flags=0x10000004
SIGQUIT: [libjvm.so+0x8210d0], sa_mask[0]=0x7ffbfeff, sa_flags=0x10000004


---------------  S Y S T E M  ---------------

OS:jessie/sid

uname:Linux 3.19.0-16-generic #16-Ubuntu SMP Thu Apr 30 16:09:58 UTC 2015 x86_64
libc:glibc 2.21 NPTL 2.21 
rlimit: STACK 8192k, CORE 0k, NPROC 14832, NOFILE 65536, AS infinity
load average:16,19 6,44 2,86

/proc/meminfo:
MemTotal:        3819332 kB
MemFree:           87292 kB
MemAvailable:      30368 kB
Buffers:             364 kB
Cached:           259108 kB
SwapCached:          300 kB
Active:          2123460 kB
Inactive:         839744 kB
Active(anon):    2114016 kB
Inactive(anon):   831896 kB
Active(file):       9444 kB
Inactive(file):     7848 kB
Unevictable:         356 kB
Mlocked:             356 kB
SwapTotal:       1998844 kB
SwapFree:              0 kB
Dirty:                 0 kB
Writeback:            12 kB
AnonPages:       2704596 kB
Mapped:           581856 kB
Shmem:            241552 kB
Slab:              87196 kB
SReclaimable:      37780 kB
SUnreclaim:        49416 kB
KernelStack:       14592 kB
PageTables:        65564 kB
NFS_Unstable:          0 kB
Bounce:                0 kB
WritebackTmp:          0 kB
CommitLimit:     3908508 kB
Committed_AS:   12753272 kB
VmallocTotal:   34359738367 kB
VmallocUsed:      351152 kB
VmallocChunk:   34359377372 kB
HardwareCorrupted:     0 kB
AnonHugePages:    268288 kB
CmaTotal:              0 kB
CmaFree:               0 kB
HugePages_Total:       0
HugePages_Free:        0
HugePages_Rsvd:        0
HugePages_Surp:        0
Hugepagesize:       2048 kB
DirectMap4k:      587292 kB
DirectMap2M:     3379200 kB


CPU:total 4 (2 cores per cpu, 2 threads per core) family 6 model 42 stepping 7, cmov, cx8, fxsr, mmx, sse, sse2, sse3, ssse3, sse4.1, sse4.2, popcnt, avx, aes, ht, tsc, tscinvbit

/proc/cpuinfo:
processor	: 0
vendor_id	: GenuineIntel
cpu family	: 6
model		: 42
model name	: Intel(R) Core(TM) i5-2450M CPU @ 2.50GHz
stepping	: 7
microcode	: 0x29
cpu MHz		: 2500.000
cache size	: 3072 KB
physical id	: 0
siblings	: 4
core id		: 0
cpu cores	: 2
apicid		: 0
initial apicid	: 0
fpu		: yes
fpu_exception	: yes
cpuid level	: 13
wp		: yes
flags		: fpu vme de pse tsc msr pae mce cx8 apic sep mtrr pge mca cmov pat pse36 clflush dts acpi mmx fxsr sse sse2 ss ht tm pbe syscall nx rdtscp lm constant_tsc arch_perfmon pebs bts rep_good nopl xtopology nonstop_tsc aperfmperf eagerfpu pni pclmulqdq dtes64 monitor ds_cpl vmx est tm2 ssse3 cx16 xtpr pdcm pcid sse4_1 sse4_2 x2apic popcnt tsc_deadline_timer aes xsave avx lahf_lm ida arat epb pln pts dtherm tpr_shadow vnmi flexpriority ept vpid xsaveopt
bugs		:
bogomips	: 4988.48
clflush size	: 64
cache_alignment	: 64
address sizes	: 36 bits physical, 48 bits virtual
power management:

processor	: 1
vendor_id	: GenuineIntel
cpu family	: 6
model		: 42
model name	: Intel(R) Core(TM) i5-2450M CPU @ 2.50GHz
stepping	: 7
microcode	: 0x29
cpu MHz		: 2526.171
cache size	: 3072 KB
physical id	: 0
siblings	: 4
core id		: 1
cpu cores	: 2
apicid		: 2
initial apicid	: 2
fpu		: yes
fpu_exception	: yes
cpuid level	: 13
wp		: yes
flags		: fpu vme de pse tsc msr pae mce cx8 apic sep mtrr pge mca cmov pat pse36 clflush dts acpi mmx fxsr sse sse2 ss ht tm pbe syscall nx rdtscp lm constant_tsc arch_perfmon pebs bts rep_good nopl xtopology nonstop_tsc aperfmperf eagerfpu pni pclmulqdq dtes64 monitor ds_cpl vmx est tm2 ssse3 cx16 xtpr pdcm pcid sse4_1 sse4_2 x2apic popcnt tsc_deadline_timer aes xsave avx lahf_lm ida arat epb pln pts dtherm tpr_shadow vnmi flexpriority ept vpid xsaveopt
bugs		:
bogomips	: 4988.48
clflush size	: 64
cache_alignment	: 64
address sizes	: 36 bits physical, 48 bits virtual
power management:

processor	: 2
vendor_id	: GenuineIntel
cpu family	: 6
model		: 42
model name	: Intel(R) Core(TM) i5-2450M CPU @ 2.50GHz
stepping	: 7
microcode	: 0x29
cpu MHz		: 2526.074
cache size	: 3072 KB
physical id	: 0
siblings	: 4
core id		: 0
cpu cores	: 2
apicid		: 1
initial apicid	: 1
fpu		: yes
fpu_exception	: yes
cpuid level	: 13
wp		: yes
flags		: fpu vme de pse tsc msr pae mce cx8 apic sep mtrr pge mca cmov pat pse36 clflush dts acpi mmx fxsr sse sse2 ss ht tm pbe syscall nx rdtscp lm constant_tsc arch_perfmon pebs bts rep_good nopl xtopology nonstop_tsc aperfmperf eagerfpu pni pclmulqdq dtes64 monitor ds_cpl vmx est tm2 ssse3 cx16 xtpr pdcm pcid sse4_1 sse4_2 x2apic popcnt tsc_deadline_timer aes xsave avx lahf_lm ida arat epb pln pts dtherm tpr_shadow vnmi flexpriority ept vpid xsaveopt
bugs		:
bogomips	: 4988.48
clflush size	: 64
cache_alignment	: 64
address sizes	: 36 bits physical, 48 bits virtual
power management:

processor	: 3
vendor_id	: GenuineIntel
cpu family	: 6
model		: 42
model name	: Intel(R) Core(TM) i5-2450M CPU @ 2.50GHz
stepping	: 7
microcode	: 0x29
cpu MHz		: 2526.171
cache size	: 3072 KB
physical id	: 0
siblings	: 4
core id		: 1
cpu cores	: 2
apicid		: 3
initial apicid	: 3
fpu		: yes
fpu_exception	: yes
cpuid level	: 13
wp		: yes
flags		: fpu vme de pse tsc msr pae mce cx8 apic sep mtrr pge mca cmov pat pse36 clflush dts acpi mmx fxsr sse sse2 ss ht tm pbe syscall nx rdtscp lm constant_tsc arch_perfmon pebs bts rep_good nopl xtopology nonstop_tsc aperfmperf eagerfpu pni pclmulqdq dtes64 monitor ds_cpl vmx est tm2 ssse3 cx16 xtpr pdcm pcid sse4_1 sse4_2 x2apic popcnt tsc_deadline_timer aes xsave avx lahf_lm ida arat epb pln pts dtherm tpr_shadow vnmi flexpriority ept vpid xsaveopt
bugs		:
bogomips	: 4988.48
clflush size	: 64
cache_alignment	: 64
address sizes	: 36 bits physical, 48 bits virtual
power management:



Memory: 4k page, physical 3819332k(87144k free), swap 1998844k(0k free)

vm_info: Java HotSpot(TM) 64-Bit Server VM (24.80-b11) for linux-amd64 JRE (1.7.0_80-b15), built on Apr 10 2015 19:53:14 by "java_re" with gcc 4.3.0 20080428 (Red Hat 4.3.0-8)

time: Sat May 16 13:52:12 2015
elapsed time: 50 seconds

