#
# There is insufficient memory for the Java Runtime Environment to continue.
# Native memory allocation (malloc) failed to allocate 64487424 bytes for committing reserved memory.
# Possible reasons:
#   The system is out of physical RAM or swap space
#   In 32 bit mode, the process size limit was hit
# Possible solutions:
#   Reduce memory load on the system
#   Increase physical memory or swap space
#   Check if swap backing store is full
#   Use 64 bit Java on a 64 bit OS
#   Decrease Java heap size (-Xmx/-Xms)
#   Decrease number of Java threads
#   Decrease Java thread stack sizes (-Xss)
#   Set larger code cache with -XX:ReservedCodeCacheSize=
# This output file may be truncated or incomplete.
#
#  Out of Memory Error (os_linux.cpp:2756), pid=28127, tid=140157944764160
#
# JRE version: Java(TM) SE Runtime Environment (7.0_80-b15) (build 1.7.0_80-b15)
# Java VM: Java HotSpot(TM) 64-Bit Server VM (24.80-b11 mixed mode linux-amd64 compressed oops)
# Failed to write core dump. Core dumps have been disabled. To enable core dumping, try "ulimit -c unlimited" before starting Java again
#

---------------  T H R E A D  ---------------

Current thread (0x00007f7918132800):  VMThread [stack: 0x00007f7910729000,0x00007f791082a000] [id=28163]

Stack: [0x00007f7910729000,0x00007f791082a000],  sp=0x00007f7910828200,  free space=1020k
Native frames: (J=compiled Java code, j=interpreted, Vv=VM code, C=native code)
V  [libjvm.so+0x9a320a]  VMError::report_and_die()+0x2ea
V  [libjvm.so+0x498d3b]  report_vm_out_of_memory(char const*, int, unsigned long, char const*)+0x9b
V  [libjvm.so+0x82191e]  os::Linux::commit_memory_impl(char*, unsigned long, bool)+0xfe
V  [libjvm.so+0x821e69]  os::pd_commit_memory(char*, unsigned long, unsigned long, bool)+0x29
V  [libjvm.so+0x81bb6a]  os::commit_memory(char*, unsigned long, unsigned long, bool)+0x2a
V  [libjvm.so+0x88d623]  PSVirtualSpace::expand_by(unsigned long)+0x53
V  [libjvm.so+0x88e9f8]  PSYoungGen::resize_generation(unsigned long, unsigned long)+0xf8
V  [libjvm.so+0x88db62]  PSYoungGen::resize(unsigned long, unsigned long)+0x22
V  [libjvm.so+0x88af1d]  PSScavenge::invoke_no_policy()+0xf3d
V  [libjvm.so+0x88b761]  PSScavenge::invoke()+0x41
V  [libjvm.so+0x843f40]  ParallelScavengeHeap::failed_mem_allocate(unsigned long)+0x70
V  [libjvm.so+0x9a4a97]  VM_ParallelGCFailedAllocation::doit()+0x97
V  [libjvm.so+0x9abf35]  VM_Operation::evaluate()+0x55
V  [libjvm.so+0x9aa2fa]  VMThread::evaluate_operation(VM_Operation*)+0xba
V  [libjvm.so+0x9aa67e]  VMThread::loop()+0x1ce
V  [libjvm.so+0x9aaaf0]  VMThread::run()+0x70
V  [libjvm.so+0x8238c8]  java_start(Thread*)+0x108

VM_Operation (0x00007f791e6b0d00): ParallelGCFailedAllocation, mode: safepoint, requested by thread 0x00007f791800b000


---------------  P R O C E S S  ---------------

Java Threads: ( => current thread )
  0x00007f791819a000 JavaThread "Service Thread" daemon [_thread_blocked, id=28189, stack(0x00007f78faebb000,0x00007f78fafbc000)]
  0x00007f7918197000 JavaThread "C2 CompilerThread1" daemon [_thread_blocked, id=28188, stack(0x00007f7910021000,0x00007f7910122000)]
  0x00007f7918195000 JavaThread "C2 CompilerThread0" daemon [_thread_blocked, id=28187, stack(0x00007f7910122000,0x00007f7910223000)]
  0x00007f791815a000 JavaThread "Signal Dispatcher" daemon [_thread_blocked, id=28182, stack(0x00007f7910426000,0x00007f7910527000)]
  0x00007f7918138800 JavaThread "Finalizer" daemon [_thread_blocked, id=28170, stack(0x00007f7910527000,0x00007f7910628000)]
  0x00007f7918136800 JavaThread "Reference Handler" daemon [_thread_blocked, id=28169, stack(0x00007f7910628000,0x00007f7910729000)]
  0x00007f791800b000 JavaThread "main" [_thread_blocked, id=28136, stack(0x00007f791e5b2000,0x00007f791e6b3000)]

Other Threads:
=>0x00007f7918132800 VMThread [stack: 0x00007f7910729000,0x00007f791082a000] [id=28163]
  0x00007f79181a4800 WatcherThread [stack: 0x00007f78fadba000,0x00007f78faebb000] [id=28190]

VM state:at safepoint (normal execution)

VM Mutex/Monitor currently owned by a thread:  ([mutex/lock_event])
[0x00007f7918007770] Threads_lock - owner thread: 0x00007f7918132800
[0x00007f7918007c70] Heap_lock - owner thread: 0x00007f791800b000

Heap
 PSYoungGen      total 141824K, used 50155K [0x00000000eaa80000, 0x00000000f7700000, 0x0000000100000000)
  eden space 91648K, 0% used [0x00000000eaa80000,0x00000000eaa80000,0x00000000f0400000)
  from space 50176K, 99% used [0x00000000f0400000,0x00000000f34faf88,0x00000000f3500000)
  to   space 38400K, 0% used [0x00000000f3500000,0x00000000f3500000,0x00000000f5a80000)
 ParOldGen       total 101888K, used 89611K [0x00000000c0000000, 0x00000000c6380000, 0x00000000eaa80000)
  object space 101888K, 87% used [0x00000000c0000000,0x00000000c5782f10,0x00000000c6380000)
 PSPermGen       total 21504K, used 5565K [0x00000000bae00000, 0x00000000bc300000, 0x00000000c0000000)
  object space 21504K, 25% used [0x00000000bae00000,0x00000000bb36f5c8,0x00000000bc300000)

Card table byte_map: [0x00007f7914382000,0x00007f79145ac000] byte_map_base: 0x00007f7913dab000

Polling page: 0x00007f791e6d9000

Code Cache  [0x00007f79145ac000, 0x00007f791481c000, 0x00007f79175ac000)
 total_blobs=777 nmethods=548 adapters=182 free_code_cache=46885Kb largest_free_block=47963328

Compilation events (10 events):
Event: 19,973 Thread 0x00007f7918195000 nmethod 705 0x00007f79147b2b10 code [0x00007f79147b2c80, 0x00007f79147b2e98]
Event: 19,973 Thread 0x00007f7918195000  706             com.android.dx.cf.code.OneLocalsArray::get (20 bytes)
Event: 19,974 Thread 0x00007f7918195000 nmethod 706 0x00007f79147b27d0 code [0x00007f79147b2920, 0x00007f79147b29d8]
Event: 19,974 Thread 0x00007f7918195000  707             com.android.dx.cf.code.BaseMachine::localInfo (6 bytes)
Event: 19,974 Thread 0x00007f7918195000 nmethod 707 0x00007f79147c3cd0 code [0x00007f79147c3e00, 0x00007f79147c3e58]
Event: 19,974 Thread 0x00007f7918195000  708             com.android.dx.ssa.DeadCodeRemover::isCircularNoSideEffect (140 bytes)
Event: 20,355 Thread 0x00007f7918197000 nmethod 704 0x00007f79147e5390 code [0x00007f79147e5720, 0x00007f79147e7240]
Event: 20,448 Thread 0x00007f7918195000 nmethod 708 0x00007f79147ea9d0 code [0x00007f79147eac80, 0x00007f79147ec448]
Event: 21,194 Thread 0x00007f7918197000  709             com.android.dx.rop.cst.CstInteger::getType (4 bytes)
Event: 21,195 Thread 0x00007f7918197000 nmethod 709 0x00007f79147badd0 code [0x00007f79147baf00, 0x00007f79147baf58]

GC Heap History (10 events):
Event: 14,171 GC heap after
Heap after GC invocations=6 (full 1):
 PSYoungGen      total 65536K, used 2048K [0x00000000eaa80000, 0x00000000f2880000, 0x0000000100000000)
  eden space 63488K, 0% used [0x00000000eaa80000,0x00000000eaa80000,0x00000000ee880000)
  from space 2048K, 100% used [0x00000000ee880000,0x00000000eea80000,0x00000000eea80000)
  to   space 28160K, 0% used [0x00000000f0d00000,0x00000000f0d00000,0x00000000f2880000)
 ParOldGen       total 84480K, used 55553K [0x00000000c0000000, 0x00000000c5280000, 0x00000000eaa80000)
  object space 84480K, 65% used [0x00000000c0000000,0x00000000c3640750,0x00000000c5280000)
 PSPermGen       total 21504K, used 5534K [0x00000000bae00000, 0x00000000bc300000, 0x00000000c0000000)
  object space 21504K, 25% used [0x00000000bae00000,0x00000000bb367a38,0x00000000bc300000)
}
Event: 14,310 GC heap before
{Heap before GC invocations=7 (full 1):
 PSYoungGen      total 65536K, used 65536K [0x00000000eaa80000, 0x00000000f2880000, 0x0000000100000000)
  eden space 63488K, 100% used [0x00000000eaa80000,0x00000000ee880000,0x00000000ee880000)
  from space 2048K, 100% used [0x00000000ee880000,0x00000000eea80000,0x00000000eea80000)
  to   space 28160K, 0% used [0x00000000f0d00000,0x00000000f0d00000,0x00000000f2880000)
 ParOldGen       total 84480K, used 55553K [0x00000000c0000000, 0x00000000c5280000, 0x00000000eaa80000)
  object space 84480K, 65% used [0x00000000c0000000,0x00000000c3640750,0x00000000c5280000)
 PSPermGen       total 21504K, used 5534K [0x00000000bae00000, 0x00000000bc300000, 0x00000000c0000000)
  object space 21504K, 25% used [0x00000000bae00000,0x00000000bb367a58,0x00000000bc300000)
Event: 14,390 GC heap after
Heap after GC invocations=7 (full 1):
 PSYoungGen      total 90112K, used 28135K [0x00000000eaa80000, 0x00000000f5b00000, 0x0000000100000000)
  eden space 61952K, 0% used [0x00000000eaa80000,0x00000000eaa80000,0x00000000ee700000)
  from space 28160K, 99% used [0x00000000f0d00000,0x00000000f2879f88,0x00000000f2880000)
  to   space 38912K, 0% used [0x00000000ee700000,0x00000000ee700000,0x00000000f0d00000)
 ParOldGen       total 84480K, used 64697K [0x00000000c0000000, 0x00000000c5280000, 0x00000000eaa80000)
  object space 84480K, 76% used [0x00000000c0000000,0x00000000c3f2e750,0x00000000c5280000)
 PSPermGen       total 21504K, used 5534K [0x00000000bae00000, 0x00000000bc300000, 0x00000000c0000000)
  object space 21504K, 25% used [0x00000000bae00000,0x00000000bb367a58,0x00000000bc300000)
}
Event: 14,390 GC heap before
{Heap before GC invocations=8 (full 2):
 PSYoungGen      total 90112K, used 28135K [0x00000000eaa80000, 0x00000000f5b00000, 0x0000000100000000)
  eden space 61952K, 0% used [0x00000000eaa80000,0x00000000eaa80000,0x00000000ee700000)
  from space 28160K, 99% used [0x00000000f0d00000,0x00000000f2879f88,0x00000000f2880000)
  to   space 38912K, 0% used [0x00000000ee700000,0x00000000ee700000,0x00000000f0d00000)
 ParOldGen       total 84480K, used 64697K [0x00000000c0000000, 0x00000000c5280000, 0x00000000eaa80000)
  object space 84480K, 76% used [0x00000000c0000000,0x00000000c3f2e750,0x00000000c5280000)
 PSPermGen       total 21504K, used 5534K [0x00000000bae00000, 0x00000000bc300000, 0x00000000c0000000)
  object space 21504K, 25% used [0x00000000bae00000,0x00000000bb367a58,0x00000000bc300000)
Event: 14,742 GC heap after
Heap after GC invocations=8 (full 2):
 PSYoungGen      total 90112K, used 0K [0x00000000eaa80000, 0x00000000f5b00000, 0x0000000100000000)
  eden space 61952K, 0% used [0x00000000eaa80000,0x00000000eaa80000,0x00000000ee700000)
  from space 28160K, 0% used [0x00000000f0d00000,0x00000000f0d00000,0x00000000f2880000)
  to   space 38912K, 0% used [0x00000000ee700000,0x00000000ee700000,0x00000000f0d00000)
 ParOldGen       total 101888K, used 48240K [0x00000000c0000000, 0x00000000c6380000, 0x00000000eaa80000)
  object space 101888K, 47% used [0x00000000c0000000,0x00000000c2f1c118,0x00000000c6380000)
 PSPermGen       total 21504K, used 5533K [0x00000000bae00000, 0x00000000bc300000, 0x00000000c0000000)
  object space 21504K, 25% used [0x00000000bae00000,0x00000000bb367638,0x00000000bc300000)
}
Event: 18,145 GC heap before
{Heap before GC invocations=9 (full 2):
 PSYoungGen      total 90112K, used 61952K [0x00000000eaa80000, 0x00000000f5b00000, 0x0000000100000000)
  eden space 61952K, 100% used [0x00000000eaa80000,0x00000000ee700000,0x00000000ee700000)
  from space 28160K, 0% used [0x00000000f0d00000,0x00000000f0d00000,0x00000000f2880000)
  to   space 38912K, 0% used [0x00000000ee700000,0x00000000ee700000,0x00000000f0d00000)
 ParOldGen       total 101888K, used 48240K [0x00000000c0000000, 0x00000000c6380000, 0x00000000eaa80000)
  object space 101888K, 47% used [0x00000000c0000000,0x00000000c2f1c118,0x00000000c6380000)
 PSPermGen       total 21504K, used 5548K [0x00000000bae00000, 0x00000000bc300000, 0x00000000c0000000)
  object space 21504K, 25% used [0x00000000bae00000,0x00000000bb36b210,0x00000000bc300000)
Event: 18,306 GC heap after
Heap after GC invocations=9 (full 2):
 PSYoungGen      total 100864K, used 22030K [0x00000000eaa80000, 0x00000000f5a80000, 0x0000000100000000)
  eden space 61952K, 0% used [0x00000000eaa80000,0x00000000eaa80000,0x00000000ee700000)
  from space 38912K, 56% used [0x00000000ee700000,0x00000000efc83978,0x00000000f0d00000)
  to   space 38400K, 0% used [0x00000000f3500000,0x00000000f3500000,0x00000000f5a80000)
 ParOldGen       total 101888K, used 48240K [0x00000000c0000000, 0x00000000c6380000, 0x00000000eaa80000)
  object space 101888K, 47% used [0x00000000c0000000,0x00000000c2f1c118,0x00000000c6380000)
 PSPermGen       total 21504K, used 5548K [0x00000000bae00000, 0x00000000bc300000, 0x00000000c0000000)
  object space 21504K, 25% used [0x00000000bae00000,0x00000000bb36b210,0x00000000bc300000)
}
Event: 18,667 GC heap before
{Heap before GC invocations=10 (full 2):
 PSYoungGen      total 100864K, used 83982K [0x00000000eaa80000, 0x00000000f5a80000, 0x0000000100000000)
  eden space 61952K, 100% used [0x00000000eaa80000,0x00000000ee700000,0x00000000ee700000)
  from space 38912K, 56% used [0x00000000ee700000,0x00000000efc83978,0x00000000f0d00000)
  to   space 38400K, 0% used [0x00000000f3500000,0x00000000f3500000,0x00000000f5a80000)
 ParOldGen       total 101888K, used 48240K [0x00000000c0000000, 0x00000000c6380000, 0x00000000eaa80000)
  object space 101888K, 47% used [0x00000000c0000000,0x00000000c2f1c118,0x00000000c6380000)
 PSPermGen       total 21504K, used 5548K [0x00000000bae00000, 0x00000000bc300000, 0x00000000c0000000)
  object space 21504K, 25% used [0x00000000bae00000,0x00000000bb36b210,0x00000000bc300000)
Event: 18,925 GC heap after
Heap after GC invocations=10 (full 2):
 PSYoungGen      total 130048K, used 38372K [0x00000000eaa80000, 0x00000000f7700000, 0x0000000100000000)
  eden space 91648K, 0% used [0x00000000eaa80000,0x00000000eaa80000,0x00000000f0400000)
  from space 38400K, 99% used [0x00000000f3500000,0x00000000f5a790d8,0x00000000f5a80000)
  to   space 50176K, 0% used [0x00000000f0400000,0x00000000f0400000,0x00000000f3500000)
 ParOldGen       total 101888K, used 60760K [0x00000000c0000000, 0x00000000c6380000, 0x00000000eaa80000)
  object space 101888K, 59% used [0x00000000c0000000,0x00000000c3b56118,0x00000000c6380000)
 PSPermGen       total 21504K, used 5548K [0x00000000bae00000, 0x00000000bc300000, 0x00000000c0000000)
  object space 21504K, 25% used [0x00000000bae00000,0x00000000bb36b210,0x00000000bc300000)
}
Event: 21,428 GC heap before
{Heap before GC invocations=11 (full 2):
 PSYoungGen      total 130048K, used 130020K [0x00000000eaa80000, 0x00000000f7700000, 0x0000000100000000)
  eden space 91648K, 100% used [0x00000000eaa80000,0x00000000f0400000,0x00000000f0400000)
  from space 38400K, 99% used [0x00000000f3500000,0x00000000f5a790d8,0x00000000f5a80000)
  to   space 50176K, 0% used [0x00000000f0400000,0x00000000f0400000,0x00000000f3500000)
 ParOldGen       total 101888K, used 60760K [0x00000000c0000000, 0x00000000c6380000, 0x00000000eaa80000)
  object space 101888K, 59% used [0x00000000c0000000,0x00000000c3b56118,0x00000000c6380000)
 PSPermGen       total 21504K, used 5565K [0x00000000bae00000, 0x00000000bc300000, 0x00000000c0000000)
  object space 21504K, 25% used [0x00000000bae00000,0x00000000bb36f5c8,0x00000000bc300000)

Deoptimization events (10 events):
Event: 19,752 Thread 0x00007f791800b000 Uncommon trap: reason=null_check action=make_not_entrant pc=0x00007f7914668a54 method=com.android.dx.rop.code.LocalItem.equals(Ljava/lang/Object;)Z @ 1
Event: 19,753 Thread 0x00007f791800b000 Uncommon trap: reason=unloaded action=reinterpret pc=0x00007f7914640ef0 method=com.android.dx.ssa.LiteralOpUpgrader$1.visitNonMoveInsn(Lcom/android/dx/ssa/NormalSsaInsn;)V @ 72
Event: 19,789 Thread 0x00007f791800b000 Uncommon trap: reason=bimorphic action=maybe_recompile pc=0x00007f791478d6c8 method=com.android.dx.rop.code.Rops.opMoveResultPseudo(Lcom/android/dx/rop/type/TypeBearer;)Lcom/android/dx/rop/code/Rop; @ 7
Event: 19,789 Thread 0x00007f791800b000 Uncommon trap: reason=class_check action=maybe_recompile pc=0x00007f791478d628 method=com.android.dx.cf.code.RopperMachine.run(Lcom/android/dx/cf/code/Frame;II)V @ 310
Event: 19,790 Thread 0x00007f791800b000 Uncommon trap: reason=bimorphic action=maybe_recompile pc=0x00007f79146c0a68 method=com.android.dx.ssa.LiteralOpUpgrader.tryReplacingWithConstant(Lcom/android/dx/ssa/NormalSsaInsn;)Z @ 62
Event: 19,795 Thread 0x00007f791800b000 Uncommon trap: reason=bimorphic action=maybe_recompile pc=0x00007f79146a6e84 method=com.android.dx.ssa.SCCP.setLatticeValueTo(IILcom/android/dx/rop/cst/Constant;)Z @ 43
Event: 19,873 Thread 0x00007f791800b000 Uncommon trap: reason=unstable_if action=reinterpret pc=0x00007f79146d86c4 method=java.util.BitSet.clone()Ljava/lang/Object; @ 4
Event: 19,873 Thread 0x00007f791800b000 Uncommon trap: reason=unstable_if action=reinterpret pc=0x00007f791466aa8c method=java.util.BitSet.clone()Ljava/lang/Object; @ 4
Event: 19,891 Thread 0x00007f791800b000 Uncommon trap: reason=unstable_if action=reinterpret pc=0x00007f7914652a50 method=com.android.dx.ssa.SsaMethod.getDefinitionForRegister(I)Lcom/android/dx/ssa/SsaInsn; @ 21
Event: 20,068 Thread 0x00007f791800b000 Uncommon trap: reason=unstable_if action=reinterpret pc=0x00007f7914757fa0 method=java.util.BitSet.clone()Ljava/lang/Object; @ 4

Internal exceptions (10 events):
Event: 8,347 Thread 0x00007f791800b000 Threw 0x00000000ecb9bce8 at /HUDSON/workspace/7u-2-build-linux-amd64/jdk7u80/2329/hotspot/src/share/vm/prims/jvm.cpp:1319
Event: 8,347 Thread 0x00007f791800b000 Threw 0x00000000ecb9e150 at /HUDSON/workspace/7u-2-build-linux-amd64/jdk7u80/2329/hotspot/src/share/vm/prims/jvm.cpp:1319
Event: 8,348 Thread 0x00007f791800b000 Threw 0x00000000ecba15a0 at /HUDSON/workspace/7u-2-build-linux-amd64/jdk7u80/2329/hotspot/src/share/vm/prims/jvm.cpp:1319
Event: 8,358 Thread 0x00007f791800b000 Implicit null exception at 0x00007f791462fd89 to 0x00007f791462fdd5
Event: 8,399 Thread 0x00007f791800b000 Threw 0x00000000ecbddfd8 at /HUDSON/workspace/7u-2-build-linux-amd64/jdk7u80/2329/hotspot/src/share/vm/prims/jvm.cpp:1319
Event: 8,419 Thread 0x00007f791800b000 Implicit null exception at 0x00007f7914634840 to 0x00007f7914634875
Event: 9,159 Thread 0x00007f791800b000 Threw 0x00000000ececf5e8 at /HUDSON/workspace/7u-2-build-linux-amd64/jdk7u80/2329/hotspot/src/share/vm/prims/jvm.cpp:1319
Event: 15,021 Thread 0x00007f791800b000 Threw 0x00000000eb35ef18 at /HUDSON/workspace/7u-2-build-linux-amd64/jdk7u80/2329/hotspot/src/share/vm/prims/jvm.cpp:1319
Event: 19,753 Thread 0x00007f791800b000 Threw 0x00000000ed01a448 at /HUDSON/workspace/7u-2-build-linux-amd64/jdk7u80/2329/hotspot/src/share/vm/prims/jvm.cpp:1319
Event: 19,891 Thread 0x00007f791800b000 Implicit null exception at 0x00007f79146529ce to 0x00007f7914652a3d

Events (10 events):
Event: 19,873 Thread 0x00007f791800b000 Uncommon trap: trap_request=0xffffff75 fr.pc=0x00007f791466aa8c
Event: 19,873 Thread 0x00007f791800b000 DEOPT PACKING pc=0x00007f791466aa8c sp=0x00007f791e6b0ea0
Event: 19,873 Thread 0x00007f791800b000 DEOPT UNPACKING pc=0x00007f79145e5445 sp=0x00007f791e6b0e70 mode 2
Event: 19,891 Thread 0x00007f791800b000 Uncommon trap: trap_request=0xffffff75 fr.pc=0x00007f7914652a50
Event: 19,891 Thread 0x00007f791800b000 DEOPT PACKING pc=0x00007f7914652a50 sp=0x00007f791e6b0ac0
Event: 19,891 Thread 0x00007f791800b000 DEOPT UNPACKING pc=0x00007f79145e5445 sp=0x00007f791e6b0a20 mode 2
Event: 20,068 Thread 0x00007f791800b000 Uncommon trap: trap_request=0xffffff75 fr.pc=0x00007f7914757fa0
Event: 20,068 Thread 0x00007f791800b000 DEOPT PACKING pc=0x00007f7914757fa0 sp=0x00007f791e6b0dc0
Event: 20,068 Thread 0x00007f791800b000 DEOPT UNPACKING pc=0x00007f79145e5445 sp=0x00007f791e6b0cf8 mode 2
Event: 21,428 Executing VM operation: ParallelGCFailedAllocation


Dynamic libraries:
00400000-00401000 r-xp 00000000 08:01 2110566                            /usr/lib/jvm/java-7-oracle/bin/java
00600000-00601000 rw-p 00000000 08:01 2110566                            /usr/lib/jvm/java-7-oracle/bin/java
01327000-01348000 rw-p 00000000 00:00 0                                  [heap]
bae00000-bc300000 rw-p 00000000 00:00 0 
bc300000-c0000000 rw-p 00000000 00:00 0 
c0000000-c6380000 rw-p 00000000 00:00 0 
c6380000-eaa80000 rw-p 00000000 00:00 0 
eaa80000-f7700000 rw-p 00000000 00:00 0 
fb480000-100000000 rw-p 00000000 00:00 0 
7f78d8000000-7f78d8021000 rw-p 00000000 00:00 0 
7f78d8021000-7f78dc000000 ---p 00000000 00:00 0 
7f78e0000000-7f78e0e29000 rw-p 00000000 00:00 0 
7f78e0e29000-7f78e4000000 ---p 00000000 00:00 0 
7f78e4000000-7f78e4021000 rw-p 00000000 00:00 0 
7f78e4021000-7f78e8000000 ---p 00000000 00:00 0 
7f78e8000000-7f78e8021000 rw-p 00000000 00:00 0 
7f78e8021000-7f78ec000000 ---p 00000000 00:00 0 
7f78ec000000-7f78ecbd2000 rw-p 00000000 00:00 0 
7f78ecbd2000-7f78f0000000 ---p 00000000 00:00 0 
7f78f0000000-7f78f0021000 rw-p 00000000 00:00 0 
7f78f0021000-7f78f4000000 ---p 00000000 00:00 0 
7f78f4000000-7f78f4021000 rw-p 00000000 00:00 0 
7f78f4021000-7f78f8000000 ---p 00000000 00:00 0 
7f78fa4fe000-7f78fa66b000 rw-p 00000000 00:00 0 
7f78fa66b000-7f78fa691000 r--p 00000000 08:01 2756829                    /usr/share/locale-langpack/es/LC_MESSAGES/libc.mo
7f78fa691000-7f78fa992000 rw-p 00000000 00:00 0 
7f78fa992000-7f78fa9a9000 r-xp 00000000 08:01 2108540                    /usr/lib/jvm/java-7-oracle/jre/lib/amd64/libnet.so
7f78fa9a9000-7f78faba8000 ---p 00017000 08:01 2108540                    /usr/lib/jvm/java-7-oracle/jre/lib/amd64/libnet.so
7f78faba8000-7f78faba9000 rw-p 00016000 08:01 2108540                    /usr/lib/jvm/java-7-oracle/jre/lib/amd64/libnet.so
7f78faba9000-7f78fabb9000 r-xp 00000000 08:01 2108506                    /usr/lib/jvm/java-7-oracle/jre/lib/amd64/libnio.so
7f78fabb9000-7f78fadb9000 ---p 00010000 08:01 2108506                    /usr/lib/jvm/java-7-oracle/jre/lib/amd64/libnio.so
7f78fadb9000-7f78fadba000 rw-p 00010000 08:01 2108506                    /usr/lib/jvm/java-7-oracle/jre/lib/amd64/libnio.so
7f78fadba000-7f78fadbb000 ---p 00000000 00:00 0 
7f78fadbb000-7f78faebb000 rw-p 00000000 00:00 0                          [stack:28190]
7f78faebb000-7f78faebe000 ---p 00000000 00:00 0 
7f78faebe000-7f78fafbc000 rw-p 00000000 00:00 0                          [stack:28189]
7f78fafbc000-7f78fafc1000 r-xp 00000000 08:01 2106549                    /usr/lib/x86_64-linux-gnu/libXdmcp.so.6.0.0
7f78fafc1000-7f78fb1c0000 ---p 00005000 08:01 2106549                    /usr/lib/x86_64-linux-gnu/libXdmcp.so.6.0.0
7f78fb1c0000-7f78fb1c1000 r--p 00004000 08:01 2106549                    /usr/lib/x86_64-linux-gnu/libXdmcp.so.6.0.0
7f78fb1c1000-7f78fb1c2000 rw-p 00005000 08:01 2106549                    /usr/lib/x86_64-linux-gnu/libXdmcp.so.6.0.0
7f78fb1c2000-7f78fb1c4000 r-xp 00000000 08:01 2106538                    /usr/lib/x86_64-linux-gnu/libXau.so.6.0.0
7f78fb1c4000-7f78fb3c4000 ---p 00002000 08:01 2106538                    /usr/lib/x86_64-linux-gnu/libXau.so.6.0.0
7f78fb3c4000-7f78fb3c5000 r--p 00002000 08:01 2106538                    /usr/lib/x86_64-linux-gnu/libXau.so.6.0.0
7f78fb3c5000-7f78fb3c6000 rw-p 00003000 08:01 2106538                    /usr/lib/x86_64-linux-gnu/libXau.so.6.0.0
7f78fb3c6000-7f78fb3e3000 r-xp 00000000 08:01 2107736                    /usr/lib/x86_64-linux-gnu/libxcb.so.1.1.0
7f78fb3e3000-7f78fb5e3000 ---p 0001d000 08:01 2107736                    /usr/lib/x86_64-linux-gnu/libxcb.so.1.1.0
7f78fb5e3000-7f78fb5e4000 r--p 0001d000 08:01 2107736                    /usr/lib/x86_64-linux-gnu/libxcb.so.1.1.0
7f78fb5e4000-7f78fb5e5000 rw-p 0001e000 08:01 2107736                    /usr/lib/x86_64-linux-gnu/libxcb.so.1.1.0
7f78fb5e5000-7f78fb718000 r-xp 00000000 08:01 2106534                    /usr/lib/x86_64-linux-gnu/libX11.so.6.3.0
7f78fb718000-7f78fb918000 ---p 00133000 08:01 2106534                    /usr/lib/x86_64-linux-gnu/libX11.so.6.3.0
7f78fb918000-7f78fb919000 r--p 00133000 08:01 2106534                    /usr/lib/x86_64-linux-gnu/libX11.so.6.3.0
7f78fb919000-7f78fb91d000 rw-p 00134000 08:01 2106534                    /usr/lib/x86_64-linux-gnu/libX11.so.6.3.0
7f78fb91d000-7f78fb91e000 rw-p 00000000 00:00 0 
7f78fb91e000-7f78fc000000 r--p 00000000 08:01 2105314                    /usr/lib/locale/locale-archive
7f78fc000000-7f78fc021000 rw-p 00000000 00:00 0 
7f78fc021000-7f7900000000 ---p 00000000 00:00 0 
7f7900000000-7f79000e5000 rw-p 00000000 00:00 0 
7f79000e5000-7f7904000000 ---p 00000000 00:00 0 
7f7904000000-7f7904021000 rw-p 00000000 00:00 0 
7f7904021000-7f7908000000 ---p 00000000 00:00 0 
7f7908000000-7f7908021000 rw-p 00000000 00:00 0 
7f7908021000-7f790c000000 ---p 00000000 00:00 0 
7f790c000000-7f790c021000 rw-p 00000000 00:00 0 
7f790c021000-7f7910000000 ---p 00000000 00:00 0 
7f7910021000-7f7910024000 ---p 00000000 00:00 0 
7f7910024000-7f7910122000 rw-p 00000000 00:00 0                          [stack:28188]
7f7910122000-7f7910125000 ---p 00000000 00:00 0 
7f7910125000-7f7910223000 rw-p 00000000 00:00 0                          [stack:28187]
7f7910223000-7f7910224000 r-xp 00000000 08:01 2119627                    /usr/lib/jayatana/libjayatanaag.so
7f7910224000-7f7910424000 ---p 00001000 08:01 2119627                    /usr/lib/jayatana/libjayatanaag.so
7f7910424000-7f7910425000 r--p 00001000 08:01 2119627                    /usr/lib/jayatana/libjayatanaag.so
7f7910425000-7f7910426000 rw-p 00002000 08:01 2119627                    /usr/lib/jayatana/libjayatanaag.so
7f7910426000-7f7910429000 ---p 00000000 00:00 0 
7f7910429000-7f7910527000 rw-p 00000000 00:00 0                          [stack:28182]
7f7910527000-7f791052a000 ---p 00000000 00:00 0 
7f791052a000-7f7910628000 rw-p 00000000 00:00 0                          [stack:28170]
7f7910628000-7f791062b000 ---p 00000000 00:00 0 
7f791062b000-7f7910729000 rw-p 00000000 00:00 0                          [stack:28169]
7f7910729000-7f791072a000 ---p 00000000 00:00 0 
7f791072a000-7f7911739000 rw-p 00000000 00:00 0                          [stack:28163]
7f7911739000-7f79118f9000 r--s 039fb000 08:01 2108620                    /usr/lib/jvm/java-7-oracle/jre/lib/rt.jar
7f79118f9000-7f7913e28000 rw-p 00000000 00:00 0 
7f7913e28000-7f7913e29000 ---p 00000000 00:00 0 
7f7913e29000-7f7913f29000 rw-p 00000000 00:00 0                          [stack:28158]
7f7913f29000-7f7913f2a000 ---p 00000000 00:00 0 
7f7913f2a000-7f791402a000 rw-p 00000000 00:00 0                          [stack:28157]
7f791402a000-7f791402b000 ---p 00000000 00:00 0 
7f791402b000-7f791412b000 rw-p 00000000 00:00 0                          [stack:28153]
7f791412b000-7f791412c000 ---p 00000000 00:00 0 
7f791412c000-7f791425e000 rw-p 00000000 00:00 0                          [stack:28150]
7f791425e000-7f7914382000 rw-p 00000000 00:00 0 
7f7914382000-7f791438d000 rw-p 00000000 00:00 0 
7f791438d000-7f79143ab000 rw-p 00000000 00:00 0 
7f79143ab000-7f79143dd000 rw-p 00000000 00:00 0 
7f79143dd000-7f7914500000 rw-p 00000000 00:00 0 
7f7914500000-7f7914567000 rw-p 00000000 00:00 0 
7f7914567000-7f79145ab000 rw-p 00000000 00:00 0 
7f79145ab000-7f79145ac000 rw-p 00000000 00:00 0 
7f79145ac000-7f791481c000 rwxp 00000000 00:00 0 
7f791481c000-7f79175ac000 rw-p 00000000 00:00 0 
7f79175ac000-7f79175c3000 r-xp 00000000 08:01 2108535                    /usr/lib/jvm/java-7-oracle/jre/lib/amd64/libzip.so
7f79175c3000-7f79177c3000 ---p 00017000 08:01 2108535                    /usr/lib/jvm/java-7-oracle/jre/lib/amd64/libzip.so
7f79177c3000-7f79177c4000 rw-p 00017000 08:01 2108535                    /usr/lib/jvm/java-7-oracle/jre/lib/amd64/libzip.so
7f79177c4000-7f79177d0000 r-xp 00000000 08:01 1315145                    /lib/x86_64-linux-gnu/libnss_files-2.21.so
7f79177d0000-7f79179cf000 ---p 0000c000 08:01 1315145                    /lib/x86_64-linux-gnu/libnss_files-2.21.so
7f79179cf000-7f79179d0000 r--p 0000b000 08:01 1315145                    /lib/x86_64-linux-gnu/libnss_files-2.21.so
7f79179d0000-7f79179d1000 rw-p 0000c000 08:01 1315145                    /lib/x86_64-linux-gnu/libnss_files-2.21.so
7f79179d1000-7f79179dc000 r-xp 00000000 08:01 1315155                    /lib/x86_64-linux-gnu/libnss_nis-2.21.so
7f79179dc000-7f7917bdb000 ---p 0000b000 08:01 1315155                    /lib/x86_64-linux-gnu/libnss_nis-2.21.so
7f7917bdb000-7f7917bdc000 r--p 0000a000 08:01 1315155                    /lib/x86_64-linux-gnu/libnss_nis-2.21.so
7f7917bdc000-7f7917bdd000 rw-p 0000b000 08:01 1315155                    /lib/x86_64-linux-gnu/libnss_nis-2.21.so
7f7917bdd000-7f7917bf4000 r-xp 00000000 08:01 1315139                    /lib/x86_64-linux-gnu/libnsl-2.21.so
7f7917bf4000-7f7917df3000 ---p 00017000 08:01 1315139                    /lib/x86_64-linux-gnu/libnsl-2.21.so
7f7917df3000-7f7917df4000 r--p 00016000 08:01 1315139                    /lib/x86_64-linux-gnu/libnsl-2.21.so
7f7917df4000-7f7917df5000 rw-p 00017000 08:01 1315139                    /lib/x86_64-linux-gnu/libnsl-2.21.so
7f7917df5000-7f7917df7000 rw-p 00000000 00:00 0 
7f7917df7000-7f7917dff000 r-xp 00000000 08:01 1315141                    /lib/x86_64-linux-gnu/libnss_compat-2.21.so
7f7917dff000-7f7917ffe000 ---p 00008000 08:01 1315141                    /lib/x86_64-linux-gnu/libnss_compat-2.21.so
7f7917ffe000-7f7917fff000 r--p 00007000 08:01 1315141                    /lib/x86_64-linux-gnu/libnss_compat-2.21.so
7f7917fff000-7f7918000000 rw-p 00008000 08:01 1315141                    /lib/x86_64-linux-gnu/libnss_compat-2.21.so
7f7918000000-7f7918270000 rw-p 00000000 00:00 0 
7f7918270000-7f791c000000 ---p 00000000 00:00 0 
7f791c00a000-7f791c011000 r--s 00000000 08:01 2361894                    /usr/lib/x86_64-linux-gnu/gconv/gconv-modules.cache
7f791c011000-7f791c01c000 r--s 0006d000 08:01 1187930                    /home/germaaan/AndroidStudioProjects/Camino/app/build/intermediates/exploded-aar/com.google.android.gms/play-services-analytics/7.0.0/classes.jar
7f791c01c000-7f791c0cd000 rw-p 00000000 00:00 0 
7f791c0cd000-7f791c0eb000 rw-p 00000000 00:00 0 
7f791c0eb000-7f791c0f5000 r-xp 00000000 08:01 2108548                    /usr/lib/jvm/java-7-oracle/jre/lib/amd64/libinstrument.so
7f791c0f5000-7f791c2f4000 ---p 0000a000 08:01 2108548                    /usr/lib/jvm/java-7-oracle/jre/lib/amd64/libinstrument.so
7f791c2f4000-7f791c2f5000 rw-p 00009000 08:01 2108548                    /usr/lib/jvm/java-7-oracle/jre/lib/amd64/libinstrument.so
7f791c2f5000-7f791c31e000 r-xp 00000000 08:01 2108501                    /usr/lib/jvm/java-7-oracle/jre/lib/amd64/libjava.so
7f791c31e000-7f791c51e000 ---p 00029000 08:01 2108501                    /usr/lib/jvm/java-7-oracle/jre/lib/amd64/libjava.so
7f791c51e000-7f791c520000 rw-p 00029000 08:01 2108501                    /usr/lib/jvm/java-7-oracle/jre/lib/amd64/libjava.so
7f791c520000-7f791c52d000 r-xp 00000000 08:01 2108528                    /usr/lib/jvm/java-7-oracle/jre/lib/amd64/libverify.so
7f791c52d000-7f791c72c000 ---p 0000d000 08:01 2108528                    /usr/lib/jvm/java-7-oracle/jre/lib/amd64/libverify.so
7f791c72c000-7f791c72e000 rw-p 0000c000 08:01 2108528                    /usr/lib/jvm/java-7-oracle/jre/lib/amd64/libverify.so
7f791c72e000-7f791c735000 r-xp 00000000 08:01 1315200                    /lib/x86_64-linux-gnu/librt-2.21.so
7f791c735000-7f791c934000 ---p 00007000 08:01 1315200                    /lib/x86_64-linux-gnu/librt-2.21.so
7f791c934000-7f791c935000 r--p 00006000 08:01 1315200                    /lib/x86_64-linux-gnu/librt-2.21.so
7f791c935000-7f791c936000 rw-p 00007000 08:01 1315200                    /lib/x86_64-linux-gnu/librt-2.21.so
7f791c936000-7f791ca3d000 r-xp 00000000 08:01 1315118                    /lib/x86_64-linux-gnu/libm-2.21.so
7f791ca3d000-7f791cc3c000 ---p 00107000 08:01 1315118                    /lib/x86_64-linux-gnu/libm-2.21.so
7f791cc3c000-7f791cc3d000 r--p 00106000 08:01 1315118                    /lib/x86_64-linux-gnu/libm-2.21.so
7f791cc3d000-7f791cc3e000 rw-p 00107000 08:01 1315118                    /lib/x86_64-linux-gnu/libm-2.21.so
7f791cc3e000-7f791d7b4000 r-xp 00000000 08:01 2108555                    /usr/lib/jvm/java-7-oracle/jre/lib/amd64/server/libjvm.so
7f791d7b4000-7f791d9b3000 ---p 00b76000 08:01 2108555                    /usr/lib/jvm/java-7-oracle/jre/lib/amd64/server/libjvm.so
7f791d9b3000-7f791da77000 rw-p 00b75000 08:01 2108555                    /usr/lib/jvm/java-7-oracle/jre/lib/amd64/server/libjvm.so
7f791da77000-7f791dab8000 rw-p 00000000 00:00 0 
7f791dab8000-7f791dc78000 r-xp 00000000 08:01 1315059                    /lib/x86_64-linux-gnu/libc-2.21.so
7f791dc78000-7f791de78000 ---p 001c0000 08:01 1315059                    /lib/x86_64-linux-gnu/libc-2.21.so
7f791de78000-7f791de7c000 r--p 001c0000 08:01 1315059                    /lib/x86_64-linux-gnu/libc-2.21.so
7f791de7c000-7f791de7e000 rw-p 001c4000 08:01 1315059                    /lib/x86_64-linux-gnu/libc-2.21.so
7f791de7e000-7f791de82000 rw-p 00000000 00:00 0 
7f791de82000-7f791de85000 r-xp 00000000 08:01 1315076                    /lib/x86_64-linux-gnu/libdl-2.21.so
7f791de85000-7f791e084000 ---p 00003000 08:01 1315076                    /lib/x86_64-linux-gnu/libdl-2.21.so
7f791e084000-7f791e085000 r--p 00002000 08:01 1315076                    /lib/x86_64-linux-gnu/libdl-2.21.so
7f791e085000-7f791e086000 rw-p 00003000 08:01 1315076                    /lib/x86_64-linux-gnu/libdl-2.21.so
7f791e086000-7f791e09b000 r-xp 00000000 08:01 2109287                    /usr/lib/jvm/java-7-oracle/lib/amd64/jli/libjli.so
7f791e09b000-7f791e29a000 ---p 00015000 08:01 2109287                    /usr/lib/jvm/java-7-oracle/lib/amd64/jli/libjli.so
7f791e29a000-7f791e29b000 rw-p 00014000 08:01 2109287                    /usr/lib/jvm/java-7-oracle/lib/amd64/jli/libjli.so
7f791e29b000-7f791e2b3000 r-xp 00000000 08:01 1315192                    /lib/x86_64-linux-gnu/libpthread-2.21.so
7f791e2b3000-7f791e4b3000 ---p 00018000 08:01 1315192                    /lib/x86_64-linux-gnu/libpthread-2.21.so
7f791e4b3000-7f791e4b4000 r--p 00018000 08:01 1315192                    /lib/x86_64-linux-gnu/libpthread-2.21.so
7f791e4b4000-7f791e4b5000 rw-p 00019000 08:01 1315192                    /lib/x86_64-linux-gnu/libpthread-2.21.so
7f791e4b5000-7f791e4b9000 rw-p 00000000 00:00 0 
7f791e4b9000-7f791e4dd000 r-xp 00000000 08:01 1315031                    /lib/x86_64-linux-gnu/ld-2.21.so
7f791e4e3000-7f791e4f2000 r--s 000dd000 08:01 1971520                    /home/germaaan/Android/Sdk/build-tools/21.1.2/lib/dx.jar
7f791e4f2000-7f791e4fc000 rw-p 00000000 00:00 0 
7f791e4fc000-7f791e5b2000 rw-p 00000000 00:00 0 
7f791e5b2000-7f791e5b5000 ---p 00000000 00:00 0 
7f791e5b5000-7f791e6b7000 rw-p 00000000 00:00 0                          [stack:28136]
7f791e6b8000-7f791e6b9000 rw-p 00000000 00:00 0 
7f791e6b9000-7f791e6ba000 r--s 00000000 08:01 2491414                    /usr/share/java/jayatanaag.jar
7f791e6ba000-7f791e6d0000 rw-p 00000000 00:00 0 
7f791e6d0000-7f791e6d8000 rw-s 00000000 08:01 1188218                    /tmp/hsperfdata_germaaan/28127
7f791e6d8000-7f791e6d9000 rw-p 00000000 00:00 0 
7f791e6d9000-7f791e6da000 ---p 00000000 00:00 0 
7f791e6da000-7f791e6dc000 rw-p 00000000 00:00 0 
7f791e6dc000-7f791e6dd000 r--p 00023000 08:01 1315031                    /lib/x86_64-linux-gnu/ld-2.21.so
7f791e6dd000-7f791e6de000 rw-p 00024000 08:01 1315031                    /lib/x86_64-linux-gnu/ld-2.21.so
7f791e6de000-7f791e6df000 rw-p 00000000 00:00 0 
7ffe27e92000-7ffe27eb3000 rw-p 00000000 00:00 0                          [stack]
7ffe27fa5000-7ffe27fa7000 r--p 00000000 00:00 0                          [vvar]
7ffe27fa7000-7ffe27fa9000 r-xp 00000000 00:00 0                          [vdso]
ffffffffff600000-ffffffffff601000 r-xp 00000000 00:00 0                  [vsyscall]

VM Arguments:
jvm_args: -javaagent:/usr/share/java/jayatanaag.jar -Xmx1024M -Dfile.encoding=UTF-8 -Duser.country=ES -Duser.language=es -Duser.variant 
java_command: com.android.dx.command.Main --dex --output /home/germaaan/AndroidStudioProjects/Camino/app/build/intermediates/pre-dexed/debug/classes-af218732f173991c4419b1dcf8b9c691ee7fb392.jar /home/germaaan/AndroidStudioProjects/Camino/app/build/intermediates/exploded-aar/com.google.android.gms/play-services-analytics/7.0.0/classes.jar
Launcher Type: SUN_STANDARD

Environment Variables:
JAVA_HOME=/usr/lib/jvm/java-7-oracle
JAVA_TOOL_OPTIONS=-javaagent:/usr/share/java/jayatanaag.jar 
CLASSPATH=/home/germaaan/tools/android/android-studio/bin/../lib/bootstrap.jar:/home/germaaan/tools/android/android-studio/bin/../lib/extensions.jar:/home/germaaan/tools/android/android-studio/bin/../lib/util.jar:/home/germaaan/tools/android/android-studio/bin/../lib/jdom.jar:/home/germaaan/tools/android/android-studio/bin/../lib/log4j.jar:/home/germaaan/tools/android/android-studio/bin/../lib/trove4j.jar:/home/germaaan/tools/android/android-studio/bin/../lib/jna.jar:/usr/lib/jvm/java-7-oracle/lib/tools.jar
PATH=/usr/local/sbin:/usr/local/bin:/usr/sbin:/usr/bin:/sbin:/bin:/usr/games:/usr/local/games:/usr/lib/jvm/java-7-oracle/bin:/usr/lib/jvm/java-7-oracle/db/bin:/usr/lib/jvm/java-7-oracle/jre/bin
LD_LIBRARY_PATH=/home/germaaan/tools/android/android-studio/bin:
SHELL=/bin/bash
DISPLAY=:0

Signal Handlers:
SIGSEGV: [libjvm.so+0x9a3b20], sa_mask[0]=0x7ffbfeff, sa_flags=0x10000004
SIGBUS: [libjvm.so+0x9a3b20], sa_mask[0]=0x7ffbfeff, sa_flags=0x10000004
SIGFPE: [libjvm.so+0x81e740], sa_mask[0]=0x7ffbfeff, sa_flags=0x10000004
SIGPIPE: [libjvm.so+0x81e740], sa_mask[0]=0x7ffbfeff, sa_flags=0x10000004
SIGXFSZ: [libjvm.so+0x81e740], sa_mask[0]=0x7ffbfeff, sa_flags=0x10000004
SIGILL: [libjvm.so+0x81e740], sa_mask[0]=0x7ffbfeff, sa_flags=0x10000004
SIGUSR1: SIG_DFL, sa_mask[0]=0x00000000, sa_flags=0x00000000
SIGUSR2: [libjvm.so+0x81ffb0], sa_mask[0]=0x00000004, sa_flags=0x10000004
SIGHUP: [libjvm.so+0x8210d0], sa_mask[0]=0x7ffbfeff, sa_flags=0x10000004
SIGINT: [libjvm.so+0x8210d0], sa_mask[0]=0x7ffbfeff, sa_flags=0x10000004
SIGTERM: [libjvm.so+0x8210d0], sa_mask[0]=0x7ffbfeff, sa_flags=0x10000004
SIGQUIT: [libjvm.so+0x8210d0], sa_mask[0]=0x7ffbfeff, sa_flags=0x10000004


---------------  S Y S T E M  ---------------

OS:jessie/sid

uname:Linux 3.19.0-16-generic #16-Ubuntu SMP Thu Apr 30 16:09:58 UTC 2015 x86_64
libc:glibc 2.21 NPTL 2.21 
rlimit: STACK 8192k, CORE 0k, NPROC 14832, NOFILE 65536, AS infinity
load average:7,79 7,26 3,73

/proc/meminfo:
MemTotal:        3819332 kB
MemFree:           96848 kB
MemAvailable:      55372 kB
Buffers:             624 kB
Cached:           321932 kB
SwapCached:         1760 kB
Active:          2004380 kB
Inactive:         949704 kB
Active(anon):    1985436 kB
Inactive(anon):   920932 kB
Active(file):      18944 kB
Inactive(file):    28772 kB
Unevictable:         356 kB
Mlocked:             356 kB
SwapTotal:       1998844 kB
SwapFree:              0 kB
Dirty:              1648 kB
Writeback:             0 kB
AnonPages:       2631692 kB
Mapped:           609812 kB
Shmem:            274336 kB
Slab:              87868 kB
SReclaimable:      38256 kB
SUnreclaim:        49612 kB
KernelStack:       13552 kB
PageTables:        64656 kB
NFS_Unstable:          0 kB
Bounce:                0 kB
WritebackTmp:          0 kB
CommitLimit:     3908508 kB
Committed_AS:   12557816 kB
VmallocTotal:   34359738367 kB
VmallocUsed:      351152 kB
VmallocChunk:   34359377372 kB
HardwareCorrupted:     0 kB
AnonHugePages:    260096 kB
CmaTotal:              0 kB
CmaFree:               0 kB
HugePages_Total:       0
HugePages_Free:        0
HugePages_Rsvd:        0
HugePages_Surp:        0
Hugepagesize:       2048 kB
DirectMap4k:      587292 kB
DirectMap2M:     3379200 kB


CPU:total 4 (2 cores per cpu, 2 threads per core) family 6 model 42 stepping 7, cmov, cx8, fxsr, mmx, sse, sse2, sse3, ssse3, sse4.1, sse4.2, popcnt, avx, aes, ht, tsc, tscinvbit

/proc/cpuinfo:
processor	: 0
vendor_id	: GenuineIntel
cpu family	: 6
model		: 42
model name	: Intel(R) Core(TM) i5-2450M CPU @ 2.50GHz
stepping	: 7
microcode	: 0x29
cpu MHz		: 2794.140
cache size	: 3072 KB
physical id	: 0
siblings	: 4
core id		: 0
cpu cores	: 2
apicid		: 0
initial apicid	: 0
fpu		: yes
fpu_exception	: yes
cpuid level	: 13
wp		: yes
flags		: fpu vme de pse tsc msr pae mce cx8 apic sep mtrr pge mca cmov pat pse36 clflush dts acpi mmx fxsr sse sse2 ss ht tm pbe syscall nx rdtscp lm constant_tsc arch_perfmon pebs bts rep_good nopl xtopology nonstop_tsc aperfmperf eagerfpu pni pclmulqdq dtes64 monitor ds_cpl vmx est tm2 ssse3 cx16 xtpr pdcm pcid sse4_1 sse4_2 x2apic popcnt tsc_deadline_timer aes xsave avx lahf_lm ida arat epb pln pts dtherm tpr_shadow vnmi flexpriority ept vpid xsaveopt
bugs		:
bogomips	: 4988.48
clflush size	: 64
cache_alignment	: 64
address sizes	: 36 bits physical, 48 bits virtual
power management:

processor	: 1
vendor_id	: GenuineIntel
cpu family	: 6
model		: 42
model name	: Intel(R) Core(TM) i5-2450M CPU @ 2.50GHz
stepping	: 7
microcode	: 0x29
cpu MHz		: 2794.140
cache size	: 3072 KB
physical id	: 0
siblings	: 4
core id		: 1
cpu cores	: 2
apicid		: 2
initial apicid	: 2
fpu		: yes
fpu_exception	: yes
cpuid level	: 13
wp		: yes
flags		: fpu vme de pse tsc msr pae mce cx8 apic sep mtrr pge mca cmov pat pse36 clflush dts acpi mmx fxsr sse sse2 ss ht tm pbe syscall nx rdtscp lm constant_tsc arch_perfmon pebs bts rep_good nopl xtopology nonstop_tsc aperfmperf eagerfpu pni pclmulqdq dtes64 monitor ds_cpl vmx est tm2 ssse3 cx16 xtpr pdcm pcid sse4_1 sse4_2 x2apic popcnt tsc_deadline_timer aes xsave avx lahf_lm ida arat epb pln pts dtherm tpr_shadow vnmi flexpriority ept vpid xsaveopt
bugs		:
bogomips	: 4988.48
clflush size	: 64
cache_alignment	: 64
address sizes	: 36 bits physical, 48 bits virtual
power management:

processor	: 2
vendor_id	: GenuineIntel
cpu family	: 6
model		: 42
model name	: Intel(R) Core(TM) i5-2450M CPU @ 2.50GHz
stepping	: 7
microcode	: 0x29
cpu MHz		: 2794.042
cache size	: 3072 KB
physical id	: 0
siblings	: 4
core id		: 0
cpu cores	: 2
apicid		: 1
initial apicid	: 1
fpu		: yes
fpu_exception	: yes
cpuid level	: 13
wp		: yes
flags		: fpu vme de pse tsc msr pae mce cx8 apic sep mtrr pge mca cmov pat pse36 clflush dts acpi mmx fxsr sse sse2 ss ht tm pbe syscall nx rdtscp lm constant_tsc arch_perfmon pebs bts rep_good nopl xtopology nonstop_tsc aperfmperf eagerfpu pni pclmulqdq dtes64 monitor ds_cpl vmx est tm2 ssse3 cx16 xtpr pdcm pcid sse4_1 sse4_2 x2apic popcnt tsc_deadline_timer aes xsave avx lahf_lm ida arat epb pln pts dtherm tpr_shadow vnmi flexpriority ept vpid xsaveopt
bugs		:
bogomips	: 4988.48
clflush size	: 64
cache_alignment	: 64
address sizes	: 36 bits physical, 48 bits virtual
power management:

processor	: 3
vendor_id	: GenuineIntel
cpu family	: 6
model		: 42
model name	: Intel(R) Core(TM) i5-2450M CPU @ 2.50GHz
stepping	: 7
microcode	: 0x29
cpu MHz		: 2794.042
cache size	: 3072 KB
physical id	: 0
siblings	: 4
core id		: 1
cpu cores	: 2
apicid		: 3
initial apicid	: 3
fpu		: yes
fpu_exception	: yes
cpuid level	: 13
wp		: yes
flags		: fpu vme de pse tsc msr pae mce cx8 apic sep mtrr pge mca cmov pat pse36 clflush dts acpi mmx fxsr sse sse2 ss ht tm pbe syscall nx rdtscp lm constant_tsc arch_perfmon pebs bts rep_good nopl xtopology nonstop_tsc aperfmperf eagerfpu pni pclmulqdq dtes64 monitor ds_cpl vmx est tm2 ssse3 cx16 xtpr pdcm pcid sse4_1 sse4_2 x2apic popcnt tsc_deadline_timer aes xsave avx lahf_lm ida arat epb pln pts dtherm tpr_shadow vnmi flexpriority ept vpid xsaveopt
bugs		:
bogomips	: 4988.48
clflush size	: 64
cache_alignment	: 64
address sizes	: 36 bits physical, 48 bits virtual
power management:



Memory: 4k page, physical 3819332k(96600k free), swap 1998844k(4k free)

vm_info: Java HotSpot(TM) 64-Bit Server VM (24.80-b11) for linux-amd64 JRE (1.7.0_80-b15), built on Apr 10 2015 19:53:14 by "java_re" with gcc 4.3.0 20080428 (Red Hat 4.3.0-8)

time: Sat May 16 13:54:33 2015
elapsed time: 21 seconds

