#
# There is insufficient memory for the Java Runtime Environment to continue.
# Native memory allocation (malloc) failed to allocate 32505856 bytes for committing reserved memory.
# Possible reasons:
#   The system is out of physical RAM or swap space
#   In 32 bit mode, the process size limit was hit
# Possible solutions:
#   Reduce memory load on the system
#   Increase physical memory or swap space
#   Check if swap backing store is full
#   Use 64 bit Java on a 64 bit OS
#   Decrease Java heap size (-Xmx/-Xms)
#   Decrease number of Java threads
#   Decrease Java thread stack sizes (-Xss)
#   Set larger code cache with -XX:ReservedCodeCacheSize=
# This output file may be truncated or incomplete.
#
#  Out of Memory Error (os_linux.cpp:2798), pid=17544, tid=140359594129152
#
# JRE version: OpenJDK Runtime Environment (7.0_75-b13) (build 1.7.0_75-b13)
# Java VM: OpenJDK 64-Bit Server VM (24.75-b04 mixed mode linux-amd64 compressed oops)
# Derivative: IcedTea 2.5.4
# Distribution: Ubuntu 14.10, package 7u75-2.5.4-1~utopic1
# Failed to write core dump. Core dumps have been disabled. To enable core dumping, try "ulimit -c unlimited" before starting Java again
#

---------------  T H R E A D  ---------------

Current thread (0x00007fa81013e800):  VMThread [stack: 0x00007fa803afb000,0x00007fa803bfc000] [id=17555]

Stack: [0x00007fa803afb000,0x00007fa803bfc000],  sp=0x00007fa803bfa4a0,  free space=1021k
Native frames: (J=compiled Java code, j=interpreted, Vv=VM code, C=native code)
V  [libjvm.so+0x982856]  VMError::report_and_die()+0x186
V  [libjvm.so+0x48fc22]  report_vm_out_of_memory(char const*, int, unsigned long, char const*)+0x92
V  [libjvm.so+0x7f483b]  os::pd_commit_memory(char*, unsigned long, unsigned long, bool)+0xeb
V  [libjvm.so+0x7eef4e]  os::commit_memory(char*, unsigned long, unsigned long, bool)+0x2e
V  [libjvm.so+0x861d6b]  PSVirtualSpace::expand_by(unsigned long)+0x5b
V  [libjvm.so+0x862c23]  PSYoungGen::resize_generation(unsigned long, unsigned long)+0xd3
V  [libjvm.so+0x86333b]  PSYoungGen::resize(unsigned long, unsigned long)+0x1b
V  [libjvm.so+0x85ed39]  PSScavenge::invoke_no_policy()+0xdc9
V  [libjvm.so+0x85f518]  PSScavenge::invoke()+0x38
V  [libjvm.so+0x816e73]  ParallelScavengeHeap::failed_mem_allocate(unsigned long)+0x63
V  [libjvm.so+0x984122]  VM_ParallelGCFailedAllocation::doit()+0x92
V  [libjvm.so+0x9889a7]  VM_Operation::evaluate()+0x47
V  [libjvm.so+0x986f9b]  VMThread::evaluate_operation(VM_Operation*)+0xab
V  [libjvm.so+0x987646]  VMThread::loop()+0x1e6
V  [libjvm.so+0x987b11]  VMThread::run()+0x81
V  [libjvm.so+0x7f1522]  java_start(Thread*)+0xf2

VM_Operation (0x00007fa81653b3a0): ParallelGCFailedAllocation, mode: safepoint, requested by thread 0x00007fa81000b800


---------------  P R O C E S S  ---------------

Java Threads: ( => current thread )
  0x00007fa8101d2800 JavaThread "Service Thread" daemon [_thread_blocked, id=17561, stack(0x00007fa8022ae000,0x00007fa8023af000)]
  0x00007fa8101c9800 JavaThread "C2 CompilerThread1" daemon [_thread_blocked, id=17560, stack(0x00007fa8023af000,0x00007fa8024b0000)]
  0x00007fa8101c7800 JavaThread "C2 CompilerThread0" daemon [_thread_blocked, id=17559, stack(0x00007fa8024b0000,0x00007fa8025b1000)]
  0x00007fa810170000 JavaThread "Signal Dispatcher" daemon [_thread_blocked, id=17558, stack(0x00007fa803116000,0x00007fa803217000)]
  0x00007fa810145000 JavaThread "Finalizer" daemon [_thread_blocked, id=17557, stack(0x00007fa8038f9000,0x00007fa8039fa000)]
  0x00007fa810143000 JavaThread "Reference Handler" daemon [_thread_blocked, id=17556, stack(0x00007fa8039fa000,0x00007fa803afb000)]
  0x00007fa81000b800 JavaThread "main" [_thread_blocked, id=17550, stack(0x00007fa81643c000,0x00007fa81653d000)]

Other Threads:
=>0x00007fa81013e800 VMThread [stack: 0x00007fa803afb000,0x00007fa803bfc000] [id=17555]
  0x00007fa8101dd800 WatcherThread [stack: 0x00007fa8021ad000,0x00007fa8022ae000] [id=17562]

VM state:at safepoint (normal execution)

VM Mutex/Monitor currently owned by a thread:  ([mutex/lock_event])
[0x00007fa810007f10] Threads_lock - owner thread: 0x00007fa81013e800
[0x00007fa810008410] Heap_lock - owner thread: 0x00007fa81000b800

Heap
 PSYoungGen      total 33792K, used 2016K [0x00000000eaa80000, 0x00000000ecd80000, 0x0000000100000000)
  eden space 31744K, 0% used [0x00000000eaa80000,0x00000000eaa80000,0x00000000ec980000)
  from space 2048K, 98% used [0x00000000ec980000,0x00000000ecb78030,0x00000000ecb80000)
  to   space 2048K, 0% used [0x00000000ecb80000,0x00000000ecb80000,0x00000000ecd80000)
 ParOldGen       total 39424K, used 13568K [0x00000000c0000000, 0x00000000c2680000, 0x00000000eaa80000)
  object space 39424K, 34% used [0x00000000c0000000,0x00000000c0d400b8,0x00000000c2680000)
 PSPermGen       total 21504K, used 7395K [0x00000000b5a00000, 0x00000000b6f00000, 0x00000000c0000000)
  object space 21504K, 34% used [0x00000000b5a00000,0x00000000b6138c80,0x00000000b6f00000)

Card table byte_map: [0x00007fa80bb12000,0x00007fa80bd66000] byte_map_base: 0x00007fa80b565000

Polling page: 0x00007fa816563000

Code Cache  [0x00007fa80bd66000, 0x00007fa80bfd6000, 0x00007fa80ed66000)
 total_blobs=624 nmethods=371 adapters=206 free_code_cache=48003Kb largest_free_block=49113856

Compilation events (10 events):
Event: 75,631 Thread 0x00007fa8101c7800  385             java.lang.Integer::<init> (10 bytes)
Event: 75,635 Thread 0x00007fa8101c9800  386             com.android.dex.util.Unsigned::compare (35 bytes)
Event: 77,525 Thread 0x00007fa8101c7800 nmethod 385 0x00007fa80be0f150 code [0x00007fa80be0f280, 0x00007fa80be0f2d8]
Event: 77,753 Thread 0x00007fa8101c9800 nmethod 386 0x00007fa80be06050 code [0x00007fa80be06180, 0x00007fa80be061d8]
Event: 77,768 Thread 0x00007fa8101c7800  387             com.android.dex.FieldId::<init> (26 bytes)
Event: 77,771 Thread 0x00007fa8101c9800  388             com.android.dex.MethodId::<init> (26 bytes)
Event: 96,559 Thread 0x00007fa8101c9800 nmethod 388 0x00007fa80be8b190 code [0x00007fa80be8b2c0, 0x00007fa80be8b338]
Event: 97,331 Thread 0x00007fa8101c7800 nmethod 387 0x00007fa80be05e50 code [0x00007fa80be05f80, 0x00007fa80be05ff8]
Event: 98,630 Thread 0x00007fa8101c7800  389 %           com.android.dx.merge.DexMerger$IdMerger::mergeSorted @ 125 (381 bytes)
Event: 99,983 Thread 0x00007fa8101c9800  390             com.android.dex.Leb128::readUnsignedLeb128 (69 bytes)

GC Heap History (5 events):
Event: 0,836 GC heap before
{Heap before GC invocations=1 (full 0):
 PSYoungGen      total 17920K, used 15872K [0x00000000eaa80000, 0x00000000ebe00000, 0x0000000100000000)
  eden space 15872K, 100% used [0x00000000eaa80000,0x00000000eba00000,0x00000000eba00000)
  from space 2048K, 0% used [0x00000000ebc00000,0x00000000ebc00000,0x00000000ebe00000)
  to   space 2048K, 0% used [0x00000000eba00000,0x00000000eba00000,0x00000000ebc00000)
 ParOldGen       total 39424K, used 0K [0x00000000c0000000, 0x00000000c2680000, 0x00000000eaa80000)
  object space 39424K, 0% used [0x00000000c0000000,0x00000000c0000000,0x00000000c2680000)
 PSPermGen       total 21504K, used 5130K [0x00000000b5a00000, 0x00000000b6f00000, 0x00000000c0000000)
  object space 21504K, 23% used [0x00000000b5a00000,0x00000000b5f02ae8,0x00000000b6f00000)
Event: 0,849 GC heap after
Heap after GC invocations=1 (full 0):
 PSYoungGen      total 17920K, used 2016K [0x00000000eaa80000, 0x00000000ecd80000, 0x0000000100000000)
  eden space 15872K, 0% used [0x00000000eaa80000,0x00000000eaa80000,0x00000000eba00000)
  from space 2048K, 98% used [0x00000000eba00000,0x00000000ebbf8038,0x00000000ebc00000)
  to   space 2048K, 0% used [0x00000000ecb80000,0x00000000ecb80000,0x00000000ecd80000)
 ParOldGen       total 39424K, used 2537K [0x00000000c0000000, 0x00000000c2680000, 0x00000000eaa80000)
  object space 39424K, 6% used [0x00000000c0000000,0x00000000c027a5e8,0x00000000c2680000)
 PSPermGen       total 21504K, used 5130K [0x00000000b5a00000, 0x00000000b6f00000, 0x00000000c0000000)
  object space 21504K, 23% used [0x00000000b5a00000,0x00000000b5f02ae8,0x00000000b6f00000)
}
Event: 13,812 GC heap before
{Heap before GC invocations=2 (full 0):
 PSYoungGen      total 17920K, used 17881K [0x00000000eaa80000, 0x00000000ecd80000, 0x0000000100000000)
  eden space 15872K, 99% used [0x00000000eaa80000,0x00000000eb9fe780,0x00000000eba00000)
  from space 2048K, 98% used [0x00000000eba00000,0x00000000ebbf8038,0x00000000ebc00000)
  to   space 2048K, 0% used [0x00000000ecb80000,0x00000000ecb80000,0x00000000ecd80000)
 ParOldGen       total 39424K, used 2537K [0x00000000c0000000, 0x00000000c2680000, 0x00000000eaa80000)
  object space 39424K, 6% used [0x00000000c0000000,0x00000000c027a5e8,0x00000000c2680000)
 PSPermGen       total 21504K, used 5713K [0x00000000b5a00000, 0x00000000b6f00000, 0x00000000c0000000)
  object space 21504K, 26% used [0x00000000b5a00000,0x00000000b5f94788,0x00000000b6f00000)
Event: 14,190 GC heap after
Heap after GC invocations=2 (full 0):
 PSYoungGen      total 33792K, used 2034K [0x00000000eaa80000, 0x00000000ecd80000, 0x0000000100000000)
  eden space 31744K, 0% used [0x00000000eaa80000,0x00000000eaa80000,0x00000000ec980000)
  from space 2048K, 99% used [0x00000000ecb80000,0x00000000ecd7ca48,0x00000000ecd80000)
  to   space 2048K, 0% used [0x00000000ec980000,0x00000000ec980000,0x00000000ecb80000)
 ParOldGen       total 39424K, used 5626K [0x00000000c0000000, 0x00000000c2680000, 0x00000000eaa80000)
  object space 39424K, 14% used [0x00000000c0000000,0x00000000c057eab0,0x00000000c2680000)
 PSPermGen       total 21504K, used 5713K [0x00000000b5a00000, 0x00000000b6f00000, 0x00000000c0000000)
  object space 21504K, 26% used [0x00000000b5a00000,0x00000000b5f94788,0x00000000b6f00000)
}
Event: 100,700 GC heap before
{Heap before GC invocations=3 (full 0):
 PSYoungGen      total 33792K, used 33778K [0x00000000eaa80000, 0x00000000ecd80000, 0x0000000100000000)
  eden space 31744K, 100% used [0x00000000eaa80000,0x00000000ec980000,0x00000000ec980000)
  from space 2048K, 99% used [0x00000000ecb80000,0x00000000ecd7ca48,0x00000000ecd80000)
  to   space 2048K, 0% used [0x00000000ec980000,0x00000000ec980000,0x00000000ecb80000)
 ParOldGen       total 39424K, used 5626K [0x00000000c0000000, 0x00000000c2680000, 0x00000000eaa80000)
  object space 39424K, 14% used [0x00000000c0000000,0x00000000c057eab0,0x00000000c2680000)
 PSPermGen       total 21504K, used 7395K [0x00000000b5a00000, 0x00000000b6f00000, 0x00000000c0000000)
  object space 21504K, 34% used [0x00000000b5a00000,0x00000000b6138c80,0x00000000b6f00000)

Deoptimization events (10 events):
Event: 62,829 Thread 0x00007fa81000b800 Uncommon trap: reason=class_check action=maybe_recompile pc=0x00007fa80be16aec method=com.android.dx.util.FixedSizeList.equals(Ljava/lang/Object;)Z @ 25
Event: 62,829 Thread 0x00007fa81000b800 Uncommon trap: reason=class_check action=maybe_recompile pc=0x00007fa80bdf88a8 method=java.util.Arrays.equals([Ljava/lang/Object;[Ljava/lang/Object;)Z @ 62
Event: 63,021 Thread 0x00007fa81000b800 Uncommon trap: reason=predicate action=maybe_recompile pc=0x00007fa80be2126c method=java.util.ArrayList.indexOf(Ljava/lang/Object;)I @ 44
Event: 63,028 Thread 0x00007fa81000b800 Uncommon trap: reason=unreached action=reinterpret pc=0x00007fa80be4a874 method=java.util.Arrays.copyOf([Ljava/lang/Object;ILjava/lang/Class;)[Ljava/lang/Object; @ 4
Event: 63,064 Thread 0x00007fa81000b800 Uncommon trap: reason=class_check action=maybe_recompile pc=0x00007fa80bdf6924 method=java.util.HashMap.put(Ljava/lang/Object;Ljava/lang/Object;)Ljava/lang/Object; @ 137
Event: 63,065 Thread 0x00007fa81000b800 Uncommon trap: reason=class_check action=maybe_recompile pc=0x00007fa80bdf6924 method=java.util.HashMap.put(Ljava/lang/Object;Ljava/lang/Object;)Ljava/lang/Object; @ 137
Event: 63,065 Thread 0x00007fa81000b800 Uncommon trap: reason=class_check action=maybe_recompile pc=0x00007fa80bdf6924 method=java.util.HashMap.put(Ljava/lang/Object;Ljava/lang/Object;)Ljava/lang/Object; @ 137
Event: 68,149 Thread 0x00007fa81000b800 Uncommon trap: reason=class_check action=maybe_recompile pc=0x00007fa80be36120 method=java.util.ArrayList.<init>(Ljava/util/Collection;)V @ 6
Event: 68,249 Thread 0x00007fa81000b800 Uncommon trap: reason=class_check action=maybe_recompile pc=0x00007fa80be36120 method=java.util.ArrayList.<init>(Ljava/util/Collection;)V @ 6
Event: 71,667 Thread 0x00007fa81000b800 Uncommon trap: reason=predicate action=maybe_recompile pc=0x00007fa80be81008 method=com.android.dex.Leb128.readUnsignedLeb128(Lcom/android/dex/util/ByteInput;)I @ 41

Internal exceptions (10 events):
Event: 65,215 Thread 0x00007fa81000b800 Threw 0x00000000eb1fe4c8 at /build/buildd/openjdk-7-7u75-2.5.4/build/openjdk/hotspot/src/share/vm/prims/jvm.cpp:1284
Event: 65,227 Thread 0x00007fa81000b800 Threw 0x00000000eb2462a8 at /build/buildd/openjdk-7-7u75-2.5.4/build/openjdk/hotspot/src/share/vm/prims/jvm.cpp:1284
Event: 65,233 Thread 0x00007fa81000b800 Threw 0x00000000eb249270 at /build/buildd/openjdk-7-7u75-2.5.4/build/openjdk/hotspot/src/share/vm/prims/jvm.cpp:1284
Event: 66,703 Thread 0x00007fa81000b800 Threw 0x00000000eb2e64d0 at /build/buildd/openjdk-7-7u75-2.5.4/build/openjdk/hotspot/src/share/vm/prims/jvm.cpp:1284
Event: 66,705 Thread 0x00007fa81000b800 Threw 0x00000000eb2e65f8 at /build/buildd/openjdk-7-7u75-2.5.4/build/openjdk/hotspot/src/share/vm/prims/jvm.cpp:1284
Event: 66,708 Thread 0x00007fa81000b800 Threw 0x00000000eb2e8ca8 at /build/buildd/openjdk-7-7u75-2.5.4/build/openjdk/hotspot/src/share/vm/prims/jvm.cpp:1284
Event: 66,708 Thread 0x00007fa81000b800 Threw 0x00000000eb2e8dd0 at /build/buildd/openjdk-7-7u75-2.5.4/build/openjdk/hotspot/src/share/vm/prims/jvm.cpp:1284
Event: 66,708 Thread 0x00007fa81000b800 Threw 0x00000000eb2e97d0 at /build/buildd/openjdk-7-7u75-2.5.4/build/openjdk/hotspot/src/share/vm/prims/jvm.cpp:1284
Event: 66,708 Thread 0x00007fa81000b800 Threw 0x00000000eb2e98f8 at /build/buildd/openjdk-7-7u75-2.5.4/build/openjdk/hotspot/src/share/vm/prims/jvm.cpp:1284
Event: 72,948 Thread 0x00007fa81000b800 Threw 0x00000000ebf83318 at /build/buildd/openjdk-7-7u75-2.5.4/build/openjdk/hotspot/src/share/vm/prims/jvm.cpp:1284

Events (10 events):
Event: 71,621 Thread 0x00007fa8101c7800 flushing nmethod 0x00007fa80be1ea10
Event: 71,621 Thread 0x00007fa8101c7800 flushing nmethod 0x00007fa80be20b90
Event: 71,621 Thread 0x00007fa8101c7800 flushing nmethod 0x00007fa80be21390
Event: 71,621 Thread 0x00007fa8101c7800 flushing nmethod 0x00007fa80be25690
Event: 71,664 Thread 0x00007fa81000b800 Uncommon trap: trap_request=0xffffff86 fr.pc=0x00007fa80be81008
Event: 71,671 Thread 0x00007fa81000b800 DEOPT PACKING pc=0x00007fa80be81008 sp=0x00007fa81653b2c0
Event: 71,673 Thread 0x00007fa81000b800 DEOPT UNPACKING pc=0x00007fa80bd9f445 sp=0x00007fa81653b288 mode 2
Event: 72,939 loading class 0x00007fa8101e6270
Event: 72,939 loading class 0x00007fa8101e6270 done
Event: 100,323 Executing VM operation: ParallelGCFailedAllocation


Dynamic libraries:
00400000-00401000 r-xp 00000000 08:01 929518                             /usr/lib/jvm/java-7-openjdk-amd64/jre/bin/java
00600000-00601000 r--p 00000000 08:01 929518                             /usr/lib/jvm/java-7-openjdk-amd64/jre/bin/java
00601000-00602000 rw-p 00001000 08:01 929518                             /usr/lib/jvm/java-7-openjdk-amd64/jre/bin/java
023f5000-02416000 rw-p 00000000 00:00 0                                  [heap]
b5a00000-b6f00000 rw-p 00000000 00:00 0 
b6f00000-c0000000 rw-p 00000000 00:00 0 
c0000000-c2680000 rw-p 00000000 00:00 0 
c2680000-eaa80000 rw-p 00000000 00:00 0 
eaa80000-ecd80000 rw-p 00000000 00:00 0 
eec80000-100000000 rw-p 00000000 00:00 0 
7fa7cc000000-7fa7cc021000 rw-p 00000000 00:00 0 
7fa7cc021000-7fa7d0000000 ---p 00000000 00:00 0 
7fa7d4000000-7fa7d46f3000 rw-p 00000000 00:00 0 
7fa7d46f3000-7fa7d8000000 ---p 00000000 00:00 0 
7fa7d8000000-7fa7d8021000 rw-p 00000000 00:00 0 
7fa7d8021000-7fa7dc000000 ---p 00000000 00:00 0 
7fa7dc000000-7fa7dc021000 rw-p 00000000 00:00 0 
7fa7dc021000-7fa7e0000000 ---p 00000000 00:00 0 
7fa7e0000000-7fa7e05f9000 rw-p 00000000 00:00 0 
7fa7e05f9000-7fa7e4000000 ---p 00000000 00:00 0 
7fa7e4000000-7fa7e4021000 rw-p 00000000 00:00 0 
7fa7e4021000-7fa7e8000000 ---p 00000000 00:00 0 
7fa7e8000000-7fa7e8021000 rw-p 00000000 00:00 0 
7fa7e8021000-7fa7ec000000 ---p 00000000 00:00 0 
7fa7ec000000-7fa7ec021000 rw-p 00000000 00:00 0 
7fa7ec021000-7fa7f0000000 ---p 00000000 00:00 0 
7fa7f0000000-7fa7f0021000 rw-p 00000000 00:00 0 
7fa7f0021000-7fa7f4000000 ---p 00000000 00:00 0 
7fa7f4000000-7fa7f4021000 rw-p 00000000 00:00 0 
7fa7f4021000-7fa7f8000000 ---p 00000000 00:00 0 
7fa7fc000000-7fa7fc021000 rw-p 00000000 00:00 0 
7fa7fc021000-7fa800000000 ---p 00000000 00:00 0 
7fa8007b8000-7fa8009f1000 rw-p 00000000 00:00 0 
7fa8009f1000-7fa800a5d000 r-xp 00000000 08:01 1839359                    /lib/x86_64-linux-gnu/libpcre.so.3.13.1
7fa800a5d000-7fa800c5c000 ---p 0006c000 08:01 1839359                    /lib/x86_64-linux-gnu/libpcre.so.3.13.1
7fa800c5c000-7fa800c5d000 r--p 0006b000 08:01 1839359                    /lib/x86_64-linux-gnu/libpcre.so.3.13.1
7fa800c5d000-7fa800c5e000 rw-p 0006c000 08:01 1839359                    /lib/x86_64-linux-gnu/libpcre.so.3.13.1
7fa800c5e000-7fa800c65000 r-xp 00000000 08:01 140464                     /usr/lib/x86_64-linux-gnu/libffi.so.6.0.2
7fa800c65000-7fa800e64000 ---p 00007000 08:01 140464                     /usr/lib/x86_64-linux-gnu/libffi.so.6.0.2
7fa800e64000-7fa800e65000 r--p 00006000 08:01 140464                     /usr/lib/x86_64-linux-gnu/libffi.so.6.0.2
7fa800e65000-7fa800e66000 rw-p 00007000 08:01 140464                     /usr/lib/x86_64-linux-gnu/libffi.so.6.0.2
7fa800e66000-7fa800e7d000 r-xp 00000000 08:01 1841556                    /lib/x86_64-linux-gnu/libresolv-2.19.so
7fa800e7d000-7fa80107d000 ---p 00017000 08:01 1841556                    /lib/x86_64-linux-gnu/libresolv-2.19.so
7fa80107d000-7fa80107e000 r--p 00017000 08:01 1841556                    /lib/x86_64-linux-gnu/libresolv-2.19.so
7fa80107e000-7fa80107f000 rw-p 00018000 08:01 1841556                    /lib/x86_64-linux-gnu/libresolv-2.19.so
7fa80107f000-7fa801081000 rw-p 00000000 00:00 0 
7fa801081000-7fa8010a2000 r-xp 00000000 08:01 1839386                    /lib/x86_64-linux-gnu/libselinux.so.1
7fa8010a2000-7fa8012a1000 ---p 00021000 08:01 1839386                    /lib/x86_64-linux-gnu/libselinux.so.1
7fa8012a1000-7fa8012a2000 r--p 00020000 08:01 1839386                    /lib/x86_64-linux-gnu/libselinux.so.1
7fa8012a2000-7fa8012a3000 rw-p 00021000 08:01 1839386                    /lib/x86_64-linux-gnu/libselinux.so.1
7fa8012a3000-7fa8012a5000 rw-p 00000000 00:00 0 
7fa8012a5000-7fa8012a8000 r-xp 00000000 08:01 133891                     /usr/lib/x86_64-linux-gnu/libgmodule-2.0.so.0.4200.1
7fa8012a8000-7fa8014a7000 ---p 00003000 08:01 133891                     /usr/lib/x86_64-linux-gnu/libgmodule-2.0.so.0.4200.1
7fa8014a7000-7fa8014a8000 r--p 00002000 08:01 133891                     /usr/lib/x86_64-linux-gnu/libgmodule-2.0.so.0.4200.1
7fa8014a8000-7fa8014a9000 rw-p 00003000 08:01 133891                     /usr/lib/x86_64-linux-gnu/libgmodule-2.0.so.0.4200.1
7fa8014a9000-7fa8015b5000 r-xp 00000000 08:01 1839155                    /lib/x86_64-linux-gnu/libglib-2.0.so.0.4200.1
7fa8015b5000-7fa8017b5000 ---p 0010c000 08:01 1839155                    /lib/x86_64-linux-gnu/libglib-2.0.so.0.4200.1
7fa8017b5000-7fa8017b6000 r--p 0010c000 08:01 1839155                    /lib/x86_64-linux-gnu/libglib-2.0.so.0.4200.1
7fa8017b6000-7fa8017b7000 rw-p 0010d000 08:01 1839155                    /lib/x86_64-linux-gnu/libglib-2.0.so.0.4200.1
7fa8017b7000-7fa8017b8000 rw-p 00000000 00:00 0 
7fa8017b8000-7fa801808000 r-xp 00000000 08:01 133889                     /usr/lib/x86_64-linux-gnu/libgobject-2.0.so.0.4200.1
7fa801808000-7fa801a08000 ---p 00050000 08:01 133889                     /usr/lib/x86_64-linux-gnu/libgobject-2.0.so.0.4200.1
7fa801a08000-7fa801a09000 r--p 00050000 08:01 133889                     /usr/lib/x86_64-linux-gnu/libgobject-2.0.so.0.4200.1
7fa801a09000-7fa801a0a000 rw-p 00051000 08:01 133889                     /usr/lib/x86_64-linux-gnu/libgobject-2.0.so.0.4200.1
7fa801a0a000-7fa801b7b000 r-xp 00000000 08:01 133890                     /usr/lib/x86_64-linux-gnu/libgio-2.0.so.0.4200.1
7fa801b7b000-7fa801d7b000 ---p 00171000 08:01 133890                     /usr/lib/x86_64-linux-gnu/libgio-2.0.so.0.4200.1
7fa801d7b000-7fa801d7f000 r--p 00171000 08:01 133890                     /usr/lib/x86_64-linux-gnu/libgio-2.0.so.0.4200.1
7fa801d7f000-7fa801d81000 rw-p 00175000 08:01 133890                     /usr/lib/x86_64-linux-gnu/libgio-2.0.so.0.4200.1
7fa801d81000-7fa801d83000 rw-p 00000000 00:00 0 
7fa801d83000-7fa801d9a000 r-xp 00000000 08:01 929463                     /usr/lib/jvm/java-7-openjdk-amd64/jre/lib/amd64/libnet.so
7fa801d9a000-7fa801f99000 ---p 00017000 08:01 929463                     /usr/lib/jvm/java-7-openjdk-amd64/jre/lib/amd64/libnet.so
7fa801f99000-7fa801f9a000 r--p 00016000 08:01 929463                     /usr/lib/jvm/java-7-openjdk-amd64/jre/lib/amd64/libnet.so
7fa801f9a000-7fa801f9b000 rw-p 00017000 08:01 929463                     /usr/lib/jvm/java-7-openjdk-amd64/jre/lib/amd64/libnet.so
7fa801f9b000-7fa801fac000 r-xp 00000000 08:01 929457                     /usr/lib/jvm/java-7-openjdk-amd64/jre/lib/amd64/libnio.so
7fa801fac000-7fa8021ab000 ---p 00011000 08:01 929457                     /usr/lib/jvm/java-7-openjdk-amd64/jre/lib/amd64/libnio.so
7fa8021ab000-7fa8021ac000 r--p 00010000 08:01 929457                     /usr/lib/jvm/java-7-openjdk-amd64/jre/lib/amd64/libnio.so
7fa8021ac000-7fa8021ad000 rw-p 00011000 08:01 929457                     /usr/lib/jvm/java-7-openjdk-amd64/jre/lib/amd64/libnio.so
7fa8021ad000-7fa8021ae000 ---p 00000000 00:00 0 
7fa8021ae000-7fa8022ae000 rw-p 00000000 00:00 0                          [stack:17562]
7fa8022ae000-7fa8022b1000 ---p 00000000 00:00 0 
7fa8022b1000-7fa8023af000 rw-p 00000000 00:00 0                          [stack:17561]
7fa8023af000-7fa8023b2000 ---p 00000000 00:00 0 
7fa8023b2000-7fa8024b0000 rw-p 00000000 00:00 0                          [stack:17560]
7fa8024b0000-7fa8024b3000 ---p 00000000 00:00 0 
7fa8024b3000-7fa8025b1000 rw-p 00000000 00:00 0                          [stack:17559]
7fa8025b1000-7fa8025b6000 r-xp 00000000 08:01 140175                     /usr/lib/x86_64-linux-gnu/libXdmcp.so.6.0.0
7fa8025b6000-7fa8027b5000 ---p 00005000 08:01 140175                     /usr/lib/x86_64-linux-gnu/libXdmcp.so.6.0.0
7fa8027b5000-7fa8027b6000 r--p 00004000 08:01 140175                     /usr/lib/x86_64-linux-gnu/libXdmcp.so.6.0.0
7fa8027b6000-7fa8027b7000 rw-p 00005000 08:01 140175                     /usr/lib/x86_64-linux-gnu/libXdmcp.so.6.0.0
7fa8027b7000-7fa8027b9000 r-xp 00000000 08:01 140164                     /usr/lib/x86_64-linux-gnu/libXau.so.6.0.0
7fa8027b9000-7fa8029b9000 ---p 00002000 08:01 140164                     /usr/lib/x86_64-linux-gnu/libXau.so.6.0.0
7fa8029b9000-7fa8029ba000 r--p 00002000 08:01 140164                     /usr/lib/x86_64-linux-gnu/libXau.so.6.0.0
7fa8029ba000-7fa8029bb000 rw-p 00003000 08:01 140164                     /usr/lib/x86_64-linux-gnu/libXau.so.6.0.0
7fa8029bb000-7fa8029d8000 r-xp 00000000 08:01 141284                     /usr/lib/x86_64-linux-gnu/libxcb.so.1.1.0
7fa8029d8000-7fa802bd8000 ---p 0001d000 08:01 141284                     /usr/lib/x86_64-linux-gnu/libxcb.so.1.1.0
7fa802bd8000-7fa802bd9000 r--p 0001d000 08:01 141284                     /usr/lib/x86_64-linux-gnu/libxcb.so.1.1.0
7fa802bd9000-7fa802bda000 rw-p 0001e000 08:01 141284                     /usr/lib/x86_64-linux-gnu/libxcb.so.1.1.0
7fa802bda000-7fa802d0d000 r-xp 00000000 08:01 140160                     /usr/lib/x86_64-linux-gnu/libX11.so.6.3.0
7fa802d0d000-7fa802f0d000 ---p 00133000 08:01 140160                     /usr/lib/x86_64-linux-gnu/libX11.so.6.3.0
7fa802f0d000-7fa802f0e000 r--p 00133000 08:01 140160                     /usr/lib/x86_64-linux-gnu/libX11.so.6.3.0
7fa802f0e000-7fa802f12000 rw-p 00134000 08:01 140160                     /usr/lib/x86_64-linux-gnu/libX11.so.6.3.0
7fa802f12000-7fa802f13000 rw-p 00000000 00:00 0 
7fa802f13000-7fa802f15000 r-xp 00000000 08:01 929712                     /usr/lib/jayatana/libjayatanaag.so
7fa802f15000-7fa803114000 ---p 00002000 08:01 929712                     /usr/lib/jayatana/libjayatanaag.so
7fa803114000-7fa803115000 r--p 00001000 08:01 929712                     /usr/lib/jayatana/libjayatanaag.so
7fa803115000-7fa803116000 rw-p 00002000 08:01 929712                     /usr/lib/jayatana/libjayatanaag.so
7fa803116000-7fa803119000 ---p 00000000 00:00 0 
7fa803119000-7fa803217000 rw-p 00000000 00:00 0                          [stack:17558]
7fa803217000-7fa8038f9000 r--p 00000000 08:01 139091                     /usr/lib/locale/locale-archive
7fa8038f9000-7fa8038fc000 ---p 00000000 00:00 0 
7fa8038fc000-7fa8039fa000 rw-p 00000000 00:00 0                          [stack:17557]
7fa8039fa000-7fa8039fd000 ---p 00000000 00:00 0 
7fa8039fd000-7fa803afb000 rw-p 00000000 00:00 0                          [stack:17556]
7fa803afb000-7fa803afc000 ---p 00000000 00:00 0 
7fa803afc000-7fa804000000 rw-p 00000000 00:00 0                          [stack:17555]
7fa804000000-7fa804021000 rw-p 00000000 00:00 0 
7fa804021000-7fa808000000 ---p 00000000 00:00 0 
7fa808093000-7fa8080b9000 r--p 00000000 08:01 662344                     /usr/share/locale-langpack/es/LC_MESSAGES/libc.mo
7fa8080b9000-7fa808c0d000 rw-p 00000000 00:00 0 
7fa808c0d000-7fa808dbf000 r--s 01d23000 08:01 929504                     /usr/lib/jvm/java-7-openjdk-amd64/jre/lib/rt.jar
7fa808dbf000-7fa80b5b8000 rw-p 00000000 00:00 0 
7fa80b5b8000-7fa80b5b9000 ---p 00000000 00:00 0 
7fa80b5b9000-7fa80b6b9000 rw-p 00000000 00:00 0                          [stack:17554]
7fa80b6b9000-7fa80b6ba000 ---p 00000000 00:00 0 
7fa80b6ba000-7fa80b7ba000 rw-p 00000000 00:00 0                          [stack:17553]
7fa80b7ba000-7fa80b7bb000 ---p 00000000 00:00 0 
7fa80b7bb000-7fa80b8bb000 rw-p 00000000 00:00 0                          [stack:17552]
7fa80b8bb000-7fa80b8bc000 ---p 00000000 00:00 0 
7fa80b8bc000-7fa80b9d0000 rw-p 00000000 00:00 0                          [stack:17551]
7fa80b9d0000-7fa80bb12000 rw-p 00000000 00:00 0 
7fa80bb12000-7fa80bb1d000 rw-p 00000000 00:00 0 
7fa80bb1d000-7fa80bb65000 rw-p 00000000 00:00 0 
7fa80bb65000-7fa80bb79000 rw-p 00000000 00:00 0 
7fa80bb79000-7fa80bcba000 rw-p 00000000 00:00 0 
7fa80bcba000-7fa80bccc000 rw-p 00000000 00:00 0 
7fa80bccc000-7fa80bd65000 rw-p 00000000 00:00 0 
7fa80bd65000-7fa80bd66000 rw-p 00000000 00:00 0 
7fa80bd66000-7fa80bfd6000 rwxp 00000000 00:00 0 
7fa80bfd6000-7fa80ed66000 rw-p 00000000 00:00 0 
7fa80ed66000-7fa80ed6e000 r-xp 00000000 08:01 929450                     /usr/lib/jvm/java-7-openjdk-amd64/jre/lib/amd64/libzip.so
7fa80ed6e000-7fa80ef6d000 ---p 00008000 08:01 929450                     /usr/lib/jvm/java-7-openjdk-amd64/jre/lib/amd64/libzip.so
7fa80ef6d000-7fa80ef6e000 r--p 00007000 08:01 929450                     /usr/lib/jvm/java-7-openjdk-amd64/jre/lib/amd64/libzip.so
7fa80ef6e000-7fa80ef6f000 rw-p 00008000 08:01 929450                     /usr/lib/jvm/java-7-openjdk-amd64/jre/lib/amd64/libzip.so
7fa80ef6f000-7fa80ef7a000 r-xp 00000000 08:01 1841561                    /lib/x86_64-linux-gnu/libnss_files-2.19.so
7fa80ef7a000-7fa80f179000 ---p 0000b000 08:01 1841561                    /lib/x86_64-linux-gnu/libnss_files-2.19.so
7fa80f179000-7fa80f17a000 r--p 0000a000 08:01 1841561                    /lib/x86_64-linux-gnu/libnss_files-2.19.so
7fa80f17a000-7fa80f17b000 rw-p 0000b000 08:01 1841561                    /lib/x86_64-linux-gnu/libnss_files-2.19.so
7fa80f17b000-7fa80f186000 r-xp 00000000 08:01 1841563                    /lib/x86_64-linux-gnu/libnss_nis-2.19.so
7fa80f186000-7fa80f385000 ---p 0000b000 08:01 1841563                    /lib/x86_64-linux-gnu/libnss_nis-2.19.so
7fa80f385000-7fa80f386000 r--p 0000a000 08:01 1841563                    /lib/x86_64-linux-gnu/libnss_nis-2.19.so
7fa80f386000-7fa80f387000 rw-p 0000b000 08:01 1841563                    /lib/x86_64-linux-gnu/libnss_nis-2.19.so
7fa80f387000-7fa80f39e000 r-xp 00000000 08:01 1841547                    /lib/x86_64-linux-gnu/libnsl-2.19.so
7fa80f39e000-7fa80f59d000 ---p 00017000 08:01 1841547                    /lib/x86_64-linux-gnu/libnsl-2.19.so
7fa80f59d000-7fa80f59e000 r--p 00016000 08:01 1841547                    /lib/x86_64-linux-gnu/libnsl-2.19.so
7fa80f59e000-7fa80f59f000 rw-p 00017000 08:01 1841547                    /lib/x86_64-linux-gnu/libnsl-2.19.so
7fa80f59f000-7fa80f5a1000 rw-p 00000000 00:00 0 
7fa80f5a1000-7fa80f5aa000 r-xp 00000000 08:01 1841548                    /lib/x86_64-linux-gnu/libnss_compat-2.19.so
7fa80f5aa000-7fa80f7a9000 ---p 00009000 08:01 1841548                    /lib/x86_64-linux-gnu/libnss_compat-2.19.so
7fa80f7a9000-7fa80f7aa000 r--p 00008000 08:01 1841548                    /lib/x86_64-linux-gnu/libnss_compat-2.19.so
7fa80f7aa000-7fa80f7ab000 rw-p 00009000 08:01 1841548                    /lib/x86_64-linux-gnu/libnss_compat-2.19.so
7fa80f7ab000-7fa80f7b5000 r-xp 00000000 08:01 929465                     /usr/lib/jvm/java-7-openjdk-amd64/jre/lib/amd64/libinstrument.so
7fa80f7b5000-7fa80f9b4000 ---p 0000a000 08:01 929465                     /usr/lib/jvm/java-7-openjdk-amd64/jre/lib/amd64/libinstrument.so
7fa80f9b4000-7fa80f9b5000 r--p 00009000 08:01 929465                     /usr/lib/jvm/java-7-openjdk-amd64/jre/lib/amd64/libinstrument.so
7fa80f9b5000-7fa80f9b6000 rw-p 0000a000 08:01 929465                     /usr/lib/jvm/java-7-openjdk-amd64/jre/lib/amd64/libinstrument.so
7fa80f9b6000-7fa80f9e3000 r-xp 00000000 08:01 929448                     /usr/lib/jvm/java-7-openjdk-amd64/jre/lib/amd64/libjava.so
7fa80f9e3000-7fa80fbe2000 ---p 0002d000 08:01 929448                     /usr/lib/jvm/java-7-openjdk-amd64/jre/lib/amd64/libjava.so
7fa80fbe2000-7fa80fbe3000 r--p 0002c000 08:01 929448                     /usr/lib/jvm/java-7-openjdk-amd64/jre/lib/amd64/libjava.so
7fa80fbe3000-7fa80fbe5000 rw-p 0002d000 08:01 929448                     /usr/lib/jvm/java-7-openjdk-amd64/jre/lib/amd64/libjava.so
7fa80fbe5000-7fa80fbf6000 r-xp 00000000 08:01 929467                     /usr/lib/jvm/java-7-openjdk-amd64/jre/lib/amd64/libverify.so
7fa80fbf6000-7fa80fdf5000 ---p 00011000 08:01 929467                     /usr/lib/jvm/java-7-openjdk-amd64/jre/lib/amd64/libverify.so
7fa80fdf5000-7fa80fdf7000 r--p 00010000 08:01 929467                     /usr/lib/jvm/java-7-openjdk-amd64/jre/lib/amd64/libverify.so
7fa80fdf7000-7fa80fdf8000 rw-p 00012000 08:01 929467                     /usr/lib/jvm/java-7-openjdk-amd64/jre/lib/amd64/libverify.so
7fa80fdf8000-7fa80fdff000 r-xp 00000000 08:01 1841564                    /lib/x86_64-linux-gnu/librt-2.19.so
7fa80fdff000-7fa80fffe000 ---p 00007000 08:01 1841564                    /lib/x86_64-linux-gnu/librt-2.19.so
7fa80fffe000-7fa80ffff000 r--p 00006000 08:01 1841564                    /lib/x86_64-linux-gnu/librt-2.19.so
7fa80ffff000-7fa810000000 rw-p 00007000 08:01 1841564                    /lib/x86_64-linux-gnu/librt-2.19.so
7fa810000000-7fa810307000 rw-p 00000000 00:00 0 
7fa810307000-7fa814000000 ---p 00000000 00:00 0 
7fa814004000-7fa81400b000 r--s 00000000 08:01 400720                     /usr/lib/x86_64-linux-gnu/gconv/gconv-modules.cache
7fa81400b000-7fa81400f000 r--s 0004d000 08:01 929486                     /usr/lib/jvm/java-7-openjdk-amd64/jre/lib/jsse.jar
7fa81400f000-7fa81401e000 r--s 000dd000 08:01 1844163                    /home/germaaan/Android/Sdk/build-tools/21.1.2/lib/dx.jar
7fa81401e000-7fa814084000 rw-p 00000000 00:00 0 
7fa814084000-7fa8140cc000 rw-p 00000000 00:00 0 
7fa8140cc000-7fa8140e2000 r-xp 00000000 08:01 1839277                    /lib/x86_64-linux-gnu/libgcc_s.so.1
7fa8140e2000-7fa8142e1000 ---p 00016000 08:01 1839277                    /lib/x86_64-linux-gnu/libgcc_s.so.1
7fa8142e1000-7fa8142e2000 r--p 00015000 08:01 1839277                    /lib/x86_64-linux-gnu/libgcc_s.so.1
7fa8142e2000-7fa8142e3000 rw-p 00016000 08:01 1839277                    /lib/x86_64-linux-gnu/libgcc_s.so.1
7fa8142e3000-7fa8143e8000 r-xp 00000000 08:01 1841543                    /lib/x86_64-linux-gnu/libm-2.19.so
7fa8143e8000-7fa8145e7000 ---p 00105000 08:01 1841543                    /lib/x86_64-linux-gnu/libm-2.19.so
7fa8145e7000-7fa8145e8000 r--p 00104000 08:01 1841543                    /lib/x86_64-linux-gnu/libm-2.19.so
7fa8145e8000-7fa8145e9000 rw-p 00105000 08:01 1841543                    /lib/x86_64-linux-gnu/libm-2.19.so
7fa8145e9000-7fa8146d9000 r-xp 00000000 08:01 141116                     /usr/lib/x86_64-linux-gnu/libstdc++.so.6.0.20
7fa8146d9000-7fa8148d9000 ---p 000f0000 08:01 141116                     /usr/lib/x86_64-linux-gnu/libstdc++.so.6.0.20
7fa8148d9000-7fa8148e1000 r--p 000f0000 08:01 141116                     /usr/lib/x86_64-linux-gnu/libstdc++.so.6.0.20
7fa8148e1000-7fa8148e3000 rw-p 000f8000 08:01 141116                     /usr/lib/x86_64-linux-gnu/libstdc++.so.6.0.20
7fa8148e3000-7fa8148f8000 rw-p 00000000 00:00 0 
7fa8148f8000-7fa815447000 r-xp 00000000 08:01 929476                     /usr/lib/jvm/java-7-openjdk-amd64/jre/lib/amd64/server/libjvm.so
7fa815447000-7fa815647000 ---p 00b4f000 08:01 929476                     /usr/lib/jvm/java-7-openjdk-amd64/jre/lib/amd64/server/libjvm.so
7fa815647000-7fa8156e7000 r--p 00b4f000 08:01 929476                     /usr/lib/jvm/java-7-openjdk-amd64/jre/lib/amd64/server/libjvm.so
7fa8156e7000-7fa81570a000 rw-p 00bef000 08:01 929476                     /usr/lib/jvm/java-7-openjdk-amd64/jre/lib/amd64/server/libjvm.so
7fa81570a000-7fa815737000 rw-p 00000000 00:00 0 
7fa815737000-7fa81574f000 r-xp 00000000 08:01 1839421                    /lib/x86_64-linux-gnu/libz.so.1.2.8
7fa81574f000-7fa81594e000 ---p 00018000 08:01 1839421                    /lib/x86_64-linux-gnu/libz.so.1.2.8
7fa81594e000-7fa81594f000 r--p 00017000 08:01 1839421                    /lib/x86_64-linux-gnu/libz.so.1.2.8
7fa81594f000-7fa815950000 rw-p 00018000 08:01 1839421                    /lib/x86_64-linux-gnu/libz.so.1.2.8
7fa815950000-7fa815969000 r-xp 00000000 08:01 1841551                    /lib/x86_64-linux-gnu/libpthread-2.19.so
7fa815969000-7fa815b68000 ---p 00019000 08:01 1841551                    /lib/x86_64-linux-gnu/libpthread-2.19.so
7fa815b68000-7fa815b69000 r--p 00018000 08:01 1841551                    /lib/x86_64-linux-gnu/libpthread-2.19.so
7fa815b69000-7fa815b6a000 rw-p 00019000 08:01 1841551                    /lib/x86_64-linux-gnu/libpthread-2.19.so
7fa815b6a000-7fa815b6e000 rw-p 00000000 00:00 0 
7fa815b6e000-7fa815b71000 r-xp 00000000 08:01 1841550                    /lib/x86_64-linux-gnu/libdl-2.19.so
7fa815b71000-7fa815d70000 ---p 00003000 08:01 1841550                    /lib/x86_64-linux-gnu/libdl-2.19.so
7fa815d70000-7fa815d71000 r--p 00002000 08:01 1841550                    /lib/x86_64-linux-gnu/libdl-2.19.so
7fa815d71000-7fa815d72000 rw-p 00003000 08:01 1841550                    /lib/x86_64-linux-gnu/libdl-2.19.so
7fa815d72000-7fa815f2c000 r-xp 00000000 08:01 1841562                    /lib/x86_64-linux-gnu/libc-2.19.so
7fa815f2c000-7fa81612b000 ---p 001ba000 08:01 1841562                    /lib/x86_64-linux-gnu/libc-2.19.so
7fa81612b000-7fa81612f000 r--p 001b9000 08:01 1841562                    /lib/x86_64-linux-gnu/libc-2.19.so
7fa81612f000-7fa816131000 rw-p 001bd000 08:01 1841562                    /lib/x86_64-linux-gnu/libc-2.19.so
7fa816131000-7fa816136000 rw-p 00000000 00:00 0 
7fa816136000-7fa816143000 r-xp 00000000 08:01 929478                     /usr/lib/jvm/java-7-openjdk-amd64/jre/lib/amd64/jli/libjli.so
7fa816143000-7fa816342000 ---p 0000d000 08:01 929478                     /usr/lib/jvm/java-7-openjdk-amd64/jre/lib/amd64/jli/libjli.so
7fa816342000-7fa816343000 r--p 0000c000 08:01 929478                     /usr/lib/jvm/java-7-openjdk-amd64/jre/lib/amd64/jli/libjli.so
7fa816343000-7fa816344000 rw-p 0000d000 08:01 929478                     /usr/lib/jvm/java-7-openjdk-amd64/jre/lib/amd64/jli/libjli.so
7fa816344000-7fa816367000 r-xp 00000000 08:01 1841557                    /lib/x86_64-linux-gnu/ld-2.19.so
7fa816367000-7fa816368000 rw-p 00000000 00:00 0 
7fa816368000-7fa816369000 r--s 00000000 08:01 543209                     /usr/share/java/jayatanaag.jar
7fa816369000-7fa81636c000 r--s 0000f000 08:01 929507                     /usr/lib/jvm/java-7-openjdk-amd64/jre/lib/ext/icedtea-sound.jar
7fa81636c000-7fa81636e000 r--s 00006000 08:01 543208                     /usr/share/java/java-atk-wrapper.jar
7fa81636e000-7fa816370000 r--s 00012000 08:01 929509                     /usr/lib/jvm/java-7-openjdk-amd64/jre/lib/ext/zipfs.jar
7fa816370000-7fa816374000 r--s 00034000 08:01 929510                     /usr/lib/jvm/java-7-openjdk-amd64/jre/lib/ext/sunjce_provider.jar
7fa816374000-7fa816378000 r--s 0003c000 08:01 929511                     /usr/lib/jvm/java-7-openjdk-amd64/jre/lib/ext/sunpkcs11.jar
7fa816378000-7fa816379000 r--s 00002000 08:01 929506                     /usr/lib/jvm/java-7-openjdk-amd64/jre/lib/ext/dnsns.jar
7fa816379000-7fa81637c000 r--s 00086000 08:01 929508                     /usr/lib/jvm/java-7-openjdk-amd64/jre/lib/ext/localedata.jar
7fa81637c000-7fa816386000 rw-p 00000000 00:00 0 
7fa816386000-7fa81643c000 rw-p 00000000 00:00 0 
7fa81643c000-7fa81643f000 ---p 00000000 00:00 0 
7fa81643f000-7fa81655a000 rw-p 00000000 00:00 0                          [stack:17550]
7fa81655a000-7fa816562000 rw-s 00000000 08:01 3801985                    /tmp/hsperfdata_germaaan/17544
7fa816562000-7fa816563000 rw-p 00000000 00:00 0 
7fa816563000-7fa816564000 ---p 00000000 00:00 0 
7fa816564000-7fa816566000 rw-p 00000000 00:00 0 
7fa816566000-7fa816567000 r--p 00022000 08:01 1841557                    /lib/x86_64-linux-gnu/ld-2.19.so
7fa816567000-7fa816568000 rw-p 00023000 08:01 1841557                    /lib/x86_64-linux-gnu/ld-2.19.so
7fa816568000-7fa816569000 rw-p 00000000 00:00 0 
7fffb6429000-7fffb644a000 rw-p 00000000 00:00 0                          [stack]
7fffb6566000-7fffb6568000 r-xp 00000000 00:00 0                          [vdso]
7fffb6568000-7fffb656a000 r--p 00000000 00:00 0                          [vvar]
ffffffffff600000-ffffffffff601000 r-xp 00000000 00:00 0                  [vsyscall]

VM Arguments:
jvm_args: -javaagent:/usr/share/java/jayatanaag.jar -Xmx1024M -Dfile.encoding=UTF-8 -Duser.country=ES -Duser.language=es -Duser.variant 
java_command: com.android.dx.command.Main --dex --output /home/germaaan/AndroidStudioProjects/Camino/app/build/intermediates/dex/debug /home/germaaan/AndroidStudioProjects/Camino/app/build/intermediates/classes/debug /home/germaaan/AndroidStudioProjects/Camino/app/build/intermediates/pre-dexed/debug/support-annotations-21.0.3-608b5f3ebe6ef2d686a7988f81c49f1a95076178.jar /home/germaaan/AndroidStudioProjects/Camino/app/build/intermediates/pre-dexed/debug/internal_impl-21.0.3-6dc577358c44949e31b2306af2022679a583b765.jar /home/germaaan/AndroidStudioProjects/Camino/app/build/intermediates/pre-dexed/debug/classes-3c340c5d2fcb814476fec60f244114c221cc9111.jar /home/germaaan/AndroidStudioProjects/Camino/app/build/intermediates/pre-dexed/debug/classes-e38c2c168ca287888ec47ec2d9ae23222e5f0598.jar
Launcher Type: SUN_STANDARD

Environment Variables:
JAVA_TOOL_OPTIONS=-javaagent:/usr/share/java/jayatanaag.jar 
CLASSPATH=/home/germaaan/tools/android/android-studio/bin/../lib/bootstrap.jar:/home/germaaan/tools/android/android-studio/bin/../lib/extensions.jar:/home/germaaan/tools/android/android-studio/bin/../lib/util.jar:/home/germaaan/tools/android/android-studio/bin/../lib/jdom.jar:/home/germaaan/tools/android/android-studio/bin/../lib/log4j.jar:/home/germaaan/tools/android/android-studio/bin/../lib/trove4j.jar:/home/germaaan/tools/android/android-studio/bin/../lib/jna.jar:/usr/lib/jvm/java-7-oracle/lib/tools.jar
PATH=/usr/local/sbin:/usr/local/bin:/usr/sbin:/usr/bin:/sbin:/bin:/usr/games:/usr/local/games
LD_LIBRARY_PATH=/home/germaaan/tools/android/android-studio/bin:
SHELL=/bin/bash
DISPLAY=:0

Signal Handlers:
SIGSEGV: [libjvm.so+0x983340], sa_mask[0]=0x7ffbfeff, sa_flags=0x10000004
SIGBUS: [libjvm.so+0x983340], sa_mask[0]=0x7ffbfeff, sa_flags=0x10000004
SIGFPE: [libjvm.so+0x7efd90], sa_mask[0]=0x7ffbfeff, sa_flags=0x10000004
SIGPIPE: [libjvm.so+0x7efd90], sa_mask[0]=0x7ffbfeff, sa_flags=0x10000004
SIGXFSZ: [libjvm.so+0x7efd90], sa_mask[0]=0x7ffbfeff, sa_flags=0x10000004
SIGILL: [libjvm.so+0x7efd90], sa_mask[0]=0x7ffbfeff, sa_flags=0x10000004
SIGUSR1: SIG_DFL, sa_mask[0]=0x00000000, sa_flags=0x00000000
SIGUSR2: [libjvm.so+0x7efc10], sa_mask[0]=0x00000004, sa_flags=0x10000004
SIGHUP: [libjvm.so+0x7efe10], sa_mask[0]=0x7ffbfeff, sa_flags=0x10000004
SIGINT: [libjvm.so+0x7efe10], sa_mask[0]=0x7ffbfeff, sa_flags=0x10000004
SIGTERM: [libjvm.so+0x7efe10], sa_mask[0]=0x7ffbfeff, sa_flags=0x10000004
SIGQUIT: [libjvm.so+0x7efe10], sa_mask[0]=0x7ffbfeff, sa_flags=0x10000004
SIGTRAP: SIG_DFL, sa_mask[0]=0x00000000, sa_flags=0x00000000


---------------  S Y S T E M  ---------------

OS:Ubuntu 14.10 (utopic)
uname:Linux 3.16.0-33-generic #44-Ubuntu SMP Thu Mar 12 12:19:35 UTC 2015 x86_64
libc:glibc 2.19 NPTL 2.19 
rlimit: STACK 8192k, CORE 0k, NPROC 14834, NOFILE 4096, AS infinity
load average:35,82 13,32 5,15

/proc/meminfo:
MemTotal:        3819940 kB
MemFree:           91036 kB
MemAvailable:      37648 kB
Buffers:             516 kB
Cached:           188396 kB
SwapCached:          172 kB
Active:          2564808 kB
Inactive:         932780 kB
Active(anon):    2556440 kB
Inactive(anon):   923696 kB
Active(file):       8368 kB
Inactive(file):     9084 kB
Unevictable:         324 kB
Mlocked:             324 kB
SwapTotal:       1998844 kB
SwapFree:              0 kB
Dirty:                12 kB
Writeback:             0 kB
AnonPages:       3309680 kB
Mapped:            13464 kB
Shmem:            170680 kB
Slab:              87572 kB
SReclaimable:      44692 kB
SUnreclaim:        42880 kB
KernelStack:       15440 kB
PageTables:        69468 kB
NFS_Unstable:          0 kB
Bounce:                0 kB
WritebackTmp:          0 kB
CommitLimit:     3908812 kB
Committed_AS:   12797444 kB
VmallocTotal:   34359738367 kB
VmallocUsed:      349208 kB
VmallocChunk:   34359379420 kB
HardwareCorrupted:     0 kB
AnonHugePages:   1060864 kB
HugePages_Total:       0
HugePages_Free:        0
HugePages_Rsvd:        0
HugePages_Surp:        0
Hugepagesize:       2048 kB
DirectMap4k:      140828 kB
DirectMap2M:     3825664 kB


CPU:total 4 (2 cores per cpu, 2 threads per core) family 6 model 42 stepping 7, cmov, cx8, fxsr, mmx, sse, sse2, sse3, ssse3, sse4.1, sse4.2, popcnt, avx, aes, ht, tsc, tscinvbit

/proc/cpuinfo:
processor	: 0
vendor_id	: GenuineIntel
cpu family	: 6
model		: 42
model name	: Intel(R) Core(TM) i5-2450M CPU @ 2.50GHz
stepping	: 7
microcode	: 0x23
cpu MHz		: 2900.000
cache size	: 3072 KB
physical id	: 0
siblings	: 4
core id		: 0
cpu cores	: 2
apicid		: 0
initial apicid	: 0
fpu		: yes
fpu_exception	: yes
cpuid level	: 13
wp		: yes
flags		: fpu vme de pse tsc msr pae mce cx8 apic sep mtrr pge mca cmov pat pse36 clflush dts acpi mmx fxsr sse sse2 ss ht tm pbe syscall nx rdtscp lm constant_tsc arch_perfmon pebs bts rep_good nopl xtopology nonstop_tsc aperfmperf eagerfpu pni pclmulqdq dtes64 monitor ds_cpl vmx est tm2 ssse3 cx16 xtpr pdcm pcid sse4_1 sse4_2 x2apic popcnt tsc_deadline_timer aes xsave avx lahf_lm ida arat epb xsaveopt pln pts dtherm tpr_shadow vnmi flexpriority ept vpid
bogomips	: 4988.97
clflush size	: 64
cache_alignment	: 64
address sizes	: 36 bits physical, 48 bits virtual
power management:

processor	: 1
vendor_id	: GenuineIntel
cpu family	: 6
model		: 42
model name	: Intel(R) Core(TM) i5-2450M CPU @ 2.50GHz
stepping	: 7
microcode	: 0x23
cpu MHz		: 2900.000
cache size	: 3072 KB
physical id	: 0
siblings	: 4
core id		: 1
cpu cores	: 2
apicid		: 2
initial apicid	: 2
fpu		: yes
fpu_exception	: yes
cpuid level	: 13
wp		: yes
flags		: fpu vme de pse tsc msr pae mce cx8 apic sep mtrr pge mca cmov pat pse36 clflush dts acpi mmx fxsr sse sse2 ss ht tm pbe syscall nx rdtscp lm constant_tsc arch_perfmon pebs bts rep_good nopl xtopology nonstop_tsc aperfmperf eagerfpu pni pclmulqdq dtes64 monitor ds_cpl vmx est tm2 ssse3 cx16 xtpr pdcm pcid sse4_1 sse4_2 x2apic popcnt tsc_deadline_timer aes xsave avx lahf_lm ida arat epb xsaveopt pln pts dtherm tpr_shadow vnmi flexpriority ept vpid
bogomips	: 4988.97
clflush size	: 64
cache_alignment	: 64
address sizes	: 36 bits physical, 48 bits virtual
power management:

processor	: 2
vendor_id	: GenuineIntel
cpu family	: 6
model		: 42
model name	: Intel(R) Core(TM) i5-2450M CPU @ 2.50GHz
stepping	: 7
microcode	: 0x23
cpu MHz		: 2900.000
cache size	: 3072 KB
physical id	: 0
siblings	: 4
core id		: 0
cpu cores	: 2
apicid		: 1
initial apicid	: 1
fpu		: yes
fpu_exception	: yes
cpuid level	: 13
wp		: yes
flags		: fpu vme de pse tsc msr pae mce cx8 apic sep mtrr pge mca cmov pat pse36 clflush dts acpi mmx fxsr sse sse2 ss ht tm pbe syscall nx rdtscp lm constant_tsc arch_perfmon pebs bts rep_good nopl xtopology nonstop_tsc aperfmperf eagerfpu pni pclmulqdq dtes64 monitor ds_cpl vmx est tm2 ssse3 cx16 xtpr pdcm pcid sse4_1 sse4_2 x2apic popcnt tsc_deadline_timer aes xsave avx lahf_lm ida arat epb xsaveopt pln pts dtherm tpr_shadow vnmi flexpriority ept vpid
bogomips	: 4988.97
clflush size	: 64
cache_alignment	: 64
address sizes	: 36 bits physical, 48 bits virtual
power management:

processor	: 3
vendor_id	: GenuineIntel
cpu family	: 6
model		: 42
model name	: Intel(R) Core(TM) i5-2450M CPU @ 2.50GHz
stepping	: 7
microcode	: 0x23
cpu MHz		: 2900.000
cache size	: 3072 KB
physical id	: 0
siblings	: 4
core id		: 1
cpu cores	: 2
apicid		: 3
initial apicid	: 3
fpu		: yes
fpu_exception	: yes
cpuid level	: 13
wp		: yes
flags		: fpu vme de pse tsc msr pae mce cx8 apic sep mtrr pge mca cmov pat pse36 clflush dts acpi mmx fxsr sse sse2 ss ht tm pbe syscall nx rdtscp lm constant_tsc arch_perfmon pebs bts rep_good nopl xtopology nonstop_tsc aperfmperf eagerfpu pni pclmulqdq dtes64 monitor ds_cpl vmx est tm2 ssse3 cx16 xtpr pdcm pcid sse4_1 sse4_2 x2apic popcnt tsc_deadline_timer aes xsave avx lahf_lm ida arat epb xsaveopt pln pts dtherm tpr_shadow vnmi flexpriority ept vpid
bogomips	: 4988.97
clflush size	: 64
cache_alignment	: 64
address sizes	: 36 bits physical, 48 bits virtual
power management:



Memory: 4k page, physical 3819940k(89548k free), swap 1998844k(0k free)

vm_info: OpenJDK 64-Bit Server VM (24.75-b04) for linux-amd64 JRE (1.7.0_75-b13), built on Jan 27 2015 00:46:28 by "buildd" with gcc 4.9.1

time: Wed Apr  1 19:03:15 2015
elapsed time: 114 seconds

