#
# There is insufficient memory for the Java Runtime Environment to continue.
# Native memory allocation (malloc) failed to allocate 72351744 bytes for committing reserved memory.
# Possible reasons:
#   The system is out of physical RAM or swap space
#   In 32 bit mode, the process size limit was hit
# Possible solutions:
#   Reduce memory load on the system
#   Increase physical memory or swap space
#   Check if swap backing store is full
#   Use 64 bit Java on a 64 bit OS
#   Decrease Java heap size (-Xmx/-Xms)
#   Decrease number of Java threads
#   Decrease Java thread stack sizes (-Xss)
#   Set larger code cache with -XX:ReservedCodeCacheSize=
# This output file may be truncated or incomplete.
#
#  Out of Memory Error (os_linux.cpp:2756), pid=10518, tid=140565506877184
#
# JRE version: Java(TM) SE Runtime Environment (7.0_80-b15) (build 1.7.0_80-b15)
# Java VM: Java HotSpot(TM) 64-Bit Server VM (24.80-b11 mixed mode linux-amd64 compressed oops)
# Failed to write core dump. Core dumps have been disabled. To enable core dumping, try "ulimit -c unlimited" before starting Java again
#

---------------  T H R E A D  ---------------

Current thread (0x00007fd7fc132000):  VMThread [stack: 0x00007fd7f50ae000,0x00007fd7f51af000] [id=10528]

Stack: [0x00007fd7f50ae000,0x00007fd7f51af000],  sp=0x00007fd7f51ad280,  free space=1020k
Native frames: (J=compiled Java code, j=interpreted, Vv=VM code, C=native code)
V  [libjvm.so+0x9a320a]  VMError::report_and_die()+0x2ea
V  [libjvm.so+0x498d3b]  report_vm_out_of_memory(char const*, int, unsigned long, char const*)+0x9b
V  [libjvm.so+0x82191e]  os::Linux::commit_memory_impl(char*, unsigned long, bool)+0xfe
V  [libjvm.so+0x821e69]  os::pd_commit_memory(char*, unsigned long, unsigned long, bool)+0x29
V  [libjvm.so+0x81bb6a]  os::commit_memory(char*, unsigned long, unsigned long, bool)+0x2a
V  [libjvm.so+0x88d623]  PSVirtualSpace::expand_by(unsigned long)+0x53
V  [libjvm.so+0x88e9f8]  PSYoungGen::resize_generation(unsigned long, unsigned long)+0xf8
V  [libjvm.so+0x88db62]  PSYoungGen::resize(unsigned long, unsigned long)+0x22
V  [libjvm.so+0x88af1d]  PSScavenge::invoke_no_policy()+0xf3d
V  [libjvm.so+0x88b761]  PSScavenge::invoke()+0x41
V  [libjvm.so+0x843f40]  ParallelScavengeHeap::failed_mem_allocate(unsigned long)+0x70
V  [libjvm.so+0x9a4a97]  VM_ParallelGCFailedAllocation::doit()+0x97
V  [libjvm.so+0x9abf35]  VM_Operation::evaluate()+0x55
V  [libjvm.so+0x9aa2fa]  VMThread::evaluate_operation(VM_Operation*)+0xba
V  [libjvm.so+0x9aa67e]  VMThread::loop()+0x1ce
V  [libjvm.so+0x9aaaf0]  VMThread::run()+0x70
V  [libjvm.so+0x8238c8]  java_start(Thread*)+0x108

VM_Operation (0x00007fd803033c10): ParallelGCFailedAllocation, mode: safepoint, requested by thread 0x00007fd7fc00b000


---------------  P R O C E S S  ---------------

Java Threads: ( => current thread )
  0x00007fd7fc19a000 JavaThread "Service Thread" daemon [_thread_blocked, id=10534, stack(0x00007fd7ef7d5000,0x00007fd7ef8d6000)]
  0x00007fd7fc194800 JavaThread "C2 CompilerThread1" daemon [_thread_blocked, id=10533, stack(0x00007fd7ef8d6000,0x00007fd7ef9d7000)]
  0x00007fd7fc192800 JavaThread "C2 CompilerThread0" daemon [_thread_blocked, id=10532, stack(0x00007fd7f406b000,0x00007fd7f416c000)]
  0x00007fd7fc15a000 JavaThread "Signal Dispatcher" daemon [_thread_blocked, id=10531, stack(0x00007fd7f46c9000,0x00007fd7f47ca000)]
  0x00007fd7fc138800 JavaThread "Finalizer" daemon [_thread_blocked, id=10530, stack(0x00007fd7f4eac000,0x00007fd7f4fad000)]
  0x00007fd7fc136800 JavaThread "Reference Handler" daemon [_thread_blocked, id=10529, stack(0x00007fd7f4fad000,0x00007fd7f50ae000)]
  0x00007fd7fc00b000 JavaThread "main" [_thread_blocked, id=10520, stack(0x00007fd802f35000,0x00007fd803036000)]

Other Threads:
=>0x00007fd7fc132000 VMThread [stack: 0x00007fd7f50ae000,0x00007fd7f51af000] [id=10528]
  0x00007fd7fc1a4800 WatcherThread [stack: 0x00007fd7ef6d4000,0x00007fd7ef7d5000] [id=10535]

VM state:at safepoint (normal execution)

VM Mutex/Monitor currently owned by a thread:  ([mutex/lock_event])
[0x00007fd7fc007740] Threads_lock - owner thread: 0x00007fd7fc132000
[0x00007fd7fc007c40] Heap_lock - owner thread: 0x00007fd7fc00b000

Heap
 PSYoungGen      total 70144K, used 8182K [0x00000000eaa80000, 0x00000000ef880000, 0x0000000100000000)
  eden space 61952K, 0% used [0x00000000eaa80000,0x00000000eaa80000,0x00000000ee700000)
  from space 8192K, 99% used [0x00000000ee700000,0x00000000eeefd8f0,0x00000000eef00000)
  to   space 6656K, 0% used [0x00000000eef00000,0x00000000eef00000,0x00000000ef580000)
 ParOldGen       total 39424K, used 23138K [0x00000000c0000000, 0x00000000c2680000, 0x00000000eaa80000)
  object space 39424K, 58% used [0x00000000c0000000,0x00000000c1698958,0x00000000c2680000)
 PSPermGen       total 21504K, used 5703K [0x00000000bae00000, 0x00000000bc300000, 0x00000000c0000000)
  object space 21504K, 26% used [0x00000000bae00000,0x00000000bb391e38,0x00000000bc300000)

Card table byte_map: [0x00007fd7f8dd6000,0x00007fd7f9000000] byte_map_base: 0x00007fd7f87ff000

Polling page: 0x00007fd80305a000

Code Cache  [0x00007fd7f9000000, 0x00007fd7f9270000, 0x00007fd7fc000000)
 total_blobs=819 nmethods=589 adapters=182 free_code_cache=46917Kb largest_free_block=48004096

Compilation events (10 events):
Event: 15,001 Thread 0x00007fd7fc192800 nmethod 602 0x00007fd7f921ce10 code [0x00007fd7f921cf60, 0x00007fd7f921d098]
Event: 15,001 Thread 0x00007fd7fc192800  603             com.android.dx.rop.code.RopMethod::labelToPredecessors (54 bytes)
Event: 15,003 Thread 0x00007fd7fc192800 nmethod 603 0x00007fd7f92138d0 code [0x00007fd7f9213a20, 0x00007fd7f9213ae8]
Event: 15,003 Thread 0x00007fd7fc192800  604             com.android.dx.cf.code.ConcreteMethod::getAccessFlags (10 bytes)
Event: 15,004 Thread 0x00007fd7fc192800 nmethod 604 0x00007fd7f92272d0 code [0x00007fd7f9227420, 0x00007fd7f92274b8]
Event: 15,006 Thread 0x00007fd7fc192800  605             com.android.dx.cf.code.BaseMachine::getLocalTarget (151 bytes)
Event: 15,019 Thread 0x00007fd7fc192800 nmethod 605 0x00007fd7f921a590 code [0x00007fd7f921a720, 0x00007fd7f921a968]
Event: 15,019 Thread 0x00007fd7fc192800  606             com.android.dx.cf.direct.StdAttributeFactory::lineNumberTable (204 bytes)
Event: 15,063 Thread 0x00007fd7fc192800 nmethod 606 0x00007fd7f9228850 code [0x00007fd7f9228a40, 0x00007fd7f9229358]
Event: 15,084 Thread 0x00007fd7fc192800  607   !         com.android.dx.cf.code.Ropper::processBlock (1101 bytes)

GC Heap History (10 events):
Event: 5,421 GC heap after
Heap after GC invocations=2 (full 0):
 PSYoungGen      total 17920K, used 2039K [0x00000000eaa80000, 0x00000000ecd80000, 0x0000000100000000)
  eden space 15872K, 0% used [0x00000000eaa80000,0x00000000eaa80000,0x00000000eba00000)
  from space 2048K, 99% used [0x00000000ebc00000,0x00000000ebdfdc88,0x00000000ebe00000)
  to   space 2048K, 0% used [0x00000000eba00000,0x00000000eba00000,0x00000000ebc00000)
 ParOldGen       total 39424K, used 4386K [0x00000000c0000000, 0x00000000c2680000, 0x00000000eaa80000)
  object space 39424K, 11% used [0x00000000c0000000,0x00000000c0448910,0x00000000c2680000)
 PSPermGen       total 21504K, used 5526K [0x00000000bae00000, 0x00000000bc300000, 0x00000000c0000000)
  object space 21504K, 25% used [0x00000000bae00000,0x00000000bb365bb0,0x00000000bc300000)
}
Event: 7,450 GC heap before
{Heap before GC invocations=3 (full 0):
 PSYoungGen      total 17920K, used 17911K [0x00000000eaa80000, 0x00000000ecd80000, 0x0000000100000000)
  eden space 15872K, 100% used [0x00000000eaa80000,0x00000000eba00000,0x00000000eba00000)
  from space 2048K, 99% used [0x00000000ebc00000,0x00000000ebdfdc88,0x00000000ebe00000)
  to   space 2048K, 0% used [0x00000000eba00000,0x00000000eba00000,0x00000000ebc00000)
 ParOldGen       total 39424K, used 4386K [0x00000000c0000000, 0x00000000c2680000, 0x00000000eaa80000)
  object space 39424K, 11% used [0x00000000c0000000,0x00000000c0448910,0x00000000c2680000)
 PSPermGen       total 21504K, used 5569K [0x00000000bae00000, 0x00000000bc300000, 0x00000000c0000000)
  object space 21504K, 25% used [0x00000000bae00000,0x00000000bb370628,0x00000000bc300000)
Event: 7,557 GC heap after
Heap after GC invocations=3 (full 0):
 PSYoungGen      total 17920K, used 2016K [0x00000000eaa80000, 0x00000000ecd80000, 0x0000000100000000)
  eden space 15872K, 0% used [0x00000000eaa80000,0x00000000eaa80000,0x00000000eba00000)
  from space 2048K, 98% used [0x00000000eba00000,0x00000000ebbf82e8,0x00000000ebc00000)
  to   space 2048K, 0% used [0x00000000ecb80000,0x00000000ecb80000,0x00000000ecd80000)
 ParOldGen       total 39424K, used 6625K [0x00000000c0000000, 0x00000000c2680000, 0x00000000eaa80000)
  object space 39424K, 16% used [0x00000000c0000000,0x00000000c06787f8,0x00000000c2680000)
 PSPermGen       total 21504K, used 5569K [0x00000000bae00000, 0x00000000bc300000, 0x00000000c0000000)
  object space 21504K, 25% used [0x00000000bae00000,0x00000000bb370628,0x00000000bc300000)
}
Event: 8,961 GC heap before
{Heap before GC invocations=4 (full 0):
 PSYoungGen      total 17920K, used 17888K [0x00000000eaa80000, 0x00000000ecd80000, 0x0000000100000000)
  eden space 15872K, 100% used [0x00000000eaa80000,0x00000000eba00000,0x00000000eba00000)
  from space 2048K, 98% used [0x00000000eba00000,0x00000000ebbf82e8,0x00000000ebc00000)
  to   space 2048K, 0% used [0x00000000ecb80000,0x00000000ecb80000,0x00000000ecd80000)
 ParOldGen       total 39424K, used 6625K [0x00000000c0000000, 0x00000000c2680000, 0x00000000eaa80000)
  object space 39424K, 16% used [0x00000000c0000000,0x00000000c06787f8,0x00000000c2680000)
 PSPermGen       total 21504K, used 5596K [0x00000000bae00000, 0x00000000bc300000, 0x00000000c0000000)
  object space 21504K, 26% used [0x00000000bae00000,0x00000000bb3770d0,0x00000000bc300000)
Event: 8,982 GC heap after
Heap after GC invocations=4 (full 0):
 PSYoungGen      total 33792K, used 2032K [0x00000000eaa80000, 0x00000000ecd80000, 0x0000000100000000)
  eden space 31744K, 0% used [0x00000000eaa80000,0x00000000eaa80000,0x00000000ec980000)
  from space 2048K, 99% used [0x00000000ecb80000,0x00000000ecd7c2d8,0x00000000ecd80000)
  to   space 2048K, 0% used [0x00000000ec980000,0x00000000ec980000,0x00000000ecb80000)
 ParOldGen       total 39424K, used 8727K [0x00000000c0000000, 0x00000000c2680000, 0x00000000eaa80000)
  object space 39424K, 22% used [0x00000000c0000000,0x00000000c0885fd0,0x00000000c2680000)
 PSPermGen       total 21504K, used 5596K [0x00000000bae00000, 0x00000000bc300000, 0x00000000c0000000)
  object space 21504K, 26% used [0x00000000bae00000,0x00000000bb3770d0,0x00000000bc300000)
}
Event: 11,168 GC heap before
{Heap before GC invocations=5 (full 0):
 PSYoungGen      total 33792K, used 33776K [0x00000000eaa80000, 0x00000000ecd80000, 0x0000000100000000)
  eden space 31744K, 100% used [0x00000000eaa80000,0x00000000ec980000,0x00000000ec980000)
  from space 2048K, 99% used [0x00000000ecb80000,0x00000000ecd7c2d8,0x00000000ecd80000)
  to   space 2048K, 0% used [0x00000000ec980000,0x00000000ec980000,0x00000000ecb80000)
 ParOldGen       total 39424K, used 8727K [0x00000000c0000000, 0x00000000c2680000, 0x00000000eaa80000)
  object space 39424K, 22% used [0x00000000c0000000,0x00000000c0885fd0,0x00000000c2680000)
 PSPermGen       total 21504K, used 5637K [0x00000000bae00000, 0x00000000bc300000, 0x00000000c0000000)
  object space 21504K, 26% used [0x00000000bae00000,0x00000000bb3817e0,0x00000000bc300000)
Event: 11,262 GC heap after
Heap after GC invocations=5 (full 0):
 PSYoungGen      total 33792K, used 2032K [0x00000000eaa80000, 0x00000000ef580000, 0x0000000100000000)
  eden space 31744K, 0% used [0x00000000eaa80000,0x00000000eaa80000,0x00000000ec980000)
  from space 2048K, 99% used [0x00000000ec980000,0x00000000ecb7c2d8,0x00000000ecb80000)
  to   space 6656K, 0% used [0x00000000eef00000,0x00000000eef00000,0x00000000ef580000)
 ParOldGen       total 39424K, used 13840K [0x00000000c0000000, 0x00000000c2680000, 0x00000000eaa80000)
  object space 39424K, 35% used [0x00000000c0000000,0x00000000c0d842f8,0x00000000c2680000)
 PSPermGen       total 21504K, used 5637K [0x00000000bae00000, 0x00000000bc300000, 0x00000000c0000000)
  object space 21504K, 26% used [0x00000000bae00000,0x00000000bb3817e0,0x00000000bc300000)
}
Event: 12,480 GC heap before
{Heap before GC invocations=6 (full 0):
 PSYoungGen      total 33792K, used 33776K [0x00000000eaa80000, 0x00000000ef580000, 0x0000000100000000)
  eden space 31744K, 100% used [0x00000000eaa80000,0x00000000ec980000,0x00000000ec980000)
  from space 2048K, 99% used [0x00000000ec980000,0x00000000ecb7c2d8,0x00000000ecb80000)
  to   space 6656K, 0% used [0x00000000eef00000,0x00000000eef00000,0x00000000ef580000)
 ParOldGen       total 39424K, used 13840K [0x00000000c0000000, 0x00000000c2680000, 0x00000000eaa80000)
  object space 39424K, 35% used [0x00000000c0000000,0x00000000c0d842f8,0x00000000c2680000)
 PSPermGen       total 21504K, used 5664K [0x00000000bae00000, 0x00000000bc300000, 0x00000000c0000000)
  object space 21504K, 26% used [0x00000000bae00000,0x00000000bb3883e8,0x00000000bc300000)
Event: 12,534 GC heap after
Heap after GC invocations=6 (full 0):
 PSYoungGen      total 68608K, used 6630K [0x00000000eaa80000, 0x00000000ef880000, 0x0000000100000000)
  eden space 61952K, 0% used [0x00000000eaa80000,0x00000000eaa80000,0x00000000ee700000)
  from space 6656K, 99% used [0x00000000eef00000,0x00000000ef579908,0x00000000ef580000)
  to   space 8192K, 0% used [0x00000000ee700000,0x00000000ee700000,0x00000000eef00000)
 ParOldGen       total 39424K, used 14971K [0x00000000c0000000, 0x00000000c2680000, 0x00000000eaa80000)
  object space 39424K, 37% used [0x00000000c0000000,0x00000000c0e9ec30,0x00000000c2680000)
 PSPermGen       total 21504K, used 5664K [0x00000000bae00000, 0x00000000bc300000, 0x00000000c0000000)
  object space 21504K, 26% used [0x00000000bae00000,0x00000000bb3883e8,0x00000000bc300000)
}
Event: 44,054 GC heap before
{Heap before GC invocations=7 (full 0):
 PSYoungGen      total 68608K, used 68582K [0x00000000eaa80000, 0x00000000ef880000, 0x0000000100000000)
  eden space 61952K, 100% used [0x00000000eaa80000,0x00000000ee700000,0x00000000ee700000)
  from space 6656K, 99% used [0x00000000eef00000,0x00000000ef579908,0x00000000ef580000)
  to   space 8192K, 0% used [0x00000000ee700000,0x00000000ee700000,0x00000000eef00000)
 ParOldGen       total 39424K, used 14971K [0x00000000c0000000, 0x00000000c2680000, 0x00000000eaa80000)
  object space 39424K, 37% used [0x00000000c0000000,0x00000000c0e9ec30,0x00000000c2680000)
 PSPermGen       total 21504K, used 5703K [0x00000000bae00000, 0x00000000bc300000, 0x00000000c0000000)
  object space 21504K, 26% used [0x00000000bae00000,0x00000000bb391e38,0x00000000bc300000)

Deoptimization events (10 events):
Event: 13,532 Thread 0x00007fd7fc00b000 Uncommon trap: reason=class_check action=maybe_recompile pc=0x00007fd7f91fbf98 method=com.android.dx.ssa.back.FirstFitLocalCombiningAllocator.findNextUnreservedRopReg(IILcom/android/dx/ssa/back/FirstFitLocalCombiningAllocator$Alignment;)I @ 60
Event: 13,535 Thread 0x00007fd7fc00b000 Uncommon trap: reason=bimorphic action=maybe_recompile pc=0x00007fd7f912dc50 method=com.android.dx.ssa.LiteralOpUpgrader.tryReplacingWithConstant(Lcom/android/dx/ssa/NormalSsaInsn;)Z @ 62
Event: 14,045 Thread 0x00007fd7fc00b000 Uncommon trap: reason=bimorphic action=maybe_recompile pc=0x00007fd7f91a0270 method=com.android.dx.cf.code.RopperMachine.run(Lcom/android/dx/cf/code/Frame;II)V @ 310
Event: 14,046 Thread 0x00007fd7fc00b000 Uncommon trap: reason=bimorphic action=maybe_recompile pc=0x00007fd7f91a0270 method=com.android.dx.cf.code.RopperMachine.run(Lcom/android/dx/cf/code/Frame;II)V @ 310
Event: 14,046 Thread 0x00007fd7fc00b000 Uncommon trap: reason=bimorphic action=maybe_recompile pc=0x00007fd7f91a0270 method=com.android.dx.cf.code.RopperMachine.run(Lcom/android/dx/cf/code/Frame;II)V @ 310
Event: 14,047 Thread 0x00007fd7fc00b000 Uncommon trap: reason=bimorphic action=maybe_recompile pc=0x00007fd7f91a0270 method=com.android.dx.cf.code.RopperMachine.run(Lcom/android/dx/cf/code/Frame;II)V @ 310
Event: 14,326 Thread 0x00007fd7fc00b000 Uncommon trap: reason=unstable_if action=reinterpret pc=0x00007fd7f909c6f4 method=com.android.dx.util.IntList.binarysearch(I)I @ 105
Event: 14,328 Thread 0x00007fd7fc00b000 Uncommon trap: reason=unstable_if action=reinterpret pc=0x00007fd7f918a220 method=com.android.dx.ssa.SsaMethod.blockIndexToRopLabel(I)I @ 1
Event: 14,328 Thread 0x00007fd7fc00b000 Uncommon trap: reason=unstable_if action=reinterpret pc=0x00007fd7f919b270 method=com.android.dx.ssa.SsaMethod.blockIndexToRopLabel(I)I @ 1
Event: 14,329 Thread 0x00007fd7fc00b000 Uncommon trap: reason=unstable_if action=reinterpret pc=0x00007fd7f914f518 method=com.android.dx.dex.code.RopTranslator.pickOrder()V @ 279

Internal exceptions (10 events):
Event: 5,751 Thread 0x00007fd7fc00b000 Threw 0x00000000eadda6e8 at /HUDSON/workspace/7u-2-build-linux-amd64/jdk7u80/2329/hotspot/src/share/vm/prims/jvm.cpp:1319
Event: 7,570 Thread 0x00007fd7fc00b000 Implicit null exception at 0x00007fd7f90c8f12 to 0x00007fd7f90c9003
Event: 8,670 Thread 0x00007fd7fc00b000 Threw 0x00000000eb6f2150 at /HUDSON/workspace/7u-2-build-linux-amd64/jdk7u80/2329/hotspot/src/share/vm/prims/jvm.cpp:1319
Event: 11,397 Thread 0x00007fd7fc00b000 Threw 0x00000000ead63b20 at /HUDSON/workspace/7u-2-build-linux-amd64/jdk7u80/2329/hotspot/src/share/vm/prims/jvm.cpp:1319
Event: 11,971 Thread 0x00007fd7fc00b000 Threw 0x00000000ebca4328 at /HUDSON/workspace/7u-2-build-linux-amd64/jdk7u80/2329/hotspot/src/share/vm/prims/jvm.cpp:1319
Event: 12,395 Thread 0x00007fd7fc00b000 Threw 0x00000000ec775180 at /HUDSON/workspace/7u-2-build-linux-amd64/jdk7u80/2329/hotspot/src/share/vm/prims/jvm.cpp:1319
Event: 12,397 Thread 0x00007fd7fc00b000 Implicit null exception at 0x00007fd7f90e0dba to 0x00007fd7f90e0f61
Event: 12,397 Thread 0x00007fd7fc00b000 Implicit null exception at 0x00007fd7f90aa446 to 0x00007fd7f90aa5d1
Event: 12,730 Thread 0x00007fd7fc00b000 Implicit null exception at 0x00007fd7f90a4b3c to 0x00007fd7f90a4c51
Event: 14,006 Thread 0x00007fd7fc00b000 Threw 0x00000000ed126900 at /HUDSON/workspace/7u-2-build-linux-amd64/jdk7u80/2329/hotspot/src/share/vm/prims/jvm.cpp:1319

Events (10 events):
Event: 14,328 Thread 0x00007fd7fc00b000 Uncommon trap: trap_request=0xffffff75 fr.pc=0x00007fd7f918a220
Event: 14,328 Thread 0x00007fd7fc00b000 DEOPT PACKING pc=0x00007fd7f918a220 sp=0x00007fd803033e60
Event: 14,328 Thread 0x00007fd7fc00b000 DEOPT UNPACKING pc=0x00007fd7f9039445 sp=0x00007fd803033d78 mode 2
Event: 14,328 Thread 0x00007fd7fc00b000 Uncommon trap: trap_request=0xffffff75 fr.pc=0x00007fd7f919b270
Event: 14,328 Thread 0x00007fd7fc00b000 DEOPT PACKING pc=0x00007fd7f919b270 sp=0x00007fd803033e00
Event: 14,328 Thread 0x00007fd7fc00b000 DEOPT UNPACKING pc=0x00007fd7f9039445 sp=0x00007fd803033d78 mode 2
Event: 14,329 Thread 0x00007fd7fc00b000 Uncommon trap: trap_request=0xffffff75 fr.pc=0x00007fd7f914f518
Event: 14,329 Thread 0x00007fd7fc00b000 DEOPT PACKING pc=0x00007fd7f914f518 sp=0x00007fd803033ff0
Event: 14,329 Thread 0x00007fd7fc00b000 DEOPT UNPACKING pc=0x00007fd7f9039445 sp=0x00007fd803033f80 mode 2
Event: 44,037 Executing VM operation: ParallelGCFailedAllocation


Dynamic libraries:
00400000-00401000 r-xp 00000000 08:01 2110566                            /usr/lib/jvm/java-7-oracle/bin/java
00600000-00601000 rw-p 00000000 08:01 2110566                            /usr/lib/jvm/java-7-oracle/bin/java
0075c000-0077d000 rw-p 00000000 00:00 0                                  [heap]
bae00000-bc300000 rw-p 00000000 00:00 0 
bc300000-c0000000 rw-p 00000000 00:00 0 
c0000000-c2680000 rw-p 00000000 00:00 0 
c2680000-eaa80000 rw-p 00000000 00:00 0 
eaa80000-ef880000 rw-p 00000000 00:00 0 
f3d80000-100000000 rw-p 00000000 00:00 0 
7fd7c0000000-7fd7c0021000 rw-p 00000000 00:00 0 
7fd7c0021000-7fd7c4000000 ---p 00000000 00:00 0 
7fd7c4000000-7fd7c4021000 rw-p 00000000 00:00 0 
7fd7c4021000-7fd7c8000000 ---p 00000000 00:00 0 
7fd7c8000000-7fd7c8c3f000 rw-p 00000000 00:00 0 
7fd7c8c3f000-7fd7cc000000 ---p 00000000 00:00 0 
7fd7cc000000-7fd7cd3d9000 rw-p 00000000 00:00 0 
7fd7cd3d9000-7fd7d0000000 ---p 00000000 00:00 0 
7fd7d0000000-7fd7d0021000 rw-p 00000000 00:00 0 
7fd7d0021000-7fd7d4000000 ---p 00000000 00:00 0 
7fd7d4000000-7fd7d4021000 rw-p 00000000 00:00 0 
7fd7d4021000-7fd7d8000000 ---p 00000000 00:00 0 
7fd7d8000000-7fd7d8251000 rw-p 00000000 00:00 0 
7fd7d8251000-7fd7dc000000 ---p 00000000 00:00 0 
7fd7dc000000-7fd7dc021000 rw-p 00000000 00:00 0 
7fd7dc021000-7fd7e0000000 ---p 00000000 00:00 0 
7fd7e0000000-7fd7e0021000 rw-p 00000000 00:00 0 
7fd7e0021000-7fd7e4000000 ---p 00000000 00:00 0 
7fd7e4000000-7fd7e4021000 rw-p 00000000 00:00 0 
7fd7e4021000-7fd7e8000000 ---p 00000000 00:00 0 
7fd7e8000000-7fd7e8021000 rw-p 00000000 00:00 0 
7fd7e8021000-7fd7ec000000 ---p 00000000 00:00 0 
7fd7eefab000-7fd7ef2ac000 rw-p 00000000 00:00 0 
7fd7ef2ac000-7fd7ef2c3000 r-xp 00000000 08:01 2108540                    /usr/lib/jvm/java-7-oracle/jre/lib/amd64/libnet.so
7fd7ef2c3000-7fd7ef4c2000 ---p 00017000 08:01 2108540                    /usr/lib/jvm/java-7-oracle/jre/lib/amd64/libnet.so
7fd7ef4c2000-7fd7ef4c3000 rw-p 00016000 08:01 2108540                    /usr/lib/jvm/java-7-oracle/jre/lib/amd64/libnet.so
7fd7ef4c3000-7fd7ef4d3000 r-xp 00000000 08:01 2108506                    /usr/lib/jvm/java-7-oracle/jre/lib/amd64/libnio.so
7fd7ef4d3000-7fd7ef6d3000 ---p 00010000 08:01 2108506                    /usr/lib/jvm/java-7-oracle/jre/lib/amd64/libnio.so
7fd7ef6d3000-7fd7ef6d4000 rw-p 00010000 08:01 2108506                    /usr/lib/jvm/java-7-oracle/jre/lib/amd64/libnio.so
7fd7ef6d4000-7fd7ef6d5000 ---p 00000000 00:00 0 
7fd7ef6d5000-7fd7ef7d5000 rw-p 00000000 00:00 0                          [stack:10535]
7fd7ef7d5000-7fd7ef7d8000 ---p 00000000 00:00 0 
7fd7ef7d8000-7fd7ef8d6000 rw-p 00000000 00:00 0                          [stack:10534]
7fd7ef8d6000-7fd7ef8d9000 ---p 00000000 00:00 0 
7fd7ef8d9000-7fd7ef9d7000 rw-p 00000000 00:00 0                          [stack:10533]
7fd7ef9d7000-7fd7ef9dc000 r-xp 00000000 08:01 2106549                    /usr/lib/x86_64-linux-gnu/libXdmcp.so.6.0.0
7fd7ef9dc000-7fd7efbdb000 ---p 00005000 08:01 2106549                    /usr/lib/x86_64-linux-gnu/libXdmcp.so.6.0.0
7fd7efbdb000-7fd7efbdc000 r--p 00004000 08:01 2106549                    /usr/lib/x86_64-linux-gnu/libXdmcp.so.6.0.0
7fd7efbdc000-7fd7efbdd000 rw-p 00005000 08:01 2106549                    /usr/lib/x86_64-linux-gnu/libXdmcp.so.6.0.0
7fd7efbdd000-7fd7efbdf000 r-xp 00000000 08:01 2106538                    /usr/lib/x86_64-linux-gnu/libXau.so.6.0.0
7fd7efbdf000-7fd7efddf000 ---p 00002000 08:01 2106538                    /usr/lib/x86_64-linux-gnu/libXau.so.6.0.0
7fd7efddf000-7fd7efde0000 r--p 00002000 08:01 2106538                    /usr/lib/x86_64-linux-gnu/libXau.so.6.0.0
7fd7efde0000-7fd7efde1000 rw-p 00003000 08:01 2106538                    /usr/lib/x86_64-linux-gnu/libXau.so.6.0.0
7fd7efde1000-7fd7efdfe000 r-xp 00000000 08:01 2107736                    /usr/lib/x86_64-linux-gnu/libxcb.so.1.1.0
7fd7efdfe000-7fd7efffe000 ---p 0001d000 08:01 2107736                    /usr/lib/x86_64-linux-gnu/libxcb.so.1.1.0
7fd7efffe000-7fd7effff000 r--p 0001d000 08:01 2107736                    /usr/lib/x86_64-linux-gnu/libxcb.so.1.1.0
7fd7effff000-7fd7f0000000 rw-p 0001e000 08:01 2107736                    /usr/lib/x86_64-linux-gnu/libxcb.so.1.1.0
7fd7f0000000-7fd7f0021000 rw-p 00000000 00:00 0 
7fd7f0021000-7fd7f4000000 ---p 00000000 00:00 0 
7fd7f4045000-7fd7f406b000 r--p 00000000 08:01 2756829                    /usr/share/locale-langpack/es/LC_MESSAGES/libc.mo
7fd7f406b000-7fd7f406e000 ---p 00000000 00:00 0 
7fd7f406e000-7fd7f416c000 rw-p 00000000 00:00 0                          [stack:10532]
7fd7f416c000-7fd7f429f000 r-xp 00000000 08:01 2106534                    /usr/lib/x86_64-linux-gnu/libX11.so.6.3.0
7fd7f429f000-7fd7f449f000 ---p 00133000 08:01 2106534                    /usr/lib/x86_64-linux-gnu/libX11.so.6.3.0
7fd7f449f000-7fd7f44a0000 r--p 00133000 08:01 2106534                    /usr/lib/x86_64-linux-gnu/libX11.so.6.3.0
7fd7f44a0000-7fd7f44a4000 rw-p 00134000 08:01 2106534                    /usr/lib/x86_64-linux-gnu/libX11.so.6.3.0
7fd7f44a4000-7fd7f44a5000 rw-p 00000000 00:00 0 
7fd7f44c6000-7fd7f44c7000 r-xp 00000000 08:01 2119627                    /usr/lib/jayatana/libjayatanaag.so
7fd7f44c7000-7fd7f46c7000 ---p 00001000 08:01 2119627                    /usr/lib/jayatana/libjayatanaag.so
7fd7f46c7000-7fd7f46c8000 r--p 00001000 08:01 2119627                    /usr/lib/jayatana/libjayatanaag.so
7fd7f46c8000-7fd7f46c9000 rw-p 00002000 08:01 2119627                    /usr/lib/jayatana/libjayatanaag.so
7fd7f46c9000-7fd7f46cc000 ---p 00000000 00:00 0 
7fd7f46cc000-7fd7f47ca000 rw-p 00000000 00:00 0                          [stack:10531]
7fd7f47ca000-7fd7f4eac000 r--p 00000000 08:01 2105314                    /usr/lib/locale/locale-archive
7fd7f4eac000-7fd7f4eaf000 ---p 00000000 00:00 0 
7fd7f4eaf000-7fd7f4fad000 rw-p 00000000 00:00 0                          [stack:10530]
7fd7f4fad000-7fd7f4fb0000 ---p 00000000 00:00 0 
7fd7f4fb0000-7fd7f50ae000 rw-p 00000000 00:00 0                          [stack:10529]
7fd7f50ae000-7fd7f50af000 ---p 00000000 00:00 0 
7fd7f50af000-7fd7f6109000 rw-p 00000000 00:00 0                          [stack:10528]
7fd7f6109000-7fd7f62c9000 r--s 039fb000 08:01 2108620                    /usr/lib/jvm/java-7-oracle/jre/lib/rt.jar
7fd7f62c9000-7fd7f8853000 rw-p 00000000 00:00 0 
7fd7f8853000-7fd7f8854000 ---p 00000000 00:00 0 
7fd7f8854000-7fd7f8954000 rw-p 00000000 00:00 0                          [stack:10527]
7fd7f8954000-7fd7f8955000 ---p 00000000 00:00 0 
7fd7f8955000-7fd7f8a55000 rw-p 00000000 00:00 0                          [stack:10526]
7fd7f8a55000-7fd7f8a56000 ---p 00000000 00:00 0 
7fd7f8a56000-7fd7f8b56000 rw-p 00000000 00:00 0                          [stack:10524]
7fd7f8b56000-7fd7f8b57000 ---p 00000000 00:00 0 
7fd7f8b57000-7fd7f8c62000 rw-p 00000000 00:00 0                          [stack:10523]
7fd7f8c62000-7fd7f8c80000 rw-p 00000000 00:00 0 
7fd7f8c80000-7fd7f8c94000 rw-p 00000000 00:00 0 
7fd7f8c94000-7fd7f8dd6000 rw-p 00000000 00:00 0 
7fd7f8dd6000-7fd7f8de1000 rw-p 00000000 00:00 0 
7fd7f8de1000-7fd7f8dff000 rw-p 00000000 00:00 0 
7fd7f8dff000-7fd7f8e13000 rw-p 00000000 00:00 0 
7fd7f8e13000-7fd7f8f54000 rw-p 00000000 00:00 0 
7fd7f8f54000-7fd7f8f7c000 rw-p 00000000 00:00 0 
7fd7f8f7c000-7fd7f8fff000 rw-p 00000000 00:00 0 
7fd7f8fff000-7fd7f9000000 rw-p 00000000 00:00 0 
7fd7f9000000-7fd7f9270000 rwxp 00000000 00:00 0 
7fd7f9270000-7fd7fc274000 rw-p 00000000 00:00 0 
7fd7fc274000-7fd800000000 ---p 00000000 00:00 0 
7fd800007000-7fd800018000 r--s 000b9000 08:01 1185513                    /home/germaaan/AndroidStudioProjects/Camino/app/build/intermediates/exploded-aar/com.android.support/support-v4/22.0.0/classes.jar
7fd800018000-7fd80002f000 r-xp 00000000 08:01 2108535                    /usr/lib/jvm/java-7-oracle/jre/lib/amd64/libzip.so
7fd80002f000-7fd80022f000 ---p 00017000 08:01 2108535                    /usr/lib/jvm/java-7-oracle/jre/lib/amd64/libzip.so
7fd80022f000-7fd800230000 rw-p 00017000 08:01 2108535                    /usr/lib/jvm/java-7-oracle/jre/lib/amd64/libzip.so
7fd800230000-7fd80023c000 r-xp 00000000 08:01 1315145                    /lib/x86_64-linux-gnu/libnss_files-2.21.so
7fd80023c000-7fd80043b000 ---p 0000c000 08:01 1315145                    /lib/x86_64-linux-gnu/libnss_files-2.21.so
7fd80043b000-7fd80043c000 r--p 0000b000 08:01 1315145                    /lib/x86_64-linux-gnu/libnss_files-2.21.so
7fd80043c000-7fd80043d000 rw-p 0000c000 08:01 1315145                    /lib/x86_64-linux-gnu/libnss_files-2.21.so
7fd80043d000-7fd800448000 r-xp 00000000 08:01 1315155                    /lib/x86_64-linux-gnu/libnss_nis-2.21.so
7fd800448000-7fd800647000 ---p 0000b000 08:01 1315155                    /lib/x86_64-linux-gnu/libnss_nis-2.21.so
7fd800647000-7fd800648000 r--p 0000a000 08:01 1315155                    /lib/x86_64-linux-gnu/libnss_nis-2.21.so
7fd800648000-7fd800649000 rw-p 0000b000 08:01 1315155                    /lib/x86_64-linux-gnu/libnss_nis-2.21.so
7fd800649000-7fd800660000 r-xp 00000000 08:01 1315139                    /lib/x86_64-linux-gnu/libnsl-2.21.so
7fd800660000-7fd80085f000 ---p 00017000 08:01 1315139                    /lib/x86_64-linux-gnu/libnsl-2.21.so
7fd80085f000-7fd800860000 r--p 00016000 08:01 1315139                    /lib/x86_64-linux-gnu/libnsl-2.21.so
7fd800860000-7fd800861000 rw-p 00017000 08:01 1315139                    /lib/x86_64-linux-gnu/libnsl-2.21.so
7fd800861000-7fd800863000 rw-p 00000000 00:00 0 
7fd800863000-7fd80086b000 r-xp 00000000 08:01 1315141                    /lib/x86_64-linux-gnu/libnss_compat-2.21.so
7fd80086b000-7fd800a6a000 ---p 00008000 08:01 1315141                    /lib/x86_64-linux-gnu/libnss_compat-2.21.so
7fd800a6a000-7fd800a6b000 r--p 00007000 08:01 1315141                    /lib/x86_64-linux-gnu/libnss_compat-2.21.so
7fd800a6b000-7fd800a6c000 rw-p 00008000 08:01 1315141                    /lib/x86_64-linux-gnu/libnss_compat-2.21.so
7fd800a6c000-7fd800a76000 r-xp 00000000 08:01 2108548                    /usr/lib/jvm/java-7-oracle/jre/lib/amd64/libinstrument.so
7fd800a76000-7fd800c75000 ---p 0000a000 08:01 2108548                    /usr/lib/jvm/java-7-oracle/jre/lib/amd64/libinstrument.so
7fd800c75000-7fd800c76000 rw-p 00009000 08:01 2108548                    /usr/lib/jvm/java-7-oracle/jre/lib/amd64/libinstrument.so
7fd800c76000-7fd800c9f000 r-xp 00000000 08:01 2108501                    /usr/lib/jvm/java-7-oracle/jre/lib/amd64/libjava.so
7fd800c9f000-7fd800e9f000 ---p 00029000 08:01 2108501                    /usr/lib/jvm/java-7-oracle/jre/lib/amd64/libjava.so
7fd800e9f000-7fd800ea1000 rw-p 00029000 08:01 2108501                    /usr/lib/jvm/java-7-oracle/jre/lib/amd64/libjava.so
7fd800ea1000-7fd800eae000 r-xp 00000000 08:01 2108528                    /usr/lib/jvm/java-7-oracle/jre/lib/amd64/libverify.so
7fd800eae000-7fd8010ad000 ---p 0000d000 08:01 2108528                    /usr/lib/jvm/java-7-oracle/jre/lib/amd64/libverify.so
7fd8010ad000-7fd8010af000 rw-p 0000c000 08:01 2108528                    /usr/lib/jvm/java-7-oracle/jre/lib/amd64/libverify.so
7fd8010af000-7fd8010b6000 r-xp 00000000 08:01 1315200                    /lib/x86_64-linux-gnu/librt-2.21.so
7fd8010b6000-7fd8012b5000 ---p 00007000 08:01 1315200                    /lib/x86_64-linux-gnu/librt-2.21.so
7fd8012b5000-7fd8012b6000 r--p 00006000 08:01 1315200                    /lib/x86_64-linux-gnu/librt-2.21.so
7fd8012b6000-7fd8012b7000 rw-p 00007000 08:01 1315200                    /lib/x86_64-linux-gnu/librt-2.21.so
7fd8012b7000-7fd8013be000 r-xp 00000000 08:01 1315118                    /lib/x86_64-linux-gnu/libm-2.21.so
7fd8013be000-7fd8015bd000 ---p 00107000 08:01 1315118                    /lib/x86_64-linux-gnu/libm-2.21.so
7fd8015bd000-7fd8015be000 r--p 00106000 08:01 1315118                    /lib/x86_64-linux-gnu/libm-2.21.so
7fd8015be000-7fd8015bf000 rw-p 00107000 08:01 1315118                    /lib/x86_64-linux-gnu/libm-2.21.so
7fd8015bf000-7fd802135000 r-xp 00000000 08:01 2108555                    /usr/lib/jvm/java-7-oracle/jre/lib/amd64/server/libjvm.so
7fd802135000-7fd802334000 ---p 00b76000 08:01 2108555                    /usr/lib/jvm/java-7-oracle/jre/lib/amd64/server/libjvm.so
7fd802334000-7fd8023f8000 rw-p 00b75000 08:01 2108555                    /usr/lib/jvm/java-7-oracle/jre/lib/amd64/server/libjvm.so
7fd8023f8000-7fd802439000 rw-p 00000000 00:00 0 
7fd802439000-7fd8025f9000 r-xp 00000000 08:01 1315059                    /lib/x86_64-linux-gnu/libc-2.21.so
7fd8025f9000-7fd8027f9000 ---p 001c0000 08:01 1315059                    /lib/x86_64-linux-gnu/libc-2.21.so
7fd8027f9000-7fd8027fd000 r--p 001c0000 08:01 1315059                    /lib/x86_64-linux-gnu/libc-2.21.so
7fd8027fd000-7fd8027ff000 rw-p 001c4000 08:01 1315059                    /lib/x86_64-linux-gnu/libc-2.21.so
7fd8027ff000-7fd802803000 rw-p 00000000 00:00 0 
7fd802803000-7fd802806000 r-xp 00000000 08:01 1315076                    /lib/x86_64-linux-gnu/libdl-2.21.so
7fd802806000-7fd802a05000 ---p 00003000 08:01 1315076                    /lib/x86_64-linux-gnu/libdl-2.21.so
7fd802a05000-7fd802a06000 r--p 00002000 08:01 1315076                    /lib/x86_64-linux-gnu/libdl-2.21.so
7fd802a06000-7fd802a07000 rw-p 00003000 08:01 1315076                    /lib/x86_64-linux-gnu/libdl-2.21.so
7fd802a07000-7fd802a1c000 r-xp 00000000 08:01 2109287                    /usr/lib/jvm/java-7-oracle/lib/amd64/jli/libjli.so
7fd802a1c000-7fd802c1b000 ---p 00015000 08:01 2109287                    /usr/lib/jvm/java-7-oracle/lib/amd64/jli/libjli.so
7fd802c1b000-7fd802c1c000 rw-p 00014000 08:01 2109287                    /usr/lib/jvm/java-7-oracle/lib/amd64/jli/libjli.so
7fd802c1c000-7fd802c34000 r-xp 00000000 08:01 1315192                    /lib/x86_64-linux-gnu/libpthread-2.21.so
7fd802c34000-7fd802e34000 ---p 00018000 08:01 1315192                    /lib/x86_64-linux-gnu/libpthread-2.21.so
7fd802e34000-7fd802e35000 r--p 00018000 08:01 1315192                    /lib/x86_64-linux-gnu/libpthread-2.21.so
7fd802e35000-7fd802e36000 rw-p 00019000 08:01 1315192                    /lib/x86_64-linux-gnu/libpthread-2.21.so
7fd802e36000-7fd802e3a000 rw-p 00000000 00:00 0 
7fd802e3a000-7fd802e5e000 r-xp 00000000 08:01 1315031                    /lib/x86_64-linux-gnu/ld-2.21.so
7fd802e5e000-7fd802e5f000 rw-p 00000000 00:00 0 
7fd802e5f000-7fd802e66000 r--s 00000000 08:01 2361894                    /usr/lib/x86_64-linux-gnu/gconv/gconv-modules.cache
7fd802e66000-7fd802e75000 r--s 000dd000 08:01 1971520                    /home/germaaan/Android/Sdk/build-tools/21.1.2/lib/dx.jar
7fd802e75000-7fd802e7f000 rw-p 00000000 00:00 0 
7fd802e7f000-7fd802f35000 rw-p 00000000 00:00 0 
7fd802f35000-7fd802f38000 ---p 00000000 00:00 0 
7fd802f38000-7fd80303a000 rw-p 00000000 00:00 0                          [stack:10520]
7fd80303a000-7fd80303b000 r--s 00000000 08:01 2491414                    /usr/share/java/jayatanaag.jar
7fd80303b000-7fd803051000 rw-p 00000000 00:00 0 
7fd803051000-7fd803059000 rw-s 00000000 08:01 1708977                    /tmp/hsperfdata_germaaan/10518
7fd803059000-7fd80305a000 rw-p 00000000 00:00 0 
7fd80305a000-7fd80305b000 ---p 00000000 00:00 0 
7fd80305b000-7fd80305d000 rw-p 00000000 00:00 0 
7fd80305d000-7fd80305e000 r--p 00023000 08:01 1315031                    /lib/x86_64-linux-gnu/ld-2.21.so
7fd80305e000-7fd80305f000 rw-p 00024000 08:01 1315031                    /lib/x86_64-linux-gnu/ld-2.21.so
7fd80305f000-7fd803060000 rw-p 00000000 00:00 0 
7ffe3773d000-7ffe3775e000 rw-p 00000000 00:00 0                          [stack]
7ffe377a2000-7ffe377a4000 r--p 00000000 00:00 0                          [vvar]
7ffe377a4000-7ffe377a6000 r-xp 00000000 00:00 0                          [vdso]
ffffffffff600000-ffffffffff601000 r-xp 00000000 00:00 0                  [vsyscall]

VM Arguments:
jvm_args: -javaagent:/usr/share/java/jayatanaag.jar -Xmx1024M -Dfile.encoding=UTF-8 -Duser.country=ES -Duser.language=es -Duser.variant 
java_command: com.android.dx.command.Main --dex --output /home/germaaan/AndroidStudioProjects/Camino/app/build/intermediates/pre-dexed/debug/classes-d9f7ac9ddd6d339956b60f5458f43b369c269aa6.jar /home/germaaan/AndroidStudioProjects/Camino/app/build/intermediates/exploded-aar/com.android.support/support-v4/22.0.0/classes.jar
Launcher Type: SUN_STANDARD

Environment Variables:
JAVA_HOME=/usr/lib/jvm/java-7-oracle
JAVA_TOOL_OPTIONS=-javaagent:/usr/share/java/jayatanaag.jar 
CLASSPATH=/home/germaaan/tools/android/android-studio/bin/../lib/bootstrap.jar:/home/germaaan/tools/android/android-studio/bin/../lib/extensions.jar:/home/germaaan/tools/android/android-studio/bin/../lib/util.jar:/home/germaaan/tools/android/android-studio/bin/../lib/jdom.jar:/home/germaaan/tools/android/android-studio/bin/../lib/log4j.jar:/home/germaaan/tools/android/android-studio/bin/../lib/trove4j.jar:/home/germaaan/tools/android/android-studio/bin/../lib/jna.jar:/usr/lib/jvm/java-7-oracle/lib/tools.jar
PATH=/usr/local/sbin:/usr/local/bin:/usr/sbin:/usr/bin:/sbin:/bin:/usr/games:/usr/local/games:/usr/lib/jvm/java-7-oracle/bin:/usr/lib/jvm/java-7-oracle/db/bin:/usr/lib/jvm/java-7-oracle/jre/bin
LD_LIBRARY_PATH=/home/germaaan/tools/android/android-studio/bin:
SHELL=/bin/bash
DISPLAY=:0

Signal Handlers:
SIGSEGV: [libjvm.so+0x9a3b20], sa_mask[0]=0x7ffbfeff, sa_flags=0x10000004
SIGBUS: [libjvm.so+0x9a3b20], sa_mask[0]=0x7ffbfeff, sa_flags=0x10000004
SIGFPE: [libjvm.so+0x81e740], sa_mask[0]=0x7ffbfeff, sa_flags=0x10000004
SIGPIPE: [libjvm.so+0x81e740], sa_mask[0]=0x7ffbfeff, sa_flags=0x10000004
SIGXFSZ: [libjvm.so+0x81e740], sa_mask[0]=0x7ffbfeff, sa_flags=0x10000004
SIGILL: [libjvm.so+0x81e740], sa_mask[0]=0x7ffbfeff, sa_flags=0x10000004
SIGUSR1: SIG_DFL, sa_mask[0]=0x00000000, sa_flags=0x00000000
SIGUSR2: [libjvm.so+0x81ffb0], sa_mask[0]=0x00000004, sa_flags=0x10000004
SIGHUP: [libjvm.so+0x8210d0], sa_mask[0]=0x7ffbfeff, sa_flags=0x10000004
SIGINT: [libjvm.so+0x8210d0], sa_mask[0]=0x7ffbfeff, sa_flags=0x10000004
SIGTERM: [libjvm.so+0x8210d0], sa_mask[0]=0x7ffbfeff, sa_flags=0x10000004
SIGQUIT: [libjvm.so+0x8210d0], sa_mask[0]=0x7ffbfeff, sa_flags=0x10000004


---------------  S Y S T E M  ---------------

OS:jessie/sid

uname:Linux 3.19.0-15-generic #15-Ubuntu SMP Thu Apr 16 23:32:37 UTC 2015 x86_64
libc:glibc 2.21 NPTL 2.21 
rlimit: STACK 8192k, CORE 0k, NPROC 14832, NOFILE 65536, AS infinity
load average:27,91 8,96 3,83

/proc/meminfo:
MemTotal:        3819332 kB
MemFree:          346960 kB
MemAvailable:     309980 kB
Buffers:             628 kB
Cached:           238104 kB
SwapCached:         3184 kB
Active:          2242144 kB
Inactive:        1030808 kB
Active(anon):    2235176 kB
Inactive(anon):   987220 kB
Active(file):       6968 kB
Inactive(file):    43588 kB
Unevictable:         244 kB
Mlocked:             244 kB
SwapTotal:       1998844 kB
SwapFree:         122988 kB
Dirty:                 4 kB
Writeback:           224 kB
AnonPages:       3032424 kB
Mapped:            63516 kB
Shmem:            187540 kB
Slab:              85576 kB
SReclaimable:      44404 kB
SUnreclaim:        41172 kB
KernelStack:       12304 kB
PageTables:        55900 kB
NFS_Unstable:          0 kB
Bounce:                0 kB
WritebackTmp:          0 kB
CommitLimit:     3908508 kB
Committed_AS:   10720044 kB
VmallocTotal:   34359738367 kB
VmallocUsed:      349188 kB
VmallocChunk:   34359379932 kB
HardwareCorrupted:     0 kB
AnonHugePages:    423936 kB
CmaTotal:              0 kB
CmaFree:               0 kB
HugePages_Total:       0
HugePages_Free:        0
HugePages_Rsvd:        0
HugePages_Surp:        0
Hugepagesize:       2048 kB
DirectMap4k:      204316 kB
DirectMap2M:     3762176 kB


CPU:total 4 (2 cores per cpu, 2 threads per core) family 6 model 42 stepping 7, cmov, cx8, fxsr, mmx, sse, sse2, sse3, ssse3, sse4.1, sse4.2, popcnt, avx, aes, ht, tsc, tscinvbit

/proc/cpuinfo:
processor	: 0
vendor_id	: GenuineIntel
cpu family	: 6
model		: 42
model name	: Intel(R) Core(TM) i5-2450M CPU @ 2.50GHz
stepping	: 7
microcode	: 0x29
cpu MHz		: 2899.902
cache size	: 3072 KB
physical id	: 0
siblings	: 4
core id		: 0
cpu cores	: 2
apicid		: 0
initial apicid	: 0
fpu		: yes
fpu_exception	: yes
cpuid level	: 13
wp		: yes
flags		: fpu vme de pse tsc msr pae mce cx8 apic sep mtrr pge mca cmov pat pse36 clflush dts acpi mmx fxsr sse sse2 ss ht tm pbe syscall nx rdtscp lm constant_tsc arch_perfmon pebs bts rep_good nopl xtopology nonstop_tsc aperfmperf eagerfpu pni pclmulqdq dtes64 monitor ds_cpl vmx est tm2 ssse3 cx16 xtpr pdcm pcid sse4_1 sse4_2 x2apic popcnt tsc_deadline_timer aes xsave avx lahf_lm ida arat epb pln pts dtherm tpr_shadow vnmi flexpriority ept vpid xsaveopt
bugs		:
bogomips	: 4988.95
clflush size	: 64
cache_alignment	: 64
address sizes	: 36 bits physical, 48 bits virtual
power management:

processor	: 1
vendor_id	: GenuineIntel
cpu family	: 6
model		: 42
model name	: Intel(R) Core(TM) i5-2450M CPU @ 2.50GHz
stepping	: 7
microcode	: 0x29
cpu MHz		: 2900.000
cache size	: 3072 KB
physical id	: 0
siblings	: 4
core id		: 1
cpu cores	: 2
apicid		: 2
initial apicid	: 2
fpu		: yes
fpu_exception	: yes
cpuid level	: 13
wp		: yes
flags		: fpu vme de pse tsc msr pae mce cx8 apic sep mtrr pge mca cmov pat pse36 clflush dts acpi mmx fxsr sse sse2 ss ht tm pbe syscall nx rdtscp lm constant_tsc arch_perfmon pebs bts rep_good nopl xtopology nonstop_tsc aperfmperf eagerfpu pni pclmulqdq dtes64 monitor ds_cpl vmx est tm2 ssse3 cx16 xtpr pdcm pcid sse4_1 sse4_2 x2apic popcnt tsc_deadline_timer aes xsave avx lahf_lm ida arat epb pln pts dtherm tpr_shadow vnmi flexpriority ept vpid xsaveopt
bugs		:
bogomips	: 4988.95
clflush size	: 64
cache_alignment	: 64
address sizes	: 36 bits physical, 48 bits virtual
power management:

processor	: 2
vendor_id	: GenuineIntel
cpu family	: 6
model		: 42
model name	: Intel(R) Core(TM) i5-2450M CPU @ 2.50GHz
stepping	: 7
microcode	: 0x29
cpu MHz		: 2900.000
cache size	: 3072 KB
physical id	: 0
siblings	: 4
core id		: 0
cpu cores	: 2
apicid		: 1
initial apicid	: 1
fpu		: yes
fpu_exception	: yes
cpuid level	: 13
wp		: yes
flags		: fpu vme de pse tsc msr pae mce cx8 apic sep mtrr pge mca cmov pat pse36 clflush dts acpi mmx fxsr sse sse2 ss ht tm pbe syscall nx rdtscp lm constant_tsc arch_perfmon pebs bts rep_good nopl xtopology nonstop_tsc aperfmperf eagerfpu pni pclmulqdq dtes64 monitor ds_cpl vmx est tm2 ssse3 cx16 xtpr pdcm pcid sse4_1 sse4_2 x2apic popcnt tsc_deadline_timer aes xsave avx lahf_lm ida arat epb pln pts dtherm tpr_shadow vnmi flexpriority ept vpid xsaveopt
bugs		:
bogomips	: 4988.95
clflush size	: 64
cache_alignment	: 64
address sizes	: 36 bits physical, 48 bits virtual
power management:

processor	: 3
vendor_id	: GenuineIntel
cpu family	: 6
model		: 42
model name	: Intel(R) Core(TM) i5-2450M CPU @ 2.50GHz
stepping	: 7
microcode	: 0x29
cpu MHz		: 2900.000
cache size	: 3072 KB
physical id	: 0
siblings	: 4
core id		: 1
cpu cores	: 2
apicid		: 3
initial apicid	: 3
fpu		: yes
fpu_exception	: yes
cpuid level	: 13
wp		: yes
flags		: fpu vme de pse tsc msr pae mce cx8 apic sep mtrr pge mca cmov pat pse36 clflush dts acpi mmx fxsr sse sse2 ss ht tm pbe syscall nx rdtscp lm constant_tsc arch_perfmon pebs bts rep_good nopl xtopology nonstop_tsc aperfmperf eagerfpu pni pclmulqdq dtes64 monitor ds_cpl vmx est tm2 ssse3 cx16 xtpr pdcm pcid sse4_1 sse4_2 x2apic popcnt tsc_deadline_timer aes xsave avx lahf_lm ida arat epb pln pts dtherm tpr_shadow vnmi flexpriority ept vpid xsaveopt
bugs		:
bogomips	: 4988.95
clflush size	: 64
cache_alignment	: 64
address sizes	: 36 bits physical, 48 bits virtual
power management:



Memory: 4k page, physical 3819332k(346836k free), swap 1998844k(122996k free)

vm_info: Java HotSpot(TM) 64-Bit Server VM (24.80-b11) for linux-amd64 JRE (1.7.0_80-b15), built on Apr 10 2015 19:53:14 by "java_re" with gcc 4.3.0 20080428 (Red Hat 4.3.0-8)

time: Wed Apr 29 09:16:05 2015
elapsed time: 71 seconds

